13:11:48 INFO  : Registering command handlers for SDK TCF services
13:11:49 INFO  : Launching XSCT server: xsct.bat -interactive C:\Users\Riya_Sachdeva\Desktop\ELD_Lab\Lab10_HW\Lab10_HW.sdk\temp_xsdb_launch_script.tcl
13:11:52 INFO  : XSCT server has started successfully.
13:11:56 INFO  : Successfully done setting XSCT server connection channel  
13:11:56 INFO  : Successfully done setting SDK workspace  
13:11:56 INFO  : Processing command line option -hwspec C:/Users/Riya_Sachdeva/Desktop/ELD_Lab/Lab10_HW/Lab10_HW.sdk/design_1_wrapper.hdf.
13:12:58 INFO  : Refreshed build settings on project Lab10_HW
13:32:50 INFO  : Connected through redirection to target on host '192.168.226.142' and port '57992'.
13:32:58 INFO  : Jtag cable 'Digilent Zybo Z7 210351A78181A' is selected.
13:32:58 INFO  : 'jtag frequency' command is executed.
13:32:58 INFO  : Sourcing of 'C:/Users/Riya_Sachdeva/Desktop/ELD_Lab/Lab10_HW/Lab10_HW.sdk/design_1_wrapper_hw_platform_0/ps7_init.tcl' is done.
13:32:58 INFO  : Context for 'APU' is selected.
13:32:58 INFO  : System reset is completed.
13:33:01 INFO  : 'after 3000' command is executed.
13:33:01 INFO  : 'targets -set -filter {jtag_cable_name =~ "Digilent Zybo Z7 210351A78181A" && level==0} -index 1' command is executed.
13:33:06 INFO  : FPGA configured successfully with bitstream "C:/Users/Riya_Sachdeva/Desktop/ELD_Lab/Lab10_HW/Lab10_HW.sdk/design_1_wrapper_hw_platform_0/design_1_wrapper.bit"
13:33:06 INFO  : Context for 'APU' is selected.
13:33:06 INFO  : Hardware design information is loaded from 'C:/Users/Riya_Sachdeva/Desktop/ELD_Lab/Lab10_HW/Lab10_HW.sdk/design_1_wrapper_hw_platform_0/system.hdf'.
13:33:06 INFO  : 'configparams force-mem-access 1' command is executed.
13:33:06 INFO  : Context for 'APU' is selected.
13:33:13 INFO  : 'ps7_init' command is executed.
13:33:13 INFO  : 'ps7_post_config' command is executed.
13:33:14 INFO  : Context for processor 'ps7_cortexa9_0' is selected.
13:33:14 INFO  : The application 'C:/Users/Riya_Sachdeva/Desktop/ELD_Lab/Lab10_HW/Lab10_HW.sdk/Lab10_HW/Debug/Lab10_HW.elf' is downloaded to processor 'ps7_cortexa9_0'.
13:33:14 INFO  : 'configparams force-mem-access 0' command is executed.
13:33:14 INFO  : ----------------XSDB Script----------------
connect -path [list tcp::1534 tcp:192.168.226.142:57992]
source C:/Users/Riya_Sachdeva/Desktop/ELD_Lab/Lab10_HW/Lab10_HW.sdk/design_1_wrapper_hw_platform_0/ps7_init.tcl
targets -set -nocase -filter {name =~"APU*" && jtag_cable_name =~ "Digilent Zybo Z7 210351A78181A"} -index 0
rst -system
after 3000
targets -set -filter {jtag_cable_name =~ "Digilent Zybo Z7 210351A78181A" && level==0} -index 1
fpga -file C:/Users/Riya_Sachdeva/Desktop/ELD_Lab/Lab10_HW/Lab10_HW.sdk/design_1_wrapper_hw_platform_0/design_1_wrapper.bit
targets -set -nocase -filter {name =~"APU*" && jtag_cable_name =~ "Digilent Zybo Z7 210351A78181A"} -index 0
loadhw -hw C:/Users/Riya_Sachdeva/Desktop/ELD_Lab/Lab10_HW/Lab10_HW.sdk/design_1_wrapper_hw_platform_0/system.hdf -mem-ranges [list {0x40000000 0xbfffffff}]
configparams force-mem-access 1
targets -set -nocase -filter {name =~"APU*" && jtag_cable_name =~ "Digilent Zybo Z7 210351A78181A"} -index 0
ps7_init
ps7_post_config
targets -set -nocase -filter {name =~ "ARM*#0" && jtag_cable_name =~ "Digilent Zybo Z7 210351A78181A"} -index 0
dow C:/Users/Riya_Sachdeva/Desktop/ELD_Lab/Lab10_HW/Lab10_HW.sdk/Lab10_HW/Debug/Lab10_HW.elf
configparams force-mem-access 0
----------------End of Script----------------

13:33:14 INFO  : Memory regions updated for context APU
13:33:14 INFO  : Context for processor 'ps7_cortexa9_0' is selected.
13:33:14 INFO  : 'con' command is executed.
13:33:14 INFO  : ----------------XSDB Script (After Launch)----------------
targets -set -nocase -filter {name =~ "ARM*#0" && jtag_cable_name =~ "Digilent Zybo Z7 210351A78181A"} -index 0
con
----------------End of Script----------------

13:33:14 INFO  : Launch script is exported to file 'C:\Users\Riya_Sachdeva\Desktop\ELD_Lab\Lab10_HW\Lab10_HW.sdk\.sdk\launch_scripts\xilinx_c-c++_application_(system_debugger)\system_debugger_using_debug_lab10_hw.elf_on_remotebd.tcl'
13:42:58 INFO  : Disconnected from the channel tcfchan#1.
13:22:43 INFO  : Registering command handlers for SDK TCF services
13:22:43 INFO  : Launching XSCT server: xsct.bat -interactive C:\Users\Riya_Sachdeva\Desktop\ELD_Lab\Lab10_HW\Lab10_HW.sdk\temp_xsdb_launch_script.tcl
13:22:46 INFO  : XSCT server has started successfully.
13:22:51 INFO  : Successfully done setting XSCT server connection channel  
13:22:51 INFO  : Successfully done setting SDK workspace  
13:22:51 INFO  : Processing command line option -hwspec C:/Users/Riya_Sachdeva/Desktop/ELD_Lab/Lab10_HW/Lab10_HW.sdk/design_1_wrapper.hdf.
13:22:51 INFO  : Checking for hwspec changes in the project design_1_wrapper_hw_platform_0.
13:24:51 INFO  : Connected through redirection to target on host '192.168.226.142' and port '61439'.
13:24:58 INFO  : Jtag cable 'Digilent Zybo Z7 210351A78190A' is selected.
13:24:58 INFO  : 'jtag frequency' command is executed.
13:24:58 INFO  : Sourcing of 'C:/Users/Riya_Sachdeva/Desktop/ELD_Lab/Lab10_HW/Lab10_HW.sdk/design_1_wrapper_hw_platform_0/ps7_init.tcl' is done.
13:24:58 INFO  : Context for 'APU' is selected.
13:24:58 INFO  : System reset is completed.
13:25:01 INFO  : 'after 3000' command is executed.
13:25:02 INFO  : 'targets -set -filter {jtag_cable_name =~ "Digilent Zybo Z7 210351A78190A" && level==0} -index 1' command is executed.
13:25:03 INFO  : FPGA configured successfully with bitstream "C:/Users/Riya_Sachdeva/Desktop/ELD_Lab/Lab10_HW/Lab10_HW.sdk/design_1_wrapper_hw_platform_0/design_1_wrapper.bit"
13:25:03 INFO  : Context for 'APU' is selected.
13:25:03 INFO  : Hardware design information is loaded from 'C:/Users/Riya_Sachdeva/Desktop/ELD_Lab/Lab10_HW/Lab10_HW.sdk/design_1_wrapper_hw_platform_0/system.hdf'.
13:25:03 INFO  : 'configparams force-mem-access 1' command is executed.
13:25:03 INFO  : Context for 'APU' is selected.
13:25:06 INFO  : 'ps7_init' command is executed.
13:25:06 INFO  : 'ps7_post_config' command is executed.
13:25:06 INFO  : Context for processor 'ps7_cortexa9_0' is selected.
13:25:06 INFO  : The application 'C:/Users/Riya_Sachdeva/Desktop/ELD_Lab/Lab10_HW/Lab10_HW.sdk/Lab10_HW/Debug/Lab10_HW.elf' is downloaded to processor 'ps7_cortexa9_0'.
13:25:06 INFO  : 'configparams force-mem-access 0' command is executed.
13:25:06 INFO  : ----------------XSDB Script----------------
connect -path [list tcp::1534 tcp:192.168.226.142:61439]
source C:/Users/Riya_Sachdeva/Desktop/ELD_Lab/Lab10_HW/Lab10_HW.sdk/design_1_wrapper_hw_platform_0/ps7_init.tcl
targets -set -nocase -filter {name =~"APU*" && jtag_cable_name =~ "Digilent Zybo Z7 210351A78190A"} -index 0
rst -system
after 3000
targets -set -filter {jtag_cable_name =~ "Digilent Zybo Z7 210351A78190A" && level==0} -index 1
fpga -file C:/Users/Riya_Sachdeva/Desktop/ELD_Lab/Lab10_HW/Lab10_HW.sdk/design_1_wrapper_hw_platform_0/design_1_wrapper.bit
targets -set -nocase -filter {name =~"APU*" && jtag_cable_name =~ "Digilent Zybo Z7 210351A78190A"} -index 0
loadhw -hw C:/Users/Riya_Sachdeva/Desktop/ELD_Lab/Lab10_HW/Lab10_HW.sdk/design_1_wrapper_hw_platform_0/system.hdf -mem-ranges [list {0x40000000 0xbfffffff}]
configparams force-mem-access 1
targets -set -nocase -filter {name =~"APU*" && jtag_cable_name =~ "Digilent Zybo Z7 210351A78190A"} -index 0
ps7_init
ps7_post_config
targets -set -nocase -filter {name =~ "ARM*#0" && jtag_cable_name =~ "Digilent Zybo Z7 210351A78190A"} -index 0
dow C:/Users/Riya_Sachdeva/Desktop/ELD_Lab/Lab10_HW/Lab10_HW.sdk/Lab10_HW/Debug/Lab10_HW.elf
configparams force-mem-access 0
----------------End of Script----------------

13:25:07 INFO  : Memory regions updated for context APU
13:25:07 INFO  : Context for processor 'ps7_cortexa9_0' is selected.
13:25:07 INFO  : 'con' command is executed.
13:25:07 INFO  : ----------------XSDB Script (After Launch)----------------
targets -set -nocase -filter {name =~ "ARM*#0" && jtag_cable_name =~ "Digilent Zybo Z7 210351A78190A"} -index 0
con
----------------End of Script----------------

13:25:07 INFO  : Launch script is exported to file 'C:\Users\Riya_Sachdeva\Desktop\ELD_Lab\Lab10_HW\Lab10_HW.sdk\.sdk\launch_scripts\xilinx_c-c++_application_(system_debugger)\system_debugger_using_debug_lab10_hw.elf_on_remotebd.tcl'
13:27:23 INFO  : Disconnected from the channel tcfchan#1.
