10:04:39 INFO  : Registering command handlers for SDK TCF services
10:04:40 INFO  : Launching XSCT server: xsct.bat -interactive C:\Users\Riya_Sachdeva\Desktop\ELD_Lab\Lab10\Lab10.sdk\temp_xsdb_launch_script.tcl
10:04:43 INFO  : XSCT server has started successfully.
10:04:48 INFO  : Successfully done setting XSCT server connection channel  
10:04:48 INFO  : Successfully done setting SDK workspace  
10:04:48 INFO  : Processing command line option -hwspec C:/Users/Riya_Sachdeva/Desktop/ELD_Lab/Lab10/Lab10.sdk/design_1_wrapper.hdf.
10:29:36 INFO  : Refreshed build settings on project Lab10
17:00:17 INFO  : Registering command handlers for SDK TCF services
17:00:17 INFO  : Launching XSCT server: xsct.bat -interactive C:\Users\Riya_Sachdeva\Desktop\ELD_Lab\Lab10\Lab10.sdk\temp_xsdb_launch_script.tcl
17:00:21 INFO  : XSCT server has started successfully.
17:00:21 INFO  : Successfully done setting XSCT server connection channel  
17:00:26 INFO  : Successfully done setting SDK workspace  
17:00:26 INFO  : Processing command line option -hwspec C:/Users/Riya_Sachdeva/Desktop/ELD_Lab/Lab10/Lab10.sdk/design_1_wrapper.hdf.
17:00:27 INFO  : Checking for hwspec changes in the project design_1_wrapper_hw_platform_0.
17:17:46 INFO  : Connected through redirection to target on host '192.168.226.142' and port '50576'.
17:17:54 INFO  : Jtag cable 'Digilent Zybo Z7 210351A78190A' is selected.
17:17:54 INFO  : 'jtag frequency' command is executed.
17:17:54 INFO  : Sourcing of 'C:/Users/Riya_Sachdeva/Desktop/ELD_Lab/Lab10/Lab10.sdk/design_1_wrapper_hw_platform_0/ps7_init.tcl' is done.
17:17:54 INFO  : Context for 'APU' is selected.
17:17:54 INFO  : System reset is completed.
17:17:57 INFO  : 'after 3000' command is executed.
17:17:58 INFO  : 'targets -set -filter {jtag_cable_name =~ "Digilent Zybo Z7 210351A78190A" && level==0} -index 1' command is executed.
17:17:59 INFO  : FPGA configured successfully with bitstream "C:/Users/Riya_Sachdeva/Desktop/ELD_Lab/Lab10/Lab10.sdk/design_1_wrapper_hw_platform_0/design_1_wrapper.bit"
17:17:59 INFO  : Context for 'APU' is selected.
17:17:59 INFO  : Hardware design information is loaded from 'C:/Users/Riya_Sachdeva/Desktop/ELD_Lab/Lab10/Lab10.sdk/design_1_wrapper_hw_platform_0/system.hdf'.
17:17:59 INFO  : 'configparams force-mem-access 1' command is executed.
17:17:59 INFO  : Context for 'APU' is selected.
17:18:01 INFO  : 'ps7_init' command is executed.
17:18:01 INFO  : 'ps7_post_config' command is executed.
17:18:01 INFO  : Context for processor 'ps7_cortexa9_0' is selected.
17:18:01 INFO  : The application 'C:/Users/Riya_Sachdeva/Desktop/ELD_Lab/Lab10/Lab10.sdk/Lab10/Debug/Lab10.elf' is downloaded to processor 'ps7_cortexa9_0'.
17:18:01 INFO  : 'configparams force-mem-access 0' command is executed.
17:18:01 INFO  : ----------------XSDB Script----------------
connect -path [list tcp::1534 tcp:192.168.226.142:50576]
source C:/Users/Riya_Sachdeva/Desktop/ELD_Lab/Lab10/Lab10.sdk/design_1_wrapper_hw_platform_0/ps7_init.tcl
targets -set -nocase -filter {name =~"APU*" && jtag_cable_name =~ "Digilent Zybo Z7 210351A78190A"} -index 0
rst -system
after 3000
targets -set -filter {jtag_cable_name =~ "Digilent Zybo Z7 210351A78190A" && level==0} -index 1
fpga -file C:/Users/Riya_Sachdeva/Desktop/ELD_Lab/Lab10/Lab10.sdk/design_1_wrapper_hw_platform_0/design_1_wrapper.bit
targets -set -nocase -filter {name =~"APU*" && jtag_cable_name =~ "Digilent Zybo Z7 210351A78190A"} -index 0
loadhw -hw C:/Users/Riya_Sachdeva/Desktop/ELD_Lab/Lab10/Lab10.sdk/design_1_wrapper_hw_platform_0/system.hdf -mem-ranges [list {0x40000000 0xbfffffff}]
configparams force-mem-access 1
targets -set -nocase -filter {name =~"APU*" && jtag_cable_name =~ "Digilent Zybo Z7 210351A78190A"} -index 0
ps7_init
ps7_post_config
targets -set -nocase -filter {name =~ "ARM*#0" && jtag_cable_name =~ "Digilent Zybo Z7 210351A78190A"} -index 0
dow C:/Users/Riya_Sachdeva/Desktop/ELD_Lab/Lab10/Lab10.sdk/Lab10/Debug/Lab10.elf
configparams force-mem-access 0
----------------End of Script----------------

17:18:02 INFO  : Memory regions updated for context APU
17:18:02 INFO  : Context for processor 'ps7_cortexa9_0' is selected.
17:18:02 INFO  : 'con' command is executed.
17:18:02 INFO  : ----------------XSDB Script (After Launch)----------------
targets -set -nocase -filter {name =~ "ARM*#0" && jtag_cable_name =~ "Digilent Zybo Z7 210351A78190A"} -index 0
con
----------------End of Script----------------

17:18:02 INFO  : Launch script is exported to file 'C:\Users\Riya_Sachdeva\Desktop\ELD_Lab\Lab10\Lab10.sdk\.sdk\launch_scripts\xilinx_c-c++_application_(system_debugger)\system_debugger_using_debug_lab10.elf_on_remotebd.tcl'
17:20:38 INFO  : Disconnected from the channel tcfchan#1.
17:20:39 INFO  : Connected through redirection to target on host '192.168.226.142' and port '50576'.
17:20:39 INFO  : Jtag cable 'Digilent Zybo Z7 210351A78190A' is selected.
17:20:39 INFO  : 'jtag frequency' command is executed.
17:20:39 INFO  : Sourcing of 'C:/Users/Riya_Sachdeva/Desktop/ELD_Lab/Lab10/Lab10.sdk/design_1_wrapper_hw_platform_0/ps7_init.tcl' is done.
17:20:39 INFO  : Context for 'APU' is selected.
17:20:40 INFO  : System reset is completed.
17:20:43 INFO  : 'after 3000' command is executed.
17:20:43 INFO  : 'targets -set -filter {jtag_cable_name =~ "Digilent Zybo Z7 210351A78190A" && level==0} -index 1' command is executed.
17:20:44 INFO  : FPGA configured successfully with bitstream "C:/Users/Riya_Sachdeva/Desktop/ELD_Lab/Lab10/Lab10.sdk/design_1_wrapper_hw_platform_0/design_1_wrapper.bit"
17:20:44 INFO  : Context for 'APU' is selected.
17:20:46 INFO  : Hardware design information is loaded from 'C:/Users/Riya_Sachdeva/Desktop/ELD_Lab/Lab10/Lab10.sdk/design_1_wrapper_hw_platform_0/system.hdf'.
17:20:46 INFO  : 'configparams force-mem-access 1' command is executed.
17:20:46 INFO  : Context for 'APU' is selected.
17:20:48 INFO  : 'ps7_init' command is executed.
17:20:48 INFO  : 'ps7_post_config' command is executed.
17:20:48 INFO  : Context for processor 'ps7_cortexa9_0' is selected.
17:20:48 INFO  : The application 'C:/Users/Riya_Sachdeva/Desktop/ELD_Lab/Lab10/Lab10.sdk/Lab10/Debug/Lab10.elf' is downloaded to processor 'ps7_cortexa9_0'.
17:20:48 INFO  : 'configparams force-mem-access 0' command is executed.
17:20:48 INFO  : ----------------XSDB Script----------------
connect -path [list tcp::1534 tcp:192.168.226.142:50576]
source C:/Users/Riya_Sachdeva/Desktop/ELD_Lab/Lab10/Lab10.sdk/design_1_wrapper_hw_platform_0/ps7_init.tcl
targets -set -nocase -filter {name =~"APU*" && jtag_cable_name =~ "Digilent Zybo Z7 210351A78190A"} -index 0
rst -system
after 3000
targets -set -filter {jtag_cable_name =~ "Digilent Zybo Z7 210351A78190A" && level==0} -index 1
fpga -file C:/Users/Riya_Sachdeva/Desktop/ELD_Lab/Lab10/Lab10.sdk/design_1_wrapper_hw_platform_0/design_1_wrapper.bit
targets -set -nocase -filter {name =~"APU*" && jtag_cable_name =~ "Digilent Zybo Z7 210351A78190A"} -index 0
loadhw -hw C:/Users/Riya_Sachdeva/Desktop/ELD_Lab/Lab10/Lab10.sdk/design_1_wrapper_hw_platform_0/system.hdf -mem-ranges [list {0x40000000 0xbfffffff}]
configparams force-mem-access 1
targets -set -nocase -filter {name =~"APU*" && jtag_cable_name =~ "Digilent Zybo Z7 210351A78190A"} -index 0
ps7_init
ps7_post_config
targets -set -nocase -filter {name =~ "ARM*#0" && jtag_cable_name =~ "Digilent Zybo Z7 210351A78190A"} -index 0
dow C:/Users/Riya_Sachdeva/Desktop/ELD_Lab/Lab10/Lab10.sdk/Lab10/Debug/Lab10.elf
configparams force-mem-access 0
----------------End of Script----------------

17:20:48 INFO  : Memory regions updated for context APU
17:20:48 INFO  : Context for processor 'ps7_cortexa9_0' is selected.
17:20:48 INFO  : 'con' command is executed.
17:20:48 INFO  : ----------------XSDB Script (After Launch)----------------
targets -set -nocase -filter {name =~ "ARM*#0" && jtag_cable_name =~ "Digilent Zybo Z7 210351A78190A"} -index 0
con
----------------End of Script----------------

17:20:48 INFO  : Launch script is exported to file 'C:\Users\Riya_Sachdeva\Desktop\ELD_Lab\Lab10\Lab10.sdk\.sdk\launch_scripts\xilinx_c-c++_application_(system_debugger)\system_debugger_using_debug_lab10.elf_on_remotebd.tcl'
17:31:26 INFO  : Disconnected from the channel tcfchan#2.
17:32:25 INFO  : Connected to target on host '127.0.0.1' and port '3121'.
17:32:25 INFO  : Jtag cable 'Digilent Zybo Z7 210351A7817AA' is selected.
17:32:25 INFO  : 'jtag frequency' command is executed.
17:32:25 INFO  : Sourcing of 'C:/Users/Riya_Sachdeva/Desktop/ELD_Lab/Lab10/Lab10.sdk/design_1_wrapper_hw_platform_0/ps7_init.tcl' is done.
17:32:25 INFO  : Context for 'APU' is selected.
17:32:25 INFO  : System reset is completed.
17:32:28 INFO  : 'after 3000' command is executed.
17:32:29 INFO  : 'targets -set -filter {jtag_cable_name =~ "Digilent Zybo Z7 210351A7817AA" && level==0} -index 1' command is executed.
17:32:30 INFO  : FPGA configured successfully with bitstream "C:/Users/Riya_Sachdeva/Desktop/ELD_Lab/Lab10/Lab10.sdk/design_1_wrapper_hw_platform_0/design_1_wrapper.bit"
17:32:30 INFO  : Context for 'APU' is selected.
17:32:30 INFO  : Hardware design information is loaded from 'C:/Users/Riya_Sachdeva/Desktop/ELD_Lab/Lab10/Lab10.sdk/design_1_wrapper_hw_platform_0/system.hdf'.
17:32:30 INFO  : 'configparams force-mem-access 1' command is executed.
17:32:30 INFO  : Context for 'APU' is selected.
17:32:31 INFO  : 'ps7_init' command is executed.
17:32:31 INFO  : 'ps7_post_config' command is executed.
17:32:31 INFO  : Context for processor 'ps7_cortexa9_0' is selected.
17:32:31 INFO  : The application 'C:/Users/Riya_Sachdeva/Desktop/ELD_Lab/Lab10/Lab10.sdk/Lab10/Debug/Lab10.elf' is downloaded to processor 'ps7_cortexa9_0'.
17:32:31 INFO  : 'configparams force-mem-access 0' command is executed.
17:32:31 INFO  : ----------------XSDB Script----------------
connect -url tcp:127.0.0.1:3121
source C:/Users/Riya_Sachdeva/Desktop/ELD_Lab/Lab10/Lab10.sdk/design_1_wrapper_hw_platform_0/ps7_init.tcl
targets -set -nocase -filter {name =~"APU*" && jtag_cable_name =~ "Digilent Zybo Z7 210351A7817AA"} -index 0
rst -system
after 3000
targets -set -filter {jtag_cable_name =~ "Digilent Zybo Z7 210351A7817AA" && level==0} -index 1
fpga -file C:/Users/Riya_Sachdeva/Desktop/ELD_Lab/Lab10/Lab10.sdk/design_1_wrapper_hw_platform_0/design_1_wrapper.bit
targets -set -nocase -filter {name =~"APU*" && jtag_cable_name =~ "Digilent Zybo Z7 210351A7817AA"} -index 0
loadhw -hw C:/Users/Riya_Sachdeva/Desktop/ELD_Lab/Lab10/Lab10.sdk/design_1_wrapper_hw_platform_0/system.hdf -mem-ranges [list {0x40000000 0xbfffffff}]
configparams force-mem-access 1
targets -set -nocase -filter {name =~"APU*" && jtag_cable_name =~ "Digilent Zybo Z7 210351A7817AA"} -index 0
ps7_init
ps7_post_config
targets -set -nocase -filter {name =~ "ARM*#0" && jtag_cable_name =~ "Digilent Zybo Z7 210351A7817AA"} -index 0
dow C:/Users/Riya_Sachdeva/Desktop/ELD_Lab/Lab10/Lab10.sdk/Lab10/Debug/Lab10.elf
configparams force-mem-access 0
----------------End of Script----------------

17:32:31 INFO  : Memory regions updated for context APU
17:32:31 INFO  : Context for processor 'ps7_cortexa9_0' is selected.
17:32:31 INFO  : 'con' command is executed.
17:32:31 INFO  : ----------------XSDB Script (After Launch)----------------
targets -set -nocase -filter {name =~ "ARM*#0" && jtag_cable_name =~ "Digilent Zybo Z7 210351A7817AA"} -index 0
con
----------------End of Script----------------

17:32:31 INFO  : Launch script is exported to file 'C:\Users\Riya_Sachdeva\Desktop\ELD_Lab\Lab10\Lab10.sdk\.sdk\launch_scripts\xilinx_c-c++_application_(system_debugger)\system_debugger_using_debug_lab10.elf_on_local.tcl'
17:36:28 INFO  : Disconnected from the channel tcfchan#3.
17:36:29 INFO  : Connected to target on host '127.0.0.1' and port '3121'.
17:36:30 INFO  : Jtag cable 'Digilent Zybo Z7 210351A7817AA' is selected.
17:36:30 INFO  : 'jtag frequency' command is executed.
17:36:30 INFO  : Sourcing of 'C:/Users/Riya_Sachdeva/Desktop/ELD_Lab/Lab10/Lab10.sdk/design_1_wrapper_hw_platform_0/ps7_init.tcl' is done.
17:36:30 INFO  : Context for 'APU' is selected.
17:36:30 INFO  : System reset is completed.
17:36:33 INFO  : 'after 3000' command is executed.
17:36:33 INFO  : 'targets -set -filter {jtag_cable_name =~ "Digilent Zybo Z7 210351A7817AA" && level==0} -index 1' command is executed.
17:36:34 INFO  : FPGA configured successfully with bitstream "C:/Users/Riya_Sachdeva/Desktop/ELD_Lab/Lab10/Lab10.sdk/design_1_wrapper_hw_platform_0/design_1_wrapper.bit"
17:36:34 INFO  : Context for 'APU' is selected.
17:36:36 INFO  : Hardware design information is loaded from 'C:/Users/Riya_Sachdeva/Desktop/ELD_Lab/Lab10/Lab10.sdk/design_1_wrapper_hw_platform_0/system.hdf'.
17:36:36 INFO  : 'configparams force-mem-access 1' command is executed.
17:36:36 INFO  : Context for 'APU' is selected.
17:36:37 INFO  : 'ps7_init' command is executed.
17:36:37 INFO  : 'ps7_post_config' command is executed.
17:36:37 INFO  : Context for processor 'ps7_cortexa9_0' is selected.
17:36:37 INFO  : The application 'C:/Users/Riya_Sachdeva/Desktop/ELD_Lab/Lab10/Lab10.sdk/Lab10/Debug/Lab10.elf' is downloaded to processor 'ps7_cortexa9_0'.
17:36:37 INFO  : 'configparams force-mem-access 0' command is executed.
17:36:37 INFO  : ----------------XSDB Script----------------
connect -url tcp:127.0.0.1:3121
source C:/Users/Riya_Sachdeva/Desktop/ELD_Lab/Lab10/Lab10.sdk/design_1_wrapper_hw_platform_0/ps7_init.tcl
targets -set -nocase -filter {name =~"APU*" && jtag_cable_name =~ "Digilent Zybo Z7 210351A7817AA"} -index 0
rst -system
after 3000
targets -set -filter {jtag_cable_name =~ "Digilent Zybo Z7 210351A7817AA" && level==0} -index 1
fpga -file C:/Users/Riya_Sachdeva/Desktop/ELD_Lab/Lab10/Lab10.sdk/design_1_wrapper_hw_platform_0/design_1_wrapper.bit
targets -set -nocase -filter {name =~"APU*" && jtag_cable_name =~ "Digilent Zybo Z7 210351A7817AA"} -index 0
loadhw -hw C:/Users/Riya_Sachdeva/Desktop/ELD_Lab/Lab10/Lab10.sdk/design_1_wrapper_hw_platform_0/system.hdf -mem-ranges [list {0x40000000 0xbfffffff}]
configparams force-mem-access 1
targets -set -nocase -filter {name =~"APU*" && jtag_cable_name =~ "Digilent Zybo Z7 210351A7817AA"} -index 0
ps7_init
ps7_post_config
targets -set -nocase -filter {name =~ "ARM*#0" && jtag_cable_name =~ "Digilent Zybo Z7 210351A7817AA"} -index 0
dow C:/Users/Riya_Sachdeva/Desktop/ELD_Lab/Lab10/Lab10.sdk/Lab10/Debug/Lab10.elf
configparams force-mem-access 0
----------------End of Script----------------

17:36:37 INFO  : Memory regions updated for context APU
17:36:37 INFO  : Context for processor 'ps7_cortexa9_0' is selected.
17:36:37 INFO  : 'con' command is executed.
17:36:37 INFO  : ----------------XSDB Script (After Launch)----------------
targets -set -nocase -filter {name =~ "ARM*#0" && jtag_cable_name =~ "Digilent Zybo Z7 210351A7817AA"} -index 0
con
----------------End of Script----------------

17:36:38 INFO  : Launch script is exported to file 'C:\Users\Riya_Sachdeva\Desktop\ELD_Lab\Lab10\Lab10.sdk\.sdk\launch_scripts\xilinx_c-c++_application_(system_debugger)\system_debugger_using_debug_lab10.elf_on_local.tcl'
18:02:45 INFO  : Disconnected from the channel tcfchan#4.
18:02:47 INFO  : Connected through redirection to target on host '192.168.226.142' and port '52987'.
18:02:55 INFO  : Jtag cable 'Digilent Zybo Z7 210351A78181A' is selected.
18:02:55 INFO  : 'jtag frequency' command is executed.
18:02:55 INFO  : Sourcing of 'C:/Users/Riya_Sachdeva/Desktop/ELD_Lab/Lab10/Lab10.sdk/design_1_wrapper_hw_platform_0/ps7_init.tcl' is done.
18:02:56 INFO  : Context for 'APU' is selected.
18:02:56 INFO  : System reset is completed.
18:02:59 INFO  : 'after 3000' command is executed.
18:02:59 INFO  : 'targets -set -filter {jtag_cable_name =~ "Digilent Zybo Z7 210351A78181A" && level==0} -index 1' command is executed.
18:03:00 INFO  : FPGA configured successfully with bitstream "C:/Users/Riya_Sachdeva/Desktop/ELD_Lab/Lab10/Lab10.sdk/design_1_wrapper_hw_platform_0/design_1_wrapper.bit"
18:03:00 INFO  : Context for 'APU' is selected.
18:03:02 INFO  : Hardware design information is loaded from 'C:/Users/Riya_Sachdeva/Desktop/ELD_Lab/Lab10/Lab10.sdk/design_1_wrapper_hw_platform_0/system.hdf'.
18:03:02 INFO  : 'configparams force-mem-access 1' command is executed.
18:03:02 INFO  : Context for 'APU' is selected.
18:03:05 INFO  : 'ps7_init' command is executed.
18:03:05 INFO  : 'ps7_post_config' command is executed.
18:03:05 INFO  : Context for processor 'ps7_cortexa9_0' is selected.
18:03:05 INFO  : The application 'C:/Users/Riya_Sachdeva/Desktop/ELD_Lab/Lab10/Lab10.sdk/Lab10/Debug/Lab10.elf' is downloaded to processor 'ps7_cortexa9_0'.
18:03:05 INFO  : 'configparams force-mem-access 0' command is executed.
18:03:05 INFO  : ----------------XSDB Script----------------
connect -path [list tcp::1534 tcp:192.168.226.142:52987]
source C:/Users/Riya_Sachdeva/Desktop/ELD_Lab/Lab10/Lab10.sdk/design_1_wrapper_hw_platform_0/ps7_init.tcl
targets -set -nocase -filter {name =~"APU*" && jtag_cable_name =~ "Digilent Zybo Z7 210351A78181A"} -index 0
rst -system
after 3000
targets -set -filter {jtag_cable_name =~ "Digilent Zybo Z7 210351A78181A" && level==0} -index 1
fpga -file C:/Users/Riya_Sachdeva/Desktop/ELD_Lab/Lab10/Lab10.sdk/design_1_wrapper_hw_platform_0/design_1_wrapper.bit
targets -set -nocase -filter {name =~"APU*" && jtag_cable_name =~ "Digilent Zybo Z7 210351A78181A"} -index 0
loadhw -hw C:/Users/Riya_Sachdeva/Desktop/ELD_Lab/Lab10/Lab10.sdk/design_1_wrapper_hw_platform_0/system.hdf -mem-ranges [list {0x40000000 0xbfffffff}]
configparams force-mem-access 1
targets -set -nocase -filter {name =~"APU*" && jtag_cable_name =~ "Digilent Zybo Z7 210351A78181A"} -index 0
ps7_init
ps7_post_config
targets -set -nocase -filter {name =~ "ARM*#0" && jtag_cable_name =~ "Digilent Zybo Z7 210351A78181A"} -index 0
dow C:/Users/Riya_Sachdeva/Desktop/ELD_Lab/Lab10/Lab10.sdk/Lab10/Debug/Lab10.elf
configparams force-mem-access 0
----------------End of Script----------------

18:03:05 INFO  : Memory regions updated for context APU
18:03:05 INFO  : Context for processor 'ps7_cortexa9_0' is selected.
18:03:05 INFO  : 'con' command is executed.
18:03:05 INFO  : ----------------XSDB Script (After Launch)----------------
targets -set -nocase -filter {name =~ "ARM*#0" && jtag_cable_name =~ "Digilent Zybo Z7 210351A78181A"} -index 0
con
----------------End of Script----------------

18:03:05 INFO  : Launch script is exported to file 'C:\Users\Riya_Sachdeva\Desktop\ELD_Lab\Lab10\Lab10.sdk\.sdk\launch_scripts\xilinx_c-c++_application_(system_debugger)\system_debugger_using_debug_lab10.elf_on_remotebd.tcl'
18:18:29 INFO  : Disconnected from the channel tcfchan#5.
