09:38:38 INFO  : Registering command handlers for SDK TCF services
09:38:39 INFO  : Launching XSCT server: xsct.bat -interactive C:\Users\Riya_Sachdeva\Desktop\ELD_Lab\Lab8_ARM_Processor\Lab8_ARM_Processor.sdk\temp_xsdb_launch_script.tcl
09:38:42 INFO  : XSCT server has started successfully.
09:38:46 INFO  : Successfully done setting XSCT server connection channel  
09:38:46 INFO  : Successfully done setting SDK workspace  
09:38:46 INFO  : Processing command line option -hwspec C:/Users/Riya_Sachdeva/Desktop/ELD_Lab/Lab8_ARM_Processor/Lab8_ARM_Processor.sdk/design_1_wrapper.hdf.
09:56:56 INFO  : Connected to target on host '127.0.0.1' and port '3121'.
09:57:15 INFO  : ----------------XSDB Script----------------
connect -url tcp:127.0.0.1:3121
----------------End of Script----------------

09:59:41 INFO  : Connected to target on host '127.0.0.1' and port '3121'.
09:59:59 INFO  : ----------------XSDB Script----------------
connect -url tcp:127.0.0.1:3121
----------------End of Script----------------

10:07:14 INFO  : Refreshed build settings on project Lab8
10:08:19 INFO  : Connected to target on host '127.0.0.1' and port '3121'.
10:08:37 INFO  : ----------------XSDB Script----------------
connect -url tcp:127.0.0.1:3121
----------------End of Script----------------

10:11:12 INFO  : Connected through redirection to target on host '192.168.226.142' and port '62653'.
10:11:35 INFO  : ----------------XSDB Script----------------
connect -path [list tcp::1534 tcp:192.168.226.142:62653]
----------------End of Script----------------

10:12:26 INFO  : Connected through redirection to target on host '192.168.226.142' and port '62653'.
10:12:34 INFO  : Jtag cable 'Digilent Zybo Z7 210351A77B93A' is selected.
10:12:34 INFO  : 'jtag frequency' command is executed.
10:12:34 INFO  : Sourcing of 'C:/Users/Riya_Sachdeva/Desktop/ELD_Lab/Lab8_ARM_Processor/Lab8_ARM_Processor.sdk/design_1_wrapper_hw_platform_0/ps7_init.tcl' is done.
10:12:35 INFO  : Context for 'APU' is selected.
10:12:36 INFO  : System reset is completed.
10:12:39 INFO  : 'after 3000' command is executed.
10:12:39 INFO  : Context for 'APU' is selected.
10:12:39 INFO  : Hardware design information is loaded from 'C:/Users/Riya_Sachdeva/Desktop/ELD_Lab/Lab8_ARM_Processor/Lab8_ARM_Processor.sdk/design_1_wrapper_hw_platform_0/system.hdf'.
10:12:39 INFO  : 'configparams force-mem-access 1' command is executed.
10:12:39 INFO  : Context for 'APU' is selected.
10:12:40 INFO  : 'ps7_init' command is executed.
10:12:40 INFO  : 'ps7_post_config' command is executed.
10:12:40 INFO  : Context for processor 'ps7_cortexa9_0' is selected.
10:12:41 INFO  : The application 'C:/Users/Riya_Sachdeva/Desktop/ELD_Lab/Lab8_ARM_Processor/Lab8_ARM_Processor.sdk/Lab8/Debug/Lab8.elf' is downloaded to processor 'ps7_cortexa9_0'.
10:12:41 INFO  : 'configparams force-mem-access 0' command is executed.
10:12:41 INFO  : ----------------XSDB Script----------------
connect -path [list tcp::1534 tcp:192.168.226.142:62653]
source C:/Users/Riya_Sachdeva/Desktop/ELD_Lab/Lab8_ARM_Processor/Lab8_ARM_Processor.sdk/design_1_wrapper_hw_platform_0/ps7_init.tcl
targets -set -nocase -filter {name =~"APU*" && jtag_cable_name =~ "Digilent Zybo Z7 210351A77B93A"} -index 0
rst -system
after 3000
targets -set -nocase -filter {name =~"APU*" && jtag_cable_name =~ "Digilent Zybo Z7 210351A77B93A"} -index 0
loadhw -hw C:/Users/Riya_Sachdeva/Desktop/ELD_Lab/Lab8_ARM_Processor/Lab8_ARM_Processor.sdk/design_1_wrapper_hw_platform_0/system.hdf -mem-ranges [list {0x40000000 0xbfffffff}]
configparams force-mem-access 1
targets -set -nocase -filter {name =~"APU*" && jtag_cable_name =~ "Digilent Zybo Z7 210351A77B93A"} -index 0
ps7_init
ps7_post_config
targets -set -nocase -filter {name =~ "ARM*#0" && jtag_cable_name =~ "Digilent Zybo Z7 210351A77B93A"} -index 0
dow C:/Users/Riya_Sachdeva/Desktop/ELD_Lab/Lab8_ARM_Processor/Lab8_ARM_Processor.sdk/Lab8/Debug/Lab8.elf
configparams force-mem-access 0
----------------End of Script----------------

10:12:41 INFO  : Context for processor 'ps7_cortexa9_0' is selected.
10:12:41 INFO  : 'con' command is executed.
10:12:41 INFO  : ----------------XSDB Script (After Launch)----------------
targets -set -nocase -filter {name =~ "ARM*#0" && jtag_cable_name =~ "Digilent Zybo Z7 210351A77B93A"} -index 0
con
----------------End of Script----------------

10:12:41 INFO  : Launch script is exported to file 'C:\Users\Riya_Sachdeva\Desktop\ELD_Lab\Lab8_ARM_Processor\Lab8_ARM_Processor.sdk\.sdk\launch_scripts\xilinx_c-c++_application_(system_debugger)\system_debugger_using_debug_lab8.elf_on_local.tcl'
10:15:33 WARN  : channel "tcfchan#2" closed
