#-----------------------------------------------------------
# Vivado v2019.1 (64-bit)
# SW Build 2552052 on Fri May 24 14:49:42 MDT 2019
# IP Build 2548770 on Fri May 24 18:01:18 MDT 2019
# Start of session at: Tue Nov 21 10:04:27 2023
# Process ID: 17444
# Current directory: C:/Users/Riya_Sachdeva/Desktop/ELD_Lab/Lab11_Multi_Stream
# Command line: vivado.exe -gui_launcher_event rodinguilauncherevent6588 C:\Users\Riya_Sachdeva\Desktop\ELD_Lab\Lab11_Multi_Stream\Lab11_Multi_Stream.xpr
# Log file: C:/Users/Riya_Sachdeva/Desktop/ELD_Lab/Lab11_Multi_Stream/vivado.log
# Journal file: C:/Users/Riya_Sachdeva/Desktop/ELD_Lab/Lab11_Multi_Stream\vivado.jou
#-----------------------------------------------------------
start_gui
open_project C:/Users/Riya_Sachdeva/Desktop/ELD_Lab/Lab11_Multi_Stream/Lab11_Multi_Stream.xpr
Scanning sources...
Finished scanning sources
INFO: [IP_Flow 19-234] Refreshing IP repositories
INFO: [IP_Flow 19-1704] No user IP repositories specified
INFO: [IP_Flow 19-2313] Loaded Vivado IP repository 'C:/Xilinx/Vivado/2019.1/data/ip'.
open_project: Time (s): cpu = 00:00:10 ; elapsed = 00:00:13 . Memory (MB): peak = 1031.312 ; gain = 147.641
update_compile_order -fileset sources_1
open_hw
INFO: [Labtools 27-2285] Connecting to hw_server url TCP:192.168.226.142:58183
connect_hw_server -url 192.168.226.142:58183
INFO: [Labtools 27-2285] Connecting to hw_server url TCP:192.168.226.142:58183
current_hw_target [get_hw_targets */xilinx_tcf/Digilent/210351A78181A]
set_property PARAM.FREQUENCY 15000000 [get_hw_targets */xilinx_tcf/Digilent/210351A78181A]
open_hw_target
INFO: [Labtoolstcl 44-466] Opening hw_target 192.168.226.142:58183/xilinx_tcf/Digilent/210351A78181A
set_property PROGRAM.FILE {C:/Users/Riya_Sachdeva/Desktop/ELD_Lab/Lab11_Multi_Stream/Lab11_Multi_Stream.runs/impl_1/design_1_wrapper.bit} [get_hw_devices xc7z010_1]
set_property PROBES.FILE {C:/Users/Riya_Sachdeva/Desktop/ELD_Lab/Lab11_Multi_Stream/Lab11_Multi_Stream.runs/impl_1/design_1_wrapper.ltx} [get_hw_devices xc7z010_1]
set_property FULL_PROBES.FILE {C:/Users/Riya_Sachdeva/Desktop/ELD_Lab/Lab11_Multi_Stream/Lab11_Multi_Stream.runs/impl_1/design_1_wrapper.ltx} [get_hw_devices xc7z010_1]
current_hw_device [get_hw_devices xc7z010_1]
refresh_hw_device [lindex [get_hw_devices xc7z010_1] 0]
INFO: [Labtools 27-1435] Device xc7z010 (JTAG device index = 1) is not programmed (DONE status = 0).
set_property PROBES.FILE {C:/Users/Riya_Sachdeva/Desktop/ELD_Lab/Lab11_Multi_Stream/Lab11_Multi_Stream.runs/impl_1/design_1_wrapper.ltx} [get_hw_devices xc7z010_1]
set_property FULL_PROBES.FILE {C:/Users/Riya_Sachdeva/Desktop/ELD_Lab/Lab11_Multi_Stream/Lab11_Multi_Stream.runs/impl_1/design_1_wrapper.ltx} [get_hw_devices xc7z010_1]
set_property PROGRAM.FILE {C:/Users/Riya_Sachdeva/Desktop/ELD_Lab/Lab11_Multi_Stream/Lab11_Multi_Stream.runs/impl_1/design_1_wrapper.bit} [get_hw_devices xc7z010_1]
program_hw_devices [get_hw_devices xc7z010_1]
INFO: [Labtools 27-3164] End of startup status: HIGH
refresh_hw_device [lindex [get_hw_devices xc7z010_1] 0]
WARNING: [Xicom 50-38] xicom: No CseXsdb register file specified for CseXsdb slave type: 0, cse driver version: 0. Slave initialization skipped.
INFO: [Labtools 27-1434] Device xc7z010 (JTAG device index = 1) is programmed with a design that has no supported debug core(s) in it.
WARNING: [Labtools 27-3361] The debug hub core was not detected.
Resolution: 
1. Make sure the clock connected to the debug hub (dbg_hub) core is a free running clock and is active.
2. Make sure the BSCAN_SWITCH_USER_MASK device property in Vivado Hardware Manager reflects the user scan chain setting in the design and refresh the device.  To determine the user scan chain setting in the design, open the implemented design and use 'get_property C_USER_SCAN_CHAIN [get_debug_cores dbg_hub]'.
For more details on setting the scan chain property, consult the Vivado Debug and Programming User Guide (UG908).
WARNING: [Labtools 27-3413] Dropping logic core with cellname:'design_1_i/system_ila_0/inst/ila_lib' at location 'uuid_CD4C83C823A6596D99AD09BE1335C6B0' from probes file, since it cannot be found on the programmed device.
set_property PROBES.FILE {C:/Users/Riya_Sachdeva/Desktop/ELD_Lab/Lab11_Multi_Stream/Lab11_Multi_Stream.runs/impl_1/design_1_wrapper.ltx} [get_hw_devices xc7z010_1]
set_property FULL_PROBES.FILE {C:/Users/Riya_Sachdeva/Desktop/ELD_Lab/Lab11_Multi_Stream/Lab11_Multi_Stream.runs/impl_1/design_1_wrapper.ltx} [get_hw_devices xc7z010_1]
set_property PROGRAM.FILE {C:/Users/Riya_Sachdeva/Desktop/ELD_Lab/Lab11_Multi_Stream/Lab11_Multi_Stream.runs/impl_1/design_1_wrapper.bit} [get_hw_devices xc7z010_1]
program_hw_devices [get_hw_devices xc7z010_1]
INFO: [Labtools 27-3164] End of startup status: HIGH
refresh_hw_device [lindex [get_hw_devices xc7z010_1] 0]
WARNING: [Xicom 50-38] xicom: No CseXsdb register file specified for CseXsdb slave type: 0, cse driver version: 0. Slave initialization skipped.
INFO: [Labtools 27-1434] Device xc7z010 (JTAG device index = 1) is programmed with a design that has no supported debug core(s) in it.
WARNING: [Labtools 27-3361] The debug hub core was not detected.
Resolution: 
1. Make sure the clock connected to the debug hub (dbg_hub) core is a free running clock and is active.
2. Make sure the BSCAN_SWITCH_USER_MASK device property in Vivado Hardware Manager reflects the user scan chain setting in the design and refresh the device.  To determine the user scan chain setting in the design, open the implemented design and use 'get_property C_USER_SCAN_CHAIN [get_debug_cores dbg_hub]'.
For more details on setting the scan chain property, consult the Vivado Debug and Programming User Guide (UG908).
WARNING: [Labtools 27-3413] Dropping logic core with cellname:'design_1_i/system_ila_0/inst/ila_lib' at location 'uuid_CD4C83C823A6596D99AD09BE1335C6B0' from probes file, since it cannot be found on the programmed device.
set_property PROBES.FILE {C:/Users/Riya_Sachdeva/Desktop/ELD_Lab/Lab11_Multi_Stream/Lab11_Multi_Stream.runs/impl_1/design_1_wrapper.ltx} [get_hw_devices xc7z010_1]
set_property FULL_PROBES.FILE {C:/Users/Riya_Sachdeva/Desktop/ELD_Lab/Lab11_Multi_Stream/Lab11_Multi_Stream.runs/impl_1/design_1_wrapper.ltx} [get_hw_devices xc7z010_1]
set_property PROGRAM.FILE {C:/Users/Riya_Sachdeva/Desktop/ELD_Lab/Lab11_Multi_Stream/Lab11_Multi_Stream.runs/impl_1/design_1_wrapper.bit} [get_hw_devices xc7z010_1]
program_hw_devices [get_hw_devices xc7z010_1]
INFO: [Labtools 27-3164] End of startup status: HIGH
refresh_hw_device [lindex [get_hw_devices xc7z010_1] 0]
WARNING: [Xicom 50-38] xicom: No CseXsdb register file specified for CseXsdb slave type: 0, cse driver version: 0. Slave initialization skipped.
INFO: [Labtools 27-1434] Device xc7z010 (JTAG device index = 1) is programmed with a design that has no supported debug core(s) in it.
WARNING: [Labtools 27-3361] The debug hub core was not detected.
Resolution: 
1. Make sure the clock connected to the debug hub (dbg_hub) core is a free running clock and is active.
2. Make sure the BSCAN_SWITCH_USER_MASK device property in Vivado Hardware Manager reflects the user scan chain setting in the design and refresh the device.  To determine the user scan chain setting in the design, open the implemented design and use 'get_property C_USER_SCAN_CHAIN [get_debug_cores dbg_hub]'.
For more details on setting the scan chain property, consult the Vivado Debug and Programming User Guide (UG908).
WARNING: [Labtools 27-3413] Dropping logic core with cellname:'design_1_i/system_ila_0/inst/ila_lib' at location 'uuid_CD4C83C823A6596D99AD09BE1335C6B0' from probes file, since it cannot be found on the programmed device.
refresh_hw_device [lindex [get_hw_devices xc7z010_1] 0]
INFO: [Labtools 27-1434] Device xc7z010 (JTAG device index = 1) is programmed with a design that has no supported debug core(s) in it.
WARNING: [Labtools 27-3361] The debug hub core was not detected.
Resolution: 
1. Make sure the clock connected to the debug hub (dbg_hub) core is a free running clock and is active.
2. Make sure the BSCAN_SWITCH_USER_MASK device property in Vivado Hardware Manager reflects the user scan chain setting in the design and refresh the device.  To determine the user scan chain setting in the design, open the implemented design and use 'get_property C_USER_SCAN_CHAIN [get_debug_cores dbg_hub]'.
For more details on setting the scan chain property, consult the Vivado Debug and Programming User Guide (UG908).
WARNING: [Labtools 27-3413] Dropping logic core with cellname:'design_1_i/system_ila_0/inst/ila_lib' at location 'uuid_CD4C83C823A6596D99AD09BE1335C6B0' from probes file, since it cannot be found on the programmed device.
set_property PROBES.FILE {C:/Users/Riya_Sachdeva/Desktop/ELD_Lab/Lab11_Multi_Stream/Lab11_Multi_Stream.runs/impl_1/design_1_wrapper.ltx} [get_hw_devices xc7z010_1]
set_property FULL_PROBES.FILE {C:/Users/Riya_Sachdeva/Desktop/ELD_Lab/Lab11_Multi_Stream/Lab11_Multi_Stream.runs/impl_1/design_1_wrapper.ltx} [get_hw_devices xc7z010_1]
set_property PROGRAM.FILE {C:/Users/Riya_Sachdeva/Desktop/ELD_Lab/Lab11_Multi_Stream/Lab11_Multi_Stream.runs/impl_1/design_1_wrapper.bit} [get_hw_devices xc7z010_1]
program_hw_devices [get_hw_devices xc7z010_1]
INFO: [Labtools 27-3164] End of startup status: HIGH
refresh_hw_device [lindex [get_hw_devices xc7z010_1] 0]
WARNING: [Xicom 50-38] xicom: No CseXsdb register file specified for CseXsdb slave type: 0, cse driver version: 0. Slave initialization skipped.
INFO: [Labtools 27-1434] Device xc7z010 (JTAG device index = 1) is programmed with a design that has no supported debug core(s) in it.
WARNING: [Labtools 27-3361] The debug hub core was not detected.
Resolution: 
1. Make sure the clock connected to the debug hub (dbg_hub) core is a free running clock and is active.
2. Make sure the BSCAN_SWITCH_USER_MASK device property in Vivado Hardware Manager reflects the user scan chain setting in the design and refresh the device.  To determine the user scan chain setting in the design, open the implemented design and use 'get_property C_USER_SCAN_CHAIN [get_debug_cores dbg_hub]'.
For more details on setting the scan chain property, consult the Vivado Debug and Programming User Guide (UG908).
WARNING: [Labtools 27-3413] Dropping logic core with cellname:'design_1_i/system_ila_0/inst/ila_lib' at location 'uuid_CD4C83C823A6596D99AD09BE1335C6B0' from probes file, since it cannot be found on the programmed device.
refresh_hw_device [lindex [get_hw_devices xc7z010_1] 0]
INFO: [Labtools 27-1434] Device xc7z010 (JTAG device index = 1) is programmed with a design that has no supported debug core(s) in it.
WARNING: [Labtools 27-3361] The debug hub core was not detected.
Resolution: 
1. Make sure the clock connected to the debug hub (dbg_hub) core is a free running clock and is active.
2. Make sure the BSCAN_SWITCH_USER_MASK device property in Vivado Hardware Manager reflects the user scan chain setting in the design and refresh the device.  To determine the user scan chain setting in the design, open the implemented design and use 'get_property C_USER_SCAN_CHAIN [get_debug_cores dbg_hub]'.
For more details on setting the scan chain property, consult the Vivado Debug and Programming User Guide (UG908).
WARNING: [Labtools 27-3413] Dropping logic core with cellname:'design_1_i/system_ila_0/inst/ila_lib' at location 'uuid_CD4C83C823A6596D99AD09BE1335C6B0' from probes file, since it cannot be found on the programmed device.
set_property PROBES.FILE {C:/Users/Riya_Sachdeva/Desktop/ELD_Lab/Lab11_Multi_Stream/Lab11_Multi_Stream.runs/impl_1/design_1_wrapper.ltx} [get_hw_devices xc7z010_1]
set_property FULL_PROBES.FILE {C:/Users/Riya_Sachdeva/Desktop/ELD_Lab/Lab11_Multi_Stream/Lab11_Multi_Stream.runs/impl_1/design_1_wrapper.ltx} [get_hw_devices xc7z010_1]
set_property PROGRAM.FILE {C:/Users/Riya_Sachdeva/Desktop/ELD_Lab/Lab11_Multi_Stream/Lab11_Multi_Stream.runs/impl_1/design_1_wrapper.bit} [get_hw_devices xc7z010_1]
program_hw_devices [get_hw_devices xc7z010_1]
INFO: [Labtools 27-3164] End of startup status: HIGH
refresh_hw_device [lindex [get_hw_devices xc7z010_1] 0]
WARNING: [Xicom 50-38] xicom: No CseXsdb register file specified for CseXsdb slave type: 0, cse driver version: 0. Slave initialization skipped.
INFO: [Labtools 27-1434] Device xc7z010 (JTAG device index = 1) is programmed with a design that has no supported debug core(s) in it.
WARNING: [Labtools 27-3361] The debug hub core was not detected.
Resolution: 
1. Make sure the clock connected to the debug hub (dbg_hub) core is a free running clock and is active.
2. Make sure the BSCAN_SWITCH_USER_MASK device property in Vivado Hardware Manager reflects the user scan chain setting in the design and refresh the device.  To determine the user scan chain setting in the design, open the implemented design and use 'get_property C_USER_SCAN_CHAIN [get_debug_cores dbg_hub]'.
For more details on setting the scan chain property, consult the Vivado Debug and Programming User Guide (UG908).
WARNING: [Labtools 27-3413] Dropping logic core with cellname:'design_1_i/system_ila_0/inst/ila_lib' at location 'uuid_CD4C83C823A6596D99AD09BE1335C6B0' from probes file, since it cannot be found on the programmed device.
refresh_hw_device [lindex [get_hw_devices xc7z010_1] 0]
INFO: [Labtools 27-1434] Device xc7z010 (JTAG device index = 1) is programmed with a design that has no supported debug core(s) in it.
WARNING: [Labtools 27-3361] The debug hub core was not detected.
Resolution: 
1. Make sure the clock connected to the debug hub (dbg_hub) core is a free running clock and is active.
2. Make sure the BSCAN_SWITCH_USER_MASK device property in Vivado Hardware Manager reflects the user scan chain setting in the design and refresh the device.  To determine the user scan chain setting in the design, open the implemented design and use 'get_property C_USER_SCAN_CHAIN [get_debug_cores dbg_hub]'.
For more details on setting the scan chain property, consult the Vivado Debug and Programming User Guide (UG908).
WARNING: [Labtools 27-3413] Dropping logic core with cellname:'design_1_i/system_ila_0/inst/ila_lib' at location 'uuid_CD4C83C823A6596D99AD09BE1335C6B0' from probes file, since it cannot be found on the programmed device.
set_property PROBES.FILE {C:/Users/Riya_Sachdeva/Desktop/ELD_Lab/Lab11_Multi_Stream/Lab11_Multi_Stream.runs/impl_1/design_1_wrapper.ltx} [get_hw_devices xc7z010_1]
set_property FULL_PROBES.FILE {C:/Users/Riya_Sachdeva/Desktop/ELD_Lab/Lab11_Multi_Stream/Lab11_Multi_Stream.runs/impl_1/design_1_wrapper.ltx} [get_hw_devices xc7z010_1]
set_property PROGRAM.FILE {C:/Users/Riya_Sachdeva/Desktop/ELD_Lab/Lab11_Multi_Stream/Lab11_Multi_Stream.runs/impl_1/design_1_wrapper.bit} [get_hw_devices xc7z010_1]
program_hw_devices [get_hw_devices xc7z010_1]
INFO: [Labtools 27-3164] End of startup status: HIGH
refresh_hw_device [lindex [get_hw_devices xc7z010_1] 0]
INFO: [Labtools 27-2302] Device xc7z010 (JTAG device index = 1) is programmed with a design that has 1 ILA core(s).
display_hw_ila_data [ get_hw_ila_data hw_ila_data_1 -of_objects [get_hw_ilas -of_objects [get_hw_devices xc7z010_1] -filter {CELL_NAME=~"design_1_i/system_ila_0/inst/ila_lib"}]]
Processing Interface xfft_0_M_AXIS_DATA_ila1_slot0
Processing Interface axis_dwidth_converter_0_M_AXIS_ila1_slot1
Processing Interface floating_point_0_M_AXIS_RESULT_ila1_slot2
run_hw_ila [get_hw_ilas -of_objects [get_hw_devices xc7z010_1] -filter {CELL_NAME=~"design_1_i/system_ila_0/inst/ila_lib"}]
INFO: [Labtools 27-1964] The ILA core 'hw_ila_1' trigger was armed at 2023-Nov-21 10:10:01
wait_on_hw_ila [get_hw_ilas -of_objects [get_hw_devices xc7z010_1] -filter {CELL_NAME=~"design_1_i/system_ila_0/inst/ila_lib"}]
display_hw_ila_data [upload_hw_ila_data [get_hw_ilas -of_objects [get_hw_devices xc7z010_1] -filter {CELL_NAME=~"design_1_i/system_ila_0/inst/ila_lib"}]]
INFO: [Labtools 27-1966] The ILA core 'hw_ila_1' triggered at 2023-Nov-21 10:10:01
Processed interface xfft_0_M_AXIS_DATA_ila1_slot0
Processed interface axis_dwidth_converter_0_M_AXIS_ila1_slot1
Processed interface floating_point_0_M_AXIS_RESULT_ila1_slot2
INFO: [Labtools 27-3304] ILA Waveform data saved to file C:/Users/Riya_Sachdeva/Desktop/ELD_Lab/Lab11_Multi_Stream/Lab11_Multi_Stream.hw/backup/hw_ila_data_1.ila. Use Tcl command 'read_hw_ila_data' or Vivado File->Import->Import ILA Data menu item to import the previously saved data.
run_hw_ila [get_hw_ilas -of_objects [get_hw_devices xc7z010_1] -filter {CELL_NAME=~"design_1_i/system_ila_0/inst/ila_lib"}]
INFO: [Labtools 27-1964] The ILA core 'hw_ila_1' trigger was armed at 2023-Nov-21 10:10:40
wait_on_hw_ila [get_hw_ilas -of_objects [get_hw_devices xc7z010_1] -filter {CELL_NAME=~"design_1_i/system_ila_0/inst/ila_lib"}]
display_hw_ila_data [upload_hw_ila_data [get_hw_ilas -of_objects [get_hw_devices xc7z010_1] -filter {CELL_NAME=~"design_1_i/system_ila_0/inst/ila_lib"}]]
INFO: [Labtools 27-1966] The ILA core 'hw_ila_1' triggered at 2023-Nov-21 10:10:40
Processed interface xfft_0_M_AXIS_DATA_ila1_slot0
Processed interface axis_dwidth_converter_0_M_AXIS_ila1_slot1
Processed interface floating_point_0_M_AXIS_RESULT_ila1_slot2
INFO: [Labtools 27-3304] ILA Waveform data saved to file C:/Users/Riya_Sachdeva/Desktop/ELD_Lab/Lab11_Multi_Stream/Lab11_Multi_Stream.hw/backup/hw_ila_data_1.ila. Use Tcl command 'read_hw_ila_data' or Vivado File->Import->Import ILA Data menu item to import the previously saved data.
run_hw_ila [get_hw_ilas -of_objects [get_hw_devices xc7z010_1] -filter {CELL_NAME=~"design_1_i/system_ila_0/inst/ila_lib"}] -trigger_now
INFO: [Labtools 27-1964] The ILA core 'hw_ila_1' trigger was armed at 2023-Nov-21 10:10:43
wait_on_hw_ila [get_hw_ilas -of_objects [get_hw_devices xc7z010_1] -filter {CELL_NAME=~"design_1_i/system_ila_0/inst/ila_lib"}]
display_hw_ila_data [upload_hw_ila_data [get_hw_ilas -of_objects [get_hw_devices xc7z010_1] -filter {CELL_NAME=~"design_1_i/system_ila_0/inst/ila_lib"}]]
INFO: [Labtools 27-1966] The ILA core 'hw_ila_1' triggered at 2023-Nov-21 10:10:43
Processed interface xfft_0_M_AXIS_DATA_ila1_slot0
Processed interface axis_dwidth_converter_0_M_AXIS_ila1_slot1
Processed interface floating_point_0_M_AXIS_RESULT_ila1_slot2
INFO: [Labtools 27-3304] ILA Waveform data saved to file C:/Users/Riya_Sachdeva/Desktop/ELD_Lab/Lab11_Multi_Stream/Lab11_Multi_Stream.hw/backup/hw_ila_data_1.ila. Use Tcl command 'read_hw_ila_data' or Vivado File->Import->Import ILA Data menu item to import the previously saved data.
run_hw_ila [get_hw_ilas -of_objects [get_hw_devices xc7z010_1] -filter {CELL_NAME=~"design_1_i/system_ila_0/inst/ila_lib"}] -trigger_now
INFO: [Labtools 27-1964] The ILA core 'hw_ila_1' trigger was armed at 2023-Nov-21 10:10:54
wait_on_hw_ila [get_hw_ilas -of_objects [get_hw_devices xc7z010_1] -filter {CELL_NAME=~"design_1_i/system_ila_0/inst/ila_lib"}]
display_hw_ila_data [upload_hw_ila_data [get_hw_ilas -of_objects [get_hw_devices xc7z010_1] -filter {CELL_NAME=~"design_1_i/system_ila_0/inst/ila_lib"}]]
INFO: [Labtools 27-1966] The ILA core 'hw_ila_1' triggered at 2023-Nov-21 10:10:54
Processed interface xfft_0_M_AXIS_DATA_ila1_slot0
Processed interface axis_dwidth_converter_0_M_AXIS_ila1_slot1
Processed interface floating_point_0_M_AXIS_RESULT_ila1_slot2
INFO: [Labtools 27-3304] ILA Waveform data saved to file C:/Users/Riya_Sachdeva/Desktop/ELD_Lab/Lab11_Multi_Stream/Lab11_Multi_Stream.hw/backup/hw_ila_data_1.ila. Use Tcl command 'read_hw_ila_data' or Vivado File->Import->Import ILA Data menu item to import the previously saved data.
run_hw_ila [get_hw_ilas -of_objects [get_hw_devices xc7z010_1] -filter {CELL_NAME=~"design_1_i/system_ila_0/inst/ila_lib"}] -trigger_now
INFO: [Labtools 27-1964] The ILA core 'hw_ila_1' trigger was armed at 2023-Nov-21 10:11:27
wait_on_hw_ila [get_hw_ilas -of_objects [get_hw_devices xc7z010_1] -filter {CELL_NAME=~"design_1_i/system_ila_0/inst/ila_lib"}]
display_hw_ila_data [upload_hw_ila_data [get_hw_ilas -of_objects [get_hw_devices xc7z010_1] -filter {CELL_NAME=~"design_1_i/system_ila_0/inst/ila_lib"}]]
INFO: [Labtools 27-1966] The ILA core 'hw_ila_1' triggered at 2023-Nov-21 10:11:27
Processed interface xfft_0_M_AXIS_DATA_ila1_slot0
Processed interface axis_dwidth_converter_0_M_AXIS_ila1_slot1
Processed interface floating_point_0_M_AXIS_RESULT_ila1_slot2
INFO: [Labtools 27-3304] ILA Waveform data saved to file C:/Users/Riya_Sachdeva/Desktop/ELD_Lab/Lab11_Multi_Stream/Lab11_Multi_Stream.hw/backup/hw_ila_data_1.ila. Use Tcl command 'read_hw_ila_data' or Vivado File->Import->Import ILA Data menu item to import the previously saved data.
run_hw_ila [get_hw_ilas -of_objects [get_hw_devices xc7z010_1] -filter {CELL_NAME=~"design_1_i/system_ila_0/inst/ila_lib"}] -trigger_now
INFO: [Labtools 27-1964] The ILA core 'hw_ila_1' trigger was armed at 2023-Nov-21 10:11:31
wait_on_hw_ila [get_hw_ilas -of_objects [get_hw_devices xc7z010_1] -filter {CELL_NAME=~"design_1_i/system_ila_0/inst/ila_lib"}]
display_hw_ila_data [upload_hw_ila_data [get_hw_ilas -of_objects [get_hw_devices xc7z010_1] -filter {CELL_NAME=~"design_1_i/system_ila_0/inst/ila_lib"}]]
INFO: [Labtools 27-1966] The ILA core 'hw_ila_1' triggered at 2023-Nov-21 10:11:31
Processed interface xfft_0_M_AXIS_DATA_ila1_slot0
Processed interface axis_dwidth_converter_0_M_AXIS_ila1_slot1
Processed interface floating_point_0_M_AXIS_RESULT_ila1_slot2
INFO: [Labtools 27-3304] ILA Waveform data saved to file C:/Users/Riya_Sachdeva/Desktop/ELD_Lab/Lab11_Multi_Stream/Lab11_Multi_Stream.hw/backup/hw_ila_data_1.ila. Use Tcl command 'read_hw_ila_data' or Vivado File->Import->Import ILA Data menu item to import the previously saved data.
save_wave_config {C:/Users/Riya_Sachdeva/Desktop/ELD_Lab/Lab11_Multi_Stream/Lab11_Multi_Stream.hw/hw_1/wave/hw_ila_data_1/hw_ila_data_1.wcfg}
set_property PROBES.FILE {C:/Users/Riya_Sachdeva/Desktop/ELD_Lab/Lab11_Multi_Stream/Lab11_Multi_Stream.runs/impl_1/design_1_wrapper.ltx} [get_hw_devices xc7z010_1]
set_property FULL_PROBES.FILE {C:/Users/Riya_Sachdeva/Desktop/ELD_Lab/Lab11_Multi_Stream/Lab11_Multi_Stream.runs/impl_1/design_1_wrapper.ltx} [get_hw_devices xc7z010_1]
set_property PROGRAM.FILE {C:/Users/Riya_Sachdeva/Desktop/ELD_Lab/Lab11_Multi_Stream/Lab11_Multi_Stream.runs/impl_1/design_1_wrapper.bit} [get_hw_devices xc7z010_1]
program_hw_devices [get_hw_devices xc7z010_1]
INFO: [Labtools 27-3164] End of startup status: HIGH
refresh_hw_device [lindex [get_hw_devices xc7z010_1] 0]
INFO: [Labtools 27-2302] Device xc7z010 (JTAG device index = 1) is programmed with a design that has 1 ILA core(s).
