15:28:11 INFO  : Registering command handlers for SDK TCF services
15:28:12 INFO  : Launching XSCT server: xsct.bat -interactive C:\Users\Riya_Sachdeva\Desktop\ELD_Lab\Lab11_HW_Att2\Lab11_HW_Att2.sdk\temp_xsdb_launch_script.tcl
15:28:15 INFO  : XSCT server has started successfully.
15:28:20 INFO  : Successfully done setting XSCT server connection channel  
15:28:20 INFO  : Successfully done setting SDK workspace  
15:28:20 INFO  : Processing command line option -hwspec C:/Users/Riya_Sachdeva/Desktop/ELD_Lab/Lab11_HW_Att2/Lab11_HW_Att2.sdk/design_1_wrapper.hdf.
15:30:08 INFO  : Refreshed build settings on project Lab11_HW_Att2
15:34:53 INFO  : Connected through redirection to target on host '192.168.226.142' and port '50662'.
15:34:54 INFO  : Jtag cable 'Digilent Zed 210248493189' is selected.
15:34:54 INFO  : 'jtag frequency' command is executed.
15:34:54 INFO  : Sourcing of 'C:/Users/Riya_Sachdeva/Desktop/ELD_Lab/Lab11_HW_Att2/Lab11_HW_Att2.sdk/design_1_wrapper_hw_platform_0/ps7_init.tcl' is done.
15:35:02 ERROR : no targets found with "name =~"APU*" && jtag_cable_name =~ "Digilent Zed 210248493189"". available targets:
  1  DAP (JTAG port open error. AP transaction error, DAP status 30000021)
  2  xc7z020
     3  Legacy Debug Hub
15:35:02 INFO  : ----------------XSDB Script----------------
connect -path [list tcp::1534 tcp:192.168.226.142:50662]
source C:/Users/Riya_Sachdeva/Desktop/ELD_Lab/Lab11_HW_Att2/Lab11_HW_Att2.sdk/design_1_wrapper_hw_platform_0/ps7_init.tcl
targets -set -nocase -filter {name =~"APU*" && jtag_cable_name =~ "Digilent Zed 210248493189"} -index 0
----------------End of Script----------------

15:37:30 INFO  : Connected through redirection to target on host '192.168.226.142' and port '50662'.
15:37:30 INFO  : Jtag cable 'Digilent Zed 210248493189' is selected.
15:37:30 INFO  : 'jtag frequency' command is executed.
15:37:30 INFO  : Sourcing of 'C:/Users/Riya_Sachdeva/Desktop/ELD_Lab/Lab11_HW_Att2/Lab11_HW_Att2.sdk/design_1_wrapper_hw_platform_0/ps7_init.tcl' is done.
15:37:33 ERROR : no targets found with "name =~"APU*" && jtag_cable_name =~ "Digilent Zed 210248493189"". available targets:
  1  DAP (JTAG port open error. AP transaction error, DAP status 30000021)
  2  xc7z020
     3  Legacy Debug Hub
15:37:33 INFO  : ----------------XSDB Script----------------
connect -path [list tcp::1534 tcp:192.168.226.142:50662]
source C:/Users/Riya_Sachdeva/Desktop/ELD_Lab/Lab11_HW_Att2/Lab11_HW_Att2.sdk/design_1_wrapper_hw_platform_0/ps7_init.tcl
targets -set -nocase -filter {name =~"APU*" && jtag_cable_name =~ "Digilent Zed 210248493189"} -index 0
----------------End of Script----------------

15:38:17 INFO  : Connected through redirection to target on host '192.168.226.142' and port '50662'.
15:38:17 INFO  : Jtag cable 'Digilent Zed 210248493189' is selected.
15:38:17 INFO  : 'jtag frequency' command is executed.
15:38:17 INFO  : Sourcing of 'C:/Users/Riya_Sachdeva/Desktop/ELD_Lab/Lab11_HW_Att2/Lab11_HW_Att2.sdk/design_1_wrapper_hw_platform_0/ps7_init.tcl' is done.
15:38:20 ERROR : no targets found with "name =~"APU*" && jtag_cable_name =~ "Digilent Zed 210248493189"". available targets:
  1  DAP (JTAG port open error. AP transaction error, DAP status 30000021)
  2  xc7z020
     3  Legacy Debug Hub
15:38:20 INFO  : ----------------XSDB Script----------------
connect -path [list tcp::1534 tcp:192.168.226.142:50662]
source C:/Users/Riya_Sachdeva/Desktop/ELD_Lab/Lab11_HW_Att2/Lab11_HW_Att2.sdk/design_1_wrapper_hw_platform_0/ps7_init.tcl
targets -set -nocase -filter {name =~"APU*" && jtag_cable_name =~ "Digilent Zed 210248493189"} -index 0
----------------End of Script----------------

15:42:41 INFO  : Connected through redirection to target on host '192.168.226.142' and port '50662'.
15:42:42 INFO  : Jtag cable 'Digilent Zed 210248493189' is selected.
15:42:42 INFO  : 'jtag frequency' command is executed.
15:42:42 INFO  : Sourcing of 'C:/Users/Riya_Sachdeva/Desktop/ELD_Lab/Lab11_HW_Att2/Lab11_HW_Att2.sdk/design_1_wrapper_hw_platform_0/ps7_init.tcl' is done.
15:42:45 ERROR : no targets found with "name =~"APU*" && jtag_cable_name =~ "Digilent Zed 210248493189"". available targets:
  1  DAP (JTAG port open error. AP transaction error, DAP status 30000021)
  2  xc7z020
     3  Legacy Debug Hub
15:42:45 INFO  : ----------------XSDB Script----------------
connect -path [list tcp::1534 tcp:192.168.226.142:50662]
source C:/Users/Riya_Sachdeva/Desktop/ELD_Lab/Lab11_HW_Att2/Lab11_HW_Att2.sdk/design_1_wrapper_hw_platform_0/ps7_init.tcl
targets -set -nocase -filter {name =~"APU*" && jtag_cable_name =~ "Digilent Zed 210248493189"} -index 0
----------------End of Script----------------

15:49:37 INFO  : Connected through redirection to target on host '192.168.226.142' and port '63007'.
15:49:43 INFO  : Jtag cable 'Digilent Zed 210248A39791' is selected.
15:49:43 INFO  : 'jtag frequency' command is executed.
15:49:43 INFO  : Sourcing of 'C:/Users/Riya_Sachdeva/Desktop/ELD_Lab/Lab11_HW_Att2/Lab11_HW_Att2.sdk/design_1_wrapper_hw_platform_0/ps7_init.tcl' is done.
15:49:43 INFO  : Context for 'APU' is selected.
15:49:44 INFO  : System reset is completed.
15:49:47 INFO  : 'after 3000' command is executed.
15:49:47 INFO  : 'targets -set -filter {jtag_cable_name =~ "Digilent Zed 210248A39791" && level==0} -index 1' command is executed.
15:49:53 INFO  : FPGA configured successfully with bitstream "C:/Users/Riya_Sachdeva/Desktop/ELD_Lab/Lab11_HW_Att2/Lab11_HW_Att2.sdk/design_1_wrapper_hw_platform_0/design_1_wrapper.bit"
15:49:53 INFO  : Context for 'APU' is selected.
15:49:53 INFO  : Hardware design information is loaded from 'C:/Users/Riya_Sachdeva/Desktop/ELD_Lab/Lab11_HW_Att2/Lab11_HW_Att2.sdk/design_1_wrapper_hw_platform_0/system.hdf'.
15:49:53 INFO  : 'configparams force-mem-access 1' command is executed.
15:49:53 INFO  : Context for 'APU' is selected.
15:49:58 INFO  : 'ps7_init' command is executed.
15:49:58 INFO  : 'ps7_post_config' command is executed.
15:49:58 INFO  : Context for processor 'ps7_cortexa9_0' is selected.
15:49:59 INFO  : The application 'C:/Users/Riya_Sachdeva/Desktop/ELD_Lab/Lab11_HW_Att2/Lab11_HW_Att2.sdk/Lab11_HW_Att2/Debug/Lab11_HW_Att2.elf' is downloaded to processor 'ps7_cortexa9_0'.
15:49:59 INFO  : 'configparams force-mem-access 0' command is executed.
15:49:59 INFO  : ----------------XSDB Script----------------
connect -path [list tcp::1534 tcp:192.168.226.142:63007]
source C:/Users/Riya_Sachdeva/Desktop/ELD_Lab/Lab11_HW_Att2/Lab11_HW_Att2.sdk/design_1_wrapper_hw_platform_0/ps7_init.tcl
targets -set -nocase -filter {name =~"APU*" && jtag_cable_name =~ "Digilent Zed 210248A39791"} -index 0
rst -system
after 3000
targets -set -filter {jtag_cable_name =~ "Digilent Zed 210248A39791" && level==0} -index 1
fpga -file C:/Users/Riya_Sachdeva/Desktop/ELD_Lab/Lab11_HW_Att2/Lab11_HW_Att2.sdk/design_1_wrapper_hw_platform_0/design_1_wrapper.bit
targets -set -nocase -filter {name =~"APU*" && jtag_cable_name =~ "Digilent Zed 210248A39791"} -index 0
loadhw -hw C:/Users/Riya_Sachdeva/Desktop/ELD_Lab/Lab11_HW_Att2/Lab11_HW_Att2.sdk/design_1_wrapper_hw_platform_0/system.hdf -mem-ranges [list {0x40000000 0xbfffffff}]
configparams force-mem-access 1
targets -set -nocase -filter {name =~"APU*" && jtag_cable_name =~ "Digilent Zed 210248A39791"} -index 0
ps7_init
ps7_post_config
targets -set -nocase -filter {name =~ "ARM*#0" && jtag_cable_name =~ "Digilent Zed 210248A39791"} -index 0
dow C:/Users/Riya_Sachdeva/Desktop/ELD_Lab/Lab11_HW_Att2/Lab11_HW_Att2.sdk/Lab11_HW_Att2/Debug/Lab11_HW_Att2.elf
configparams force-mem-access 0
----------------End of Script----------------

15:49:59 INFO  : Memory regions updated for context APU
15:49:59 INFO  : Context for processor 'ps7_cortexa9_0' is selected.
15:49:59 INFO  : 'con' command is executed.
15:49:59 INFO  : ----------------XSDB Script (After Launch)----------------
targets -set -nocase -filter {name =~ "ARM*#0" && jtag_cable_name =~ "Digilent Zed 210248A39791"} -index 0
con
----------------End of Script----------------

15:49:59 INFO  : Launch script is exported to file 'C:\Users\Riya_Sachdeva\Desktop\ELD_Lab\Lab11_HW_Att2\Lab11_HW_Att2.sdk\.sdk\launch_scripts\xilinx_c-c++_application_(system_debugger)\system_debugger_using_debug_lab11_hw_att2.elf_on_remotebd.tcl'
15:51:41 INFO  : Disconnected from the channel tcfchan#2.
15:51:42 INFO  : Connected through redirection to target on host '192.168.226.142' and port '63007'.
15:51:42 INFO  : Jtag cable 'Digilent Zed 210248A39791' is selected.
15:51:42 INFO  : 'jtag frequency' command is executed.
15:51:42 INFO  : Sourcing of 'C:/Users/Riya_Sachdeva/Desktop/ELD_Lab/Lab11_HW_Att2/Lab11_HW_Att2.sdk/design_1_wrapper_hw_platform_0/ps7_init.tcl' is done.
15:51:43 INFO  : Context for 'APU' is selected.
15:51:43 INFO  : System reset is completed.
15:51:46 INFO  : 'after 3000' command is executed.
15:51:46 INFO  : 'targets -set -filter {jtag_cable_name =~ "Digilent Zed 210248A39791" && level==0} -index 1' command is executed.
15:51:49 INFO  : FPGA configured successfully with bitstream "C:/Users/Riya_Sachdeva/Desktop/ELD_Lab/Lab11_HW_Att2/Lab11_HW_Att2.sdk/design_1_wrapper_hw_platform_0/design_1_wrapper.bit"
15:51:49 INFO  : Context for 'APU' is selected.
15:51:54 INFO  : Hardware design information is loaded from 'C:/Users/Riya_Sachdeva/Desktop/ELD_Lab/Lab11_HW_Att2/Lab11_HW_Att2.sdk/design_1_wrapper_hw_platform_0/system.hdf'.
15:51:54 INFO  : 'configparams force-mem-access 1' command is executed.
15:51:54 INFO  : Context for 'APU' is selected.
15:51:58 INFO  : 'ps7_init' command is executed.
15:51:58 INFO  : 'ps7_post_config' command is executed.
15:51:58 INFO  : Context for processor 'ps7_cortexa9_0' is selected.
15:51:59 INFO  : The application 'C:/Users/Riya_Sachdeva/Desktop/ELD_Lab/Lab11_HW_Att2/Lab11_HW_Att2.sdk/Lab11_HW_Att2/Debug/Lab11_HW_Att2.elf' is downloaded to processor 'ps7_cortexa9_0'.
15:51:59 INFO  : 'configparams force-mem-access 0' command is executed.
15:51:59 INFO  : ----------------XSDB Script----------------
connect -path [list tcp::1534 tcp:192.168.226.142:63007]
source C:/Users/Riya_Sachdeva/Desktop/ELD_Lab/Lab11_HW_Att2/Lab11_HW_Att2.sdk/design_1_wrapper_hw_platform_0/ps7_init.tcl
targets -set -nocase -filter {name =~"APU*" && jtag_cable_name =~ "Digilent Zed 210248A39791"} -index 0
rst -system
after 3000
targets -set -filter {jtag_cable_name =~ "Digilent Zed 210248A39791" && level==0} -index 1
fpga -file C:/Users/Riya_Sachdeva/Desktop/ELD_Lab/Lab11_HW_Att2/Lab11_HW_Att2.sdk/design_1_wrapper_hw_platform_0/design_1_wrapper.bit
targets -set -nocase -filter {name =~"APU*" && jtag_cable_name =~ "Digilent Zed 210248A39791"} -index 0
loadhw -hw C:/Users/Riya_Sachdeva/Desktop/ELD_Lab/Lab11_HW_Att2/Lab11_HW_Att2.sdk/design_1_wrapper_hw_platform_0/system.hdf -mem-ranges [list {0x40000000 0xbfffffff}]
configparams force-mem-access 1
targets -set -nocase -filter {name =~"APU*" && jtag_cable_name =~ "Digilent Zed 210248A39791"} -index 0
ps7_init
ps7_post_config
targets -set -nocase -filter {name =~ "ARM*#0" && jtag_cable_name =~ "Digilent Zed 210248A39791"} -index 0
dow C:/Users/Riya_Sachdeva/Desktop/ELD_Lab/Lab11_HW_Att2/Lab11_HW_Att2.sdk/Lab11_HW_Att2/Debug/Lab11_HW_Att2.elf
configparams force-mem-access 0
----------------End of Script----------------

15:51:59 INFO  : Memory regions updated for context APU
15:51:59 INFO  : Context for processor 'ps7_cortexa9_0' is selected.
15:51:59 INFO  : 'con' command is executed.
15:51:59 INFO  : ----------------XSDB Script (After Launch)----------------
targets -set -nocase -filter {name =~ "ARM*#0" && jtag_cable_name =~ "Digilent Zed 210248A39791"} -index 0
con
----------------End of Script----------------

15:51:59 INFO  : Launch script is exported to file 'C:\Users\Riya_Sachdeva\Desktop\ELD_Lab\Lab11_HW_Att2\Lab11_HW_Att2.sdk\.sdk\launch_scripts\xilinx_c-c++_application_(system_debugger)\system_debugger_using_debug_lab11_hw_att2.elf_on_remotebd.tcl'
15:55:11 INFO  : Disconnected from the channel tcfchan#3.
15:55:12 INFO  : Connected through redirection to target on host '192.168.226.142' and port '63007'.
15:55:12 INFO  : Jtag cable 'Digilent Zed 210248A39791' is selected.
15:55:12 INFO  : 'jtag frequency' command is executed.
15:55:12 INFO  : Sourcing of 'C:/Users/Riya_Sachdeva/Desktop/ELD_Lab/Lab11_HW_Att2/Lab11_HW_Att2.sdk/design_1_wrapper_hw_platform_0/ps7_init.tcl' is done.
15:55:12 INFO  : Context for 'APU' is selected.
15:55:13 INFO  : System reset is completed.
15:55:16 INFO  : 'after 3000' command is executed.
15:55:16 INFO  : 'targets -set -filter {jtag_cable_name =~ "Digilent Zed 210248A39791" && level==0} -index 1' command is executed.
15:55:19 INFO  : FPGA configured successfully with bitstream "C:/Users/Riya_Sachdeva/Desktop/ELD_Lab/Lab11_HW_Att2/Lab11_HW_Att2.sdk/design_1_wrapper_hw_platform_0/design_1_wrapper.bit"
15:55:19 INFO  : Context for 'APU' is selected.
15:55:23 INFO  : Hardware design information is loaded from 'C:/Users/Riya_Sachdeva/Desktop/ELD_Lab/Lab11_HW_Att2/Lab11_HW_Att2.sdk/design_1_wrapper_hw_platform_0/system.hdf'.
15:55:23 INFO  : 'configparams force-mem-access 1' command is executed.
15:55:23 INFO  : Context for 'APU' is selected.
15:55:28 INFO  : 'ps7_init' command is executed.
15:55:28 INFO  : 'ps7_post_config' command is executed.
15:55:28 INFO  : Context for processor 'ps7_cortexa9_0' is selected.
15:55:28 INFO  : The application 'C:/Users/Riya_Sachdeva/Desktop/ELD_Lab/Lab11_HW_Att2/Lab11_HW_Att2.sdk/Lab11_HW_Att2/Debug/Lab11_HW_Att2.elf' is downloaded to processor 'ps7_cortexa9_0'.
15:55:28 INFO  : 'configparams force-mem-access 0' command is executed.
15:55:28 INFO  : ----------------XSDB Script----------------
connect -path [list tcp::1534 tcp:192.168.226.142:63007]
source C:/Users/Riya_Sachdeva/Desktop/ELD_Lab/Lab11_HW_Att2/Lab11_HW_Att2.sdk/design_1_wrapper_hw_platform_0/ps7_init.tcl
targets -set -nocase -filter {name =~"APU*" && jtag_cable_name =~ "Digilent Zed 210248A39791"} -index 0
rst -system
after 3000
targets -set -filter {jtag_cable_name =~ "Digilent Zed 210248A39791" && level==0} -index 1
fpga -file C:/Users/Riya_Sachdeva/Desktop/ELD_Lab/Lab11_HW_Att2/Lab11_HW_Att2.sdk/design_1_wrapper_hw_platform_0/design_1_wrapper.bit
targets -set -nocase -filter {name =~"APU*" && jtag_cable_name =~ "Digilent Zed 210248A39791"} -index 0
loadhw -hw C:/Users/Riya_Sachdeva/Desktop/ELD_Lab/Lab11_HW_Att2/Lab11_HW_Att2.sdk/design_1_wrapper_hw_platform_0/system.hdf -mem-ranges [list {0x40000000 0xbfffffff}]
configparams force-mem-access 1
targets -set -nocase -filter {name =~"APU*" && jtag_cable_name =~ "Digilent Zed 210248A39791"} -index 0
ps7_init
ps7_post_config
targets -set -nocase -filter {name =~ "ARM*#0" && jtag_cable_name =~ "Digilent Zed 210248A39791"} -index 0
dow C:/Users/Riya_Sachdeva/Desktop/ELD_Lab/Lab11_HW_Att2/Lab11_HW_Att2.sdk/Lab11_HW_Att2/Debug/Lab11_HW_Att2.elf
configparams force-mem-access 0
----------------End of Script----------------

15:55:29 INFO  : Memory regions updated for context APU
15:55:29 INFO  : Context for processor 'ps7_cortexa9_0' is selected.
15:55:29 INFO  : 'con' command is executed.
15:55:29 INFO  : ----------------XSDB Script (After Launch)----------------
targets -set -nocase -filter {name =~ "ARM*#0" && jtag_cable_name =~ "Digilent Zed 210248A39791"} -index 0
con
----------------End of Script----------------

15:55:29 INFO  : Launch script is exported to file 'C:\Users\Riya_Sachdeva\Desktop\ELD_Lab\Lab11_HW_Att2\Lab11_HW_Att2.sdk\.sdk\launch_scripts\xilinx_c-c++_application_(system_debugger)\system_debugger_using_debug_lab11_hw_att2.elf_on_remotebd.tcl'
15:58:22 INFO  : Disconnected from the channel tcfchan#4.
15:58:23 INFO  : Connected through redirection to target on host '192.168.226.142' and port '63007'.
15:58:23 INFO  : Jtag cable 'Digilent Zed 210248A39791' is selected.
15:58:23 INFO  : 'jtag frequency' command is executed.
15:58:23 INFO  : Sourcing of 'C:/Users/Riya_Sachdeva/Desktop/ELD_Lab/Lab11_HW_Att2/Lab11_HW_Att2.sdk/design_1_wrapper_hw_platform_0/ps7_init.tcl' is done.
15:58:24 INFO  : Context for 'APU' is selected.
15:58:24 INFO  : System reset is completed.
15:58:27 INFO  : 'after 3000' command is executed.
15:58:27 INFO  : 'targets -set -filter {jtag_cable_name =~ "Digilent Zed 210248A39791" && level==0} -index 1' command is executed.
15:58:30 INFO  : FPGA configured successfully with bitstream "C:/Users/Riya_Sachdeva/Desktop/ELD_Lab/Lab11_HW_Att2/Lab11_HW_Att2.sdk/design_1_wrapper_hw_platform_0/design_1_wrapper.bit"
15:58:30 INFO  : Context for 'APU' is selected.
15:58:34 INFO  : Hardware design information is loaded from 'C:/Users/Riya_Sachdeva/Desktop/ELD_Lab/Lab11_HW_Att2/Lab11_HW_Att2.sdk/design_1_wrapper_hw_platform_0/system.hdf'.
15:58:34 INFO  : 'configparams force-mem-access 1' command is executed.
15:58:34 INFO  : Context for 'APU' is selected.
15:58:38 INFO  : 'ps7_init' command is executed.
15:58:39 INFO  : 'ps7_post_config' command is executed.
15:58:39 INFO  : Context for processor 'ps7_cortexa9_0' is selected.
15:58:39 INFO  : The application 'C:/Users/Riya_Sachdeva/Desktop/ELD_Lab/Lab11_HW_Att2/Lab11_HW_Att2.sdk/Lab11_HW_Att2/Debug/Lab11_HW_Att2.elf' is downloaded to processor 'ps7_cortexa9_0'.
15:58:39 INFO  : 'configparams force-mem-access 0' command is executed.
15:58:39 INFO  : ----------------XSDB Script----------------
connect -path [list tcp::1534 tcp:192.168.226.142:63007]
source C:/Users/Riya_Sachdeva/Desktop/ELD_Lab/Lab11_HW_Att2/Lab11_HW_Att2.sdk/design_1_wrapper_hw_platform_0/ps7_init.tcl
targets -set -nocase -filter {name =~"APU*" && jtag_cable_name =~ "Digilent Zed 210248A39791"} -index 0
rst -system
after 3000
targets -set -filter {jtag_cable_name =~ "Digilent Zed 210248A39791" && level==0} -index 1
fpga -file C:/Users/Riya_Sachdeva/Desktop/ELD_Lab/Lab11_HW_Att2/Lab11_HW_Att2.sdk/design_1_wrapper_hw_platform_0/design_1_wrapper.bit
targets -set -nocase -filter {name =~"APU*" && jtag_cable_name =~ "Digilent Zed 210248A39791"} -index 0
loadhw -hw C:/Users/Riya_Sachdeva/Desktop/ELD_Lab/Lab11_HW_Att2/Lab11_HW_Att2.sdk/design_1_wrapper_hw_platform_0/system.hdf -mem-ranges [list {0x40000000 0xbfffffff}]
configparams force-mem-access 1
targets -set -nocase -filter {name =~"APU*" && jtag_cable_name =~ "Digilent Zed 210248A39791"} -index 0
ps7_init
ps7_post_config
targets -set -nocase -filter {name =~ "ARM*#0" && jtag_cable_name =~ "Digilent Zed 210248A39791"} -index 0
dow C:/Users/Riya_Sachdeva/Desktop/ELD_Lab/Lab11_HW_Att2/Lab11_HW_Att2.sdk/Lab11_HW_Att2/Debug/Lab11_HW_Att2.elf
configparams force-mem-access 0
----------------End of Script----------------

15:58:39 INFO  : Memory regions updated for context APU
15:58:39 INFO  : Context for processor 'ps7_cortexa9_0' is selected.
15:58:39 INFO  : 'con' command is executed.
15:58:39 INFO  : ----------------XSDB Script (After Launch)----------------
targets -set -nocase -filter {name =~ "ARM*#0" && jtag_cable_name =~ "Digilent Zed 210248A39791"} -index 0
con
----------------End of Script----------------

15:58:39 INFO  : Launch script is exported to file 'C:\Users\Riya_Sachdeva\Desktop\ELD_Lab\Lab11_HW_Att2\Lab11_HW_Att2.sdk\.sdk\launch_scripts\xilinx_c-c++_application_(system_debugger)\system_debugger_using_debug_lab11_hw_att2.elf_on_remotebd.tcl'
16:00:03 WARN  : channel "tcfchan#5" closed
16:19:21 INFO  : Connected through redirection to target on host '192.168.226.142' and port '61737'.
16:19:22 INFO  : Jtag cable 'Digilent Zed 210248A39791' is selected.
16:19:22 INFO  : 'jtag frequency' command is executed.
16:19:22 INFO  : Sourcing of 'C:/Users/Riya_Sachdeva/Desktop/ELD_Lab/Lab11_HW_Att2/Lab11_HW_Att2.sdk/design_1_wrapper_hw_platform_0/ps7_init.tcl' is done.
16:19:22 INFO  : Context for 'APU' is selected.
16:19:22 INFO  : System reset is completed.
16:19:25 INFO  : 'after 3000' command is executed.
16:19:25 INFO  : 'targets -set -filter {jtag_cable_name =~ "Digilent Zed 210248A39791" && level==0} -index 1' command is executed.
16:19:28 INFO  : FPGA configured successfully with bitstream "C:/Users/Riya_Sachdeva/Desktop/ELD_Lab/Lab11_HW_Att2/Lab11_HW_Att2.sdk/design_1_wrapper_hw_platform_0/design_1_wrapper.bit"
16:19:28 INFO  : Context for 'APU' is selected.
16:19:28 INFO  : Hardware design information is loaded from 'C:/Users/Riya_Sachdeva/Desktop/ELD_Lab/Lab11_HW_Att2/Lab11_HW_Att2.sdk/design_1_wrapper_hw_platform_0/system.hdf'.
16:19:28 INFO  : 'configparams force-mem-access 1' command is executed.
16:19:28 INFO  : Context for 'APU' is selected.
16:19:33 INFO  : 'ps7_init' command is executed.
16:19:33 INFO  : 'ps7_post_config' command is executed.
16:19:33 INFO  : Context for processor 'ps7_cortexa9_0' is selected.
16:19:34 INFO  : The application 'C:/Users/Riya_Sachdeva/Desktop/ELD_Lab/Lab11_HW_Att2/Lab11_HW_Att2.sdk/Lab11_HW_Att2/Debug/Lab11_HW_Att2.elf' is downloaded to processor 'ps7_cortexa9_0'.
16:19:34 INFO  : 'configparams force-mem-access 0' command is executed.
16:19:34 INFO  : ----------------XSDB Script----------------
connect -path [list tcp::1534 tcp:192.168.226.142:61737]
source C:/Users/Riya_Sachdeva/Desktop/ELD_Lab/Lab11_HW_Att2/Lab11_HW_Att2.sdk/design_1_wrapper_hw_platform_0/ps7_init.tcl
targets -set -nocase -filter {name =~"APU*" && jtag_cable_name =~ "Digilent Zed 210248A39791"} -index 0
rst -system
after 3000
targets -set -filter {jtag_cable_name =~ "Digilent Zed 210248A39791" && level==0} -index 1
fpga -file C:/Users/Riya_Sachdeva/Desktop/ELD_Lab/Lab11_HW_Att2/Lab11_HW_Att2.sdk/design_1_wrapper_hw_platform_0/design_1_wrapper.bit
targets -set -nocase -filter {name =~"APU*" && jtag_cable_name =~ "Digilent Zed 210248A39791"} -index 0
loadhw -hw C:/Users/Riya_Sachdeva/Desktop/ELD_Lab/Lab11_HW_Att2/Lab11_HW_Att2.sdk/design_1_wrapper_hw_platform_0/system.hdf -mem-ranges [list {0x40000000 0xbfffffff}]
configparams force-mem-access 1
targets -set -nocase -filter {name =~"APU*" && jtag_cable_name =~ "Digilent Zed 210248A39791"} -index 0
ps7_init
ps7_post_config
targets -set -nocase -filter {name =~ "ARM*#0" && jtag_cable_name =~ "Digilent Zed 210248A39791"} -index 0
dow C:/Users/Riya_Sachdeva/Desktop/ELD_Lab/Lab11_HW_Att2/Lab11_HW_Att2.sdk/Lab11_HW_Att2/Debug/Lab11_HW_Att2.elf
configparams force-mem-access 0
----------------End of Script----------------

16:19:34 INFO  : Memory regions updated for context APU
16:19:34 INFO  : Context for processor 'ps7_cortexa9_0' is selected.
16:19:34 INFO  : 'con' command is executed.
16:19:34 INFO  : ----------------XSDB Script (After Launch)----------------
targets -set -nocase -filter {name =~ "ARM*#0" && jtag_cable_name =~ "Digilent Zed 210248A39791"} -index 0
con
----------------End of Script----------------

16:19:34 INFO  : Launch script is exported to file 'C:\Users\Riya_Sachdeva\Desktop\ELD_Lab\Lab11_HW_Att2\Lab11_HW_Att2.sdk\.sdk\launch_scripts\xilinx_c-c++_application_(system_debugger)\system_debugger_using_debug_lab11_hw_att2.elf_on_remotebd.tcl'
16:27:59 WARN  : channel "tcfchan#6" closed
12:00:06 INFO  : Registering command handlers for SDK TCF services
12:00:07 INFO  : Launching XSCT server: xsct.bat -interactive C:\Users\Riya_Sachdeva\Desktop\ELD_Lab\Lab11_HW_Att2\Lab11_HW_Att2.sdk\temp_xsdb_launch_script.tcl
12:00:11 INFO  : XSCT server has started successfully.
12:00:16 INFO  : Successfully done setting XSCT server connection channel  
12:00:16 INFO  : Successfully done setting SDK workspace  
12:00:16 INFO  : Processing command line option -hwspec C:/Users/Riya_Sachdeva/Desktop/ELD_Lab/Lab11_HW_Att2/Lab11_HW_Att2.sdk/design_1_wrapper.hdf.
12:00:17 INFO  : Checking for hwspec changes in the project design_1_wrapper_hw_platform_0.
12:23:30 INFO  : Connected through redirection to target on host '192.168.226.142' and port '51088'.
12:23:42 INFO  : Jtag cable 'Digilent Zed 210248A39C93' is selected.
12:23:42 INFO  : 'jtag frequency' command is executed.
12:23:42 INFO  : Sourcing of 'C:/Users/Riya_Sachdeva/Desktop/ELD_Lab/Lab11_HW_Att2/Lab11_HW_Att2.sdk/design_1_wrapper_hw_platform_0/ps7_init.tcl' is done.
12:23:49 INFO  : Context for 'APU' is selected.
12:23:49 INFO  : System reset is completed.
12:23:52 INFO  : 'after 3000' command is executed.
12:23:52 INFO  : 'targets -set -filter {jtag_cable_name =~ "Digilent Zed 210248A39C93" && level==0} -index 1' command is executed.
12:23:54 INFO  : FPGA configured successfully with bitstream "C:/Users/Riya_Sachdeva/Desktop/ELD_Lab/Lab11_HW_Att2/Lab11_HW_Att2.sdk/design_1_wrapper_hw_platform_0/design_1_wrapper.bit"
12:23:54 INFO  : Context for 'APU' is selected.
12:23:55 INFO  : Hardware design information is loaded from 'C:/Users/Riya_Sachdeva/Desktop/ELD_Lab/Lab11_HW_Att2/Lab11_HW_Att2.sdk/design_1_wrapper_hw_platform_0/system.hdf'.
12:23:55 INFO  : 'configparams force-mem-access 1' command is executed.
12:23:55 INFO  : Context for 'APU' is selected.
12:23:56 INFO  : 'ps7_init' command is executed.
12:23:56 INFO  : 'ps7_post_config' command is executed.
12:23:56 INFO  : Context for processor 'ps7_cortexa9_0' is selected.
12:23:56 INFO  : The application 'C:/Users/Riya_Sachdeva/Desktop/ELD_Lab/Lab11_HW_Att2/Lab11_HW_Att2.sdk/Lab11_HW_Att2/Debug/Lab11_HW_Att2.elf' is downloaded to processor 'ps7_cortexa9_0'.
12:23:56 INFO  : 'configparams force-mem-access 0' command is executed.
12:23:56 INFO  : ----------------XSDB Script----------------
connect -path [list tcp::1534 tcp:192.168.226.142:51088]
source C:/Users/Riya_Sachdeva/Desktop/ELD_Lab/Lab11_HW_Att2/Lab11_HW_Att2.sdk/design_1_wrapper_hw_platform_0/ps7_init.tcl
targets -set -nocase -filter {name =~"APU*" && jtag_cable_name =~ "Digilent Zed 210248A39C93"} -index 0
rst -system
after 3000
targets -set -filter {jtag_cable_name =~ "Digilent Zed 210248A39C93" && level==0} -index 1
fpga -file C:/Users/Riya_Sachdeva/Desktop/ELD_Lab/Lab11_HW_Att2/Lab11_HW_Att2.sdk/design_1_wrapper_hw_platform_0/design_1_wrapper.bit
targets -set -nocase -filter {name =~"APU*" && jtag_cable_name =~ "Digilent Zed 210248A39C93"} -index 0
loadhw -hw C:/Users/Riya_Sachdeva/Desktop/ELD_Lab/Lab11_HW_Att2/Lab11_HW_Att2.sdk/design_1_wrapper_hw_platform_0/system.hdf -mem-ranges [list {0x40000000 0xbfffffff}]
configparams force-mem-access 1
targets -set -nocase -filter {name =~"APU*" && jtag_cable_name =~ "Digilent Zed 210248A39C93"} -index 0
ps7_init
ps7_post_config
targets -set -nocase -filter {name =~ "ARM*#0" && jtag_cable_name =~ "Digilent Zed 210248A39C93"} -index 0
dow C:/Users/Riya_Sachdeva/Desktop/ELD_Lab/Lab11_HW_Att2/Lab11_HW_Att2.sdk/Lab11_HW_Att2/Debug/Lab11_HW_Att2.elf
configparams force-mem-access 0
----------------End of Script----------------

12:23:56 INFO  : Memory regions updated for context APU
12:23:56 INFO  : Context for processor 'ps7_cortexa9_0' is selected.
12:23:56 INFO  : 'con' command is executed.
12:23:56 INFO  : ----------------XSDB Script (After Launch)----------------
targets -set -nocase -filter {name =~ "ARM*#0" && jtag_cable_name =~ "Digilent Zed 210248A39C93"} -index 0
con
----------------End of Script----------------

12:23:56 INFO  : Launch script is exported to file 'C:\Users\Riya_Sachdeva\Desktop\ELD_Lab\Lab11_HW_Att2\Lab11_HW_Att2.sdk\.sdk\launch_scripts\xilinx_c-c++_application_(system_debugger)\system_debugger_using_debug_lab11_hw_att2.elf_on_remotebd.tcl'
12:24:44 INFO  : Disconnected from the channel tcfchan#1.
11:35:58 INFO  : Registering command handlers for SDK TCF services
11:36:00 INFO  : Launching XSCT server: xsct.bat -interactive C:\Users\Riya_Sachdeva\Desktop\ELD_Lab\Lab11_HW_Att2\Lab11_HW_Att2.sdk\temp_xsdb_launch_script.tcl
11:36:03 INFO  : XSCT server has started successfully.
11:36:04 INFO  : Successfully done setting XSCT server connection channel  
11:36:04 INFO  : Successfully done setting SDK workspace  
11:36:04 INFO  : Processing command line option -hwspec C:/Users/Riya_Sachdeva/Desktop/ELD_Lab/Lab11_HW_Att2/Lab11_HW_Att2.sdk/design_1_wrapper.hdf.
11:36:04 INFO  : Checking for hwspec changes in the project design_1_wrapper_hw_platform_0.
