14:32:48 INFO  : Registering command handlers for SDK TCF services
14:32:49 INFO  : Launching XSCT server: xsct.bat -interactive C:\Users\Riya_Sachdeva\Desktop\ELD_Lab\Lab9_16_FFT\Lab9_16_FFT.sdk\temp_xsdb_launch_script.tcl
14:32:52 INFO  : XSCT server has started successfully.
14:32:52 INFO  : Successfully done setting XSCT server connection channel  
14:32:52 INFO  : Successfully done setting SDK workspace  
14:32:52 INFO  : Processing command line option -hwspec C:/Users/Riya_Sachdeva/Desktop/ELD_Lab/Lab9_16_FFT/Lab9_16_FFT.sdk/design_1_wrapper.hdf.
16:04:29 INFO  : Refreshed build settings on project Lab9_16_FFT
16:20:13 INFO  : Connected through redirection to target on host '192.168.226.142' and port '52642'.
16:20:22 INFO  : ----------------XSDB Script----------------
connect -path [list tcp::1541 tcp:192.168.226.142:52642]
----------------End of Script----------------

16:22:59 WARN  : Couldn't find target with name: remoteboard
16:23:02 INFO  : Connected through redirection to target on host '192.168.226.142' and port '52642'.
16:23:11 INFO  : ----------------XSDB Script----------------
connect -path [list tcp::1541 tcp:192.168.226.142:52642]
----------------End of Script----------------

16:23:26 INFO  : Connected through redirection to target on host '192.168.226.142' and port '52642'.
16:23:36 INFO  : ----------------XSDB Script----------------
connect -path [list tcp::1541 tcp:192.168.226.142:52642]
----------------End of Script----------------

16:31:58 INFO  : Connected through redirection to target on host '192.168.226.142' and port '61158'.
16:32:06 INFO  : Jtag cable 'Digilent Zybo Z7 210351A78190A' is selected.
16:32:06 INFO  : 'jtag frequency' command is executed.
16:32:06 INFO  : Sourcing of 'C:/Users/Riya_Sachdeva/Desktop/ELD_Lab/Lab9_16_FFT/Lab9_16_FFT.sdk/design_1_wrapper_hw_platform_0/ps7_init.tcl' is done.
16:32:06 INFO  : Context for 'APU' is selected.
16:32:06 INFO  : System reset is completed.
16:32:09 INFO  : 'after 3000' command is executed.
16:32:09 INFO  : Context for 'APU' is selected.
16:32:09 INFO  : Hardware design information is loaded from 'C:/Users/Riya_Sachdeva/Desktop/ELD_Lab/Lab9_16_FFT/Lab9_16_FFT.sdk/design_1_wrapper_hw_platform_0/system.hdf'.
16:32:09 INFO  : 'configparams force-mem-access 1' command is executed.
16:32:09 INFO  : Context for 'APU' is selected.
16:32:16 INFO  : 'ps7_init' command is executed.
16:32:16 INFO  : 'ps7_post_config' command is executed.
16:32:16 INFO  : Context for processor 'ps7_cortexa9_0' is selected.
16:32:16 INFO  : The application 'C:/Users/Riya_Sachdeva/Desktop/ELD_Lab/Lab9_16_FFT/Lab9_16_FFT.sdk/Lab9_16_FFT/Debug/Lab9_16_FFT.elf' is downloaded to processor 'ps7_cortexa9_0'.
16:32:16 INFO  : 'configparams force-mem-access 0' command is executed.
16:32:16 INFO  : ----------------XSDB Script----------------
connect -path [list tcp::1534 tcp:192.168.226.142:61158]
source C:/Users/Riya_Sachdeva/Desktop/ELD_Lab/Lab9_16_FFT/Lab9_16_FFT.sdk/design_1_wrapper_hw_platform_0/ps7_init.tcl
targets -set -nocase -filter {name =~"APU*" && jtag_cable_name =~ "Digilent Zybo Z7 210351A78190A"} -index 0
rst -system
after 3000
targets -set -nocase -filter {name =~"APU*" && jtag_cable_name =~ "Digilent Zybo Z7 210351A78190A"} -index 0
loadhw -hw C:/Users/Riya_Sachdeva/Desktop/ELD_Lab/Lab9_16_FFT/Lab9_16_FFT.sdk/design_1_wrapper_hw_platform_0/system.hdf -mem-ranges [list {0x40000000 0xbfffffff}]
configparams force-mem-access 1
targets -set -nocase -filter {name =~"APU*" && jtag_cable_name =~ "Digilent Zybo Z7 210351A78190A"} -index 0
ps7_init
ps7_post_config
targets -set -nocase -filter {name =~ "ARM*#0" && jtag_cable_name =~ "Digilent Zybo Z7 210351A78190A"} -index 0
dow C:/Users/Riya_Sachdeva/Desktop/ELD_Lab/Lab9_16_FFT/Lab9_16_FFT.sdk/Lab9_16_FFT/Debug/Lab9_16_FFT.elf
configparams force-mem-access 0
----------------End of Script----------------

16:32:17 INFO  : Context for processor 'ps7_cortexa9_0' is selected.
16:32:17 INFO  : 'con' command is executed.
16:32:17 INFO  : ----------------XSDB Script (After Launch)----------------
targets -set -nocase -filter {name =~ "ARM*#0" && jtag_cable_name =~ "Digilent Zybo Z7 210351A78190A"} -index 0
con
----------------End of Script----------------

16:32:17 INFO  : Launch script is exported to file 'C:\Users\Riya_Sachdeva\Desktop\ELD_Lab\Lab9_16_FFT\Lab9_16_FFT.sdk\.sdk\launch_scripts\xilinx_c-c++_application_(system_debugger)\system_debugger_using_debug_lab9_16_fft.elf_on_remoteboard.tcl'
16:33:24 INFO  : Disconnected from the channel tcfchan#2.
16:33:28 INFO  : Connected through redirection to target on host '192.168.226.142' and port '61158'.
16:33:28 INFO  : Jtag cable 'Digilent Zybo Z7 210351A78190A' is selected.
16:33:28 INFO  : 'jtag frequency' command is executed.
16:33:28 INFO  : Sourcing of 'C:/Users/Riya_Sachdeva/Desktop/ELD_Lab/Lab9_16_FFT/Lab9_16_FFT.sdk/design_1_wrapper_hw_platform_0/ps7_init.tcl' is done.
16:33:28 INFO  : Context for 'APU' is selected.
16:33:29 INFO  : System reset is completed.
16:33:32 INFO  : 'after 3000' command is executed.
16:33:32 INFO  : Context for 'APU' is selected.
16:33:34 INFO  : Hardware design information is loaded from 'C:/Users/Riya_Sachdeva/Desktop/ELD_Lab/Lab9_16_FFT/Lab9_16_FFT.sdk/design_1_wrapper_hw_platform_0/system.hdf'.
16:33:34 INFO  : 'configparams force-mem-access 1' command is executed.
16:33:34 INFO  : Context for 'APU' is selected.
16:33:41 INFO  : 'ps7_init' command is executed.
16:33:41 INFO  : 'ps7_post_config' command is executed.
16:33:41 INFO  : Context for processor 'ps7_cortexa9_0' is selected.
16:33:41 INFO  : The application 'C:/Users/Riya_Sachdeva/Desktop/ELD_Lab/Lab9_16_FFT/Lab9_16_FFT.sdk/Lab9_16_FFT/Debug/Lab9_16_FFT.elf' is downloaded to processor 'ps7_cortexa9_0'.
16:33:41 INFO  : 'configparams force-mem-access 0' command is executed.
16:33:41 INFO  : ----------------XSDB Script----------------
connect -path [list tcp::1534 tcp:192.168.226.142:61158]
source C:/Users/Riya_Sachdeva/Desktop/ELD_Lab/Lab9_16_FFT/Lab9_16_FFT.sdk/design_1_wrapper_hw_platform_0/ps7_init.tcl
targets -set -nocase -filter {name =~"APU*" && jtag_cable_name =~ "Digilent Zybo Z7 210351A78190A"} -index 0
rst -system
after 3000
targets -set -nocase -filter {name =~"APU*" && jtag_cable_name =~ "Digilent Zybo Z7 210351A78190A"} -index 0
loadhw -hw C:/Users/Riya_Sachdeva/Desktop/ELD_Lab/Lab9_16_FFT/Lab9_16_FFT.sdk/design_1_wrapper_hw_platform_0/system.hdf -mem-ranges [list {0x40000000 0xbfffffff}]
configparams force-mem-access 1
targets -set -nocase -filter {name =~"APU*" && jtag_cable_name =~ "Digilent Zybo Z7 210351A78190A"} -index 0
ps7_init
ps7_post_config
targets -set -nocase -filter {name =~ "ARM*#0" && jtag_cable_name =~ "Digilent Zybo Z7 210351A78190A"} -index 0
dow C:/Users/Riya_Sachdeva/Desktop/ELD_Lab/Lab9_16_FFT/Lab9_16_FFT.sdk/Lab9_16_FFT/Debug/Lab9_16_FFT.elf
configparams force-mem-access 0
----------------End of Script----------------

16:33:41 INFO  : Context for processor 'ps7_cortexa9_0' is selected.
16:33:41 INFO  : 'con' command is executed.
16:33:41 INFO  : ----------------XSDB Script (After Launch)----------------
targets -set -nocase -filter {name =~ "ARM*#0" && jtag_cable_name =~ "Digilent Zybo Z7 210351A78190A"} -index 0
con
----------------End of Script----------------

16:33:42 INFO  : Launch script is exported to file 'C:\Users\Riya_Sachdeva\Desktop\ELD_Lab\Lab9_16_FFT\Lab9_16_FFT.sdk\.sdk\launch_scripts\xilinx_c-c++_application_(system_debugger)\system_debugger_using_debug_lab9_16_fft.elf_on_remoteboard.tcl'
16:34:30 INFO  : Disconnected from the channel tcfchan#3.
16:34:31 INFO  : Connected through redirection to target on host '192.168.226.142' and port '61158'.
16:34:32 INFO  : Jtag cable 'Digilent Zybo Z7 210351A78190A' is selected.
16:34:32 INFO  : 'jtag frequency' command is executed.
16:34:32 INFO  : Sourcing of 'C:/Users/Riya_Sachdeva/Desktop/ELD_Lab/Lab9_16_FFT/Lab9_16_FFT.sdk/design_1_wrapper_hw_platform_0/ps7_init.tcl' is done.
16:34:32 INFO  : Context for 'APU' is selected.
16:34:32 INFO  : System reset is completed.
16:34:35 INFO  : 'after 3000' command is executed.
16:34:35 INFO  : Context for 'APU' is selected.
16:34:38 INFO  : Hardware design information is loaded from 'C:/Users/Riya_Sachdeva/Desktop/ELD_Lab/Lab9_16_FFT/Lab9_16_FFT.sdk/design_1_wrapper_hw_platform_0/system.hdf'.
16:34:38 INFO  : 'configparams force-mem-access 1' command is executed.
16:34:38 INFO  : Context for 'APU' is selected.
16:34:44 INFO  : 'ps7_init' command is executed.
16:34:45 INFO  : 'ps7_post_config' command is executed.
16:34:45 INFO  : Context for processor 'ps7_cortexa9_0' is selected.
16:34:45 INFO  : The application 'C:/Users/Riya_Sachdeva/Desktop/ELD_Lab/Lab9_16_FFT/Lab9_16_FFT.sdk/Lab9_16_FFT/Debug/Lab9_16_FFT.elf' is downloaded to processor 'ps7_cortexa9_0'.
16:34:45 INFO  : 'configparams force-mem-access 0' command is executed.
16:34:45 INFO  : ----------------XSDB Script----------------
connect -path [list tcp::1534 tcp:192.168.226.142:61158]
source C:/Users/Riya_Sachdeva/Desktop/ELD_Lab/Lab9_16_FFT/Lab9_16_FFT.sdk/design_1_wrapper_hw_platform_0/ps7_init.tcl
targets -set -nocase -filter {name =~"APU*" && jtag_cable_name =~ "Digilent Zybo Z7 210351A78190A"} -index 0
rst -system
after 3000
targets -set -nocase -filter {name =~"APU*" && jtag_cable_name =~ "Digilent Zybo Z7 210351A78190A"} -index 0
loadhw -hw C:/Users/Riya_Sachdeva/Desktop/ELD_Lab/Lab9_16_FFT/Lab9_16_FFT.sdk/design_1_wrapper_hw_platform_0/system.hdf -mem-ranges [list {0x40000000 0xbfffffff}]
configparams force-mem-access 1
targets -set -nocase -filter {name =~"APU*" && jtag_cable_name =~ "Digilent Zybo Z7 210351A78190A"} -index 0
ps7_init
ps7_post_config
targets -set -nocase -filter {name =~ "ARM*#0" && jtag_cable_name =~ "Digilent Zybo Z7 210351A78190A"} -index 0
dow C:/Users/Riya_Sachdeva/Desktop/ELD_Lab/Lab9_16_FFT/Lab9_16_FFT.sdk/Lab9_16_FFT/Debug/Lab9_16_FFT.elf
configparams force-mem-access 0
----------------End of Script----------------

16:34:46 INFO  : Context for processor 'ps7_cortexa9_0' is selected.
16:34:46 INFO  : 'con' command is executed.
16:34:46 INFO  : ----------------XSDB Script (After Launch)----------------
targets -set -nocase -filter {name =~ "ARM*#0" && jtag_cable_name =~ "Digilent Zybo Z7 210351A78190A"} -index 0
con
----------------End of Script----------------

16:34:46 INFO  : Launch script is exported to file 'C:\Users\Riya_Sachdeva\Desktop\ELD_Lab\Lab9_16_FFT\Lab9_16_FFT.sdk\.sdk\launch_scripts\xilinx_c-c++_application_(system_debugger)\system_debugger_using_debug_lab9_16_fft.elf_on_remoteboard.tcl'
16:35:25 INFO  : Disconnected from the channel tcfchan#4.
16:35:27 INFO  : Connected through redirection to target on host '192.168.226.142' and port '61158'.
16:35:27 INFO  : Jtag cable 'Digilent Zybo Z7 210351A78190A' is selected.
16:35:27 INFO  : 'jtag frequency' command is executed.
16:35:27 INFO  : Sourcing of 'C:/Users/Riya_Sachdeva/Desktop/ELD_Lab/Lab9_16_FFT/Lab9_16_FFT.sdk/design_1_wrapper_hw_platform_0/ps7_init.tcl' is done.
16:35:34 INFO  : Context for 'APU' is selected.
16:35:34 INFO  : System reset is completed.
16:35:37 INFO  : 'after 3000' command is executed.
16:35:37 INFO  : Context for 'APU' is selected.
16:35:39 INFO  : Hardware design information is loaded from 'C:/Users/Riya_Sachdeva/Desktop/ELD_Lab/Lab9_16_FFT/Lab9_16_FFT.sdk/design_1_wrapper_hw_platform_0/system.hdf'.
16:35:39 INFO  : 'configparams force-mem-access 1' command is executed.
16:35:39 INFO  : Context for 'APU' is selected.
16:35:45 INFO  : 'ps7_init' command is executed.
16:35:45 INFO  : 'ps7_post_config' command is executed.
16:35:46 INFO  : Context for processor 'ps7_cortexa9_0' is selected.
16:35:46 INFO  : The application 'C:/Users/Riya_Sachdeva/Desktop/ELD_Lab/Lab9_16_FFT/Lab9_16_FFT.sdk/Lab9_16_FFT/Debug/Lab9_16_FFT.elf' is downloaded to processor 'ps7_cortexa9_0'.
16:35:46 INFO  : 'configparams force-mem-access 0' command is executed.
16:35:46 INFO  : ----------------XSDB Script----------------
connect -path [list tcp::1534 tcp:192.168.226.142:61158]
source C:/Users/Riya_Sachdeva/Desktop/ELD_Lab/Lab9_16_FFT/Lab9_16_FFT.sdk/design_1_wrapper_hw_platform_0/ps7_init.tcl
targets -set -nocase -filter {name =~"APU*" && jtag_cable_name =~ "Digilent Zybo Z7 210351A78190A"} -index 0
rst -system
after 3000
targets -set -nocase -filter {name =~"APU*" && jtag_cable_name =~ "Digilent Zybo Z7 210351A78190A"} -index 0
loadhw -hw C:/Users/Riya_Sachdeva/Desktop/ELD_Lab/Lab9_16_FFT/Lab9_16_FFT.sdk/design_1_wrapper_hw_platform_0/system.hdf -mem-ranges [list {0x40000000 0xbfffffff}]
configparams force-mem-access 1
targets -set -nocase -filter {name =~"APU*" && jtag_cable_name =~ "Digilent Zybo Z7 210351A78190A"} -index 0
ps7_init
ps7_post_config
targets -set -nocase -filter {name =~ "ARM*#0" && jtag_cable_name =~ "Digilent Zybo Z7 210351A78190A"} -index 0
dow C:/Users/Riya_Sachdeva/Desktop/ELD_Lab/Lab9_16_FFT/Lab9_16_FFT.sdk/Lab9_16_FFT/Debug/Lab9_16_FFT.elf
configparams force-mem-access 0
----------------End of Script----------------

16:35:46 INFO  : Context for processor 'ps7_cortexa9_0' is selected.
16:35:46 INFO  : 'con' command is executed.
16:35:46 INFO  : ----------------XSDB Script (After Launch)----------------
targets -set -nocase -filter {name =~ "ARM*#0" && jtag_cable_name =~ "Digilent Zybo Z7 210351A78190A"} -index 0
con
----------------End of Script----------------

16:35:46 INFO  : Launch script is exported to file 'C:\Users\Riya_Sachdeva\Desktop\ELD_Lab\Lab9_16_FFT\Lab9_16_FFT.sdk\.sdk\launch_scripts\xilinx_c-c++_application_(system_debugger)\system_debugger_using_debug_lab9_16_fft.elf_on_remoteboard.tcl'
16:37:25 INFO  : Disconnected from the channel tcfchan#5.
16:37:26 INFO  : Connected through redirection to target on host '192.168.226.142' and port '61158'.
16:37:26 INFO  : Jtag cable 'Digilent Zybo Z7 210351A78190A' is selected.
16:37:26 INFO  : 'jtag frequency' command is executed.
16:37:26 INFO  : Sourcing of 'C:/Users/Riya_Sachdeva/Desktop/ELD_Lab/Lab9_16_FFT/Lab9_16_FFT.sdk/design_1_wrapper_hw_platform_0/ps7_init.tcl' is done.
16:37:26 INFO  : Context for 'APU' is selected.
16:37:27 INFO  : System reset is completed.
16:37:30 INFO  : 'after 3000' command is executed.
16:37:30 INFO  : Context for 'APU' is selected.
16:37:32 INFO  : Hardware design information is loaded from 'C:/Users/Riya_Sachdeva/Desktop/ELD_Lab/Lab9_16_FFT/Lab9_16_FFT.sdk/design_1_wrapper_hw_platform_0/system.hdf'.
16:37:32 INFO  : 'configparams force-mem-access 1' command is executed.
16:37:32 INFO  : Context for 'APU' is selected.
16:37:38 INFO  : 'ps7_init' command is executed.
16:37:38 INFO  : 'ps7_post_config' command is executed.
16:37:38 INFO  : Context for processor 'ps7_cortexa9_0' is selected.
16:37:39 INFO  : The application 'C:/Users/Riya_Sachdeva/Desktop/ELD_Lab/Lab9_16_FFT/Lab9_16_FFT.sdk/Lab9_16_FFT/Debug/Lab9_16_FFT.elf' is downloaded to processor 'ps7_cortexa9_0'.
16:37:39 INFO  : 'configparams force-mem-access 0' command is executed.
16:37:39 INFO  : ----------------XSDB Script----------------
connect -path [list tcp::1534 tcp:192.168.226.142:61158]
source C:/Users/Riya_Sachdeva/Desktop/ELD_Lab/Lab9_16_FFT/Lab9_16_FFT.sdk/design_1_wrapper_hw_platform_0/ps7_init.tcl
targets -set -nocase -filter {name =~"APU*" && jtag_cable_name =~ "Digilent Zybo Z7 210351A78190A"} -index 0
rst -system
after 3000
targets -set -nocase -filter {name =~"APU*" && jtag_cable_name =~ "Digilent Zybo Z7 210351A78190A"} -index 0
loadhw -hw C:/Users/Riya_Sachdeva/Desktop/ELD_Lab/Lab9_16_FFT/Lab9_16_FFT.sdk/design_1_wrapper_hw_platform_0/system.hdf -mem-ranges [list {0x40000000 0xbfffffff}]
configparams force-mem-access 1
targets -set -nocase -filter {name =~"APU*" && jtag_cable_name =~ "Digilent Zybo Z7 210351A78190A"} -index 0
ps7_init
ps7_post_config
targets -set -nocase -filter {name =~ "ARM*#0" && jtag_cable_name =~ "Digilent Zybo Z7 210351A78190A"} -index 0
dow C:/Users/Riya_Sachdeva/Desktop/ELD_Lab/Lab9_16_FFT/Lab9_16_FFT.sdk/Lab9_16_FFT/Debug/Lab9_16_FFT.elf
configparams force-mem-access 0
----------------End of Script----------------

16:37:39 INFO  : Context for processor 'ps7_cortexa9_0' is selected.
16:37:39 INFO  : 'con' command is executed.
16:37:39 INFO  : ----------------XSDB Script (After Launch)----------------
targets -set -nocase -filter {name =~ "ARM*#0" && jtag_cable_name =~ "Digilent Zybo Z7 210351A78190A"} -index 0
con
----------------End of Script----------------

16:37:39 INFO  : Launch script is exported to file 'C:\Users\Riya_Sachdeva\Desktop\ELD_Lab\Lab9_16_FFT\Lab9_16_FFT.sdk\.sdk\launch_scripts\xilinx_c-c++_application_(system_debugger)\system_debugger_using_debug_lab9_16_fft.elf_on_remoteboard.tcl'
16:42:23 INFO  : Disconnected from the channel tcfchan#6.
16:42:24 INFO  : Connected through redirection to target on host '192.168.226.142' and port '61158'.
16:42:24 INFO  : Jtag cable 'Digilent Zybo Z7 210351A78190A' is selected.
16:42:24 INFO  : 'jtag frequency' command is executed.
16:42:24 INFO  : Sourcing of 'C:/Users/Riya_Sachdeva/Desktop/ELD_Lab/Lab9_16_FFT/Lab9_16_FFT.sdk/design_1_wrapper_hw_platform_0/ps7_init.tcl' is done.
16:42:24 INFO  : Context for 'APU' is selected.
16:42:25 INFO  : System reset is completed.
16:42:28 INFO  : 'after 3000' command is executed.
16:42:28 INFO  : Context for 'APU' is selected.
16:42:30 INFO  : Hardware design information is loaded from 'C:/Users/Riya_Sachdeva/Desktop/ELD_Lab/Lab9_16_FFT/Lab9_16_FFT.sdk/design_1_wrapper_hw_platform_0/system.hdf'.
16:42:30 INFO  : 'configparams force-mem-access 1' command is executed.
16:42:30 INFO  : Context for 'APU' is selected.
16:42:37 INFO  : 'ps7_init' command is executed.
16:42:37 INFO  : 'ps7_post_config' command is executed.
16:42:37 INFO  : Context for processor 'ps7_cortexa9_0' is selected.
16:42:38 INFO  : The application 'C:/Users/Riya_Sachdeva/Desktop/ELD_Lab/Lab9_16_FFT/Lab9_16_FFT.sdk/Lab9_16_FFT/Debug/Lab9_16_FFT.elf' is downloaded to processor 'ps7_cortexa9_0'.
16:42:38 INFO  : 'configparams force-mem-access 0' command is executed.
16:42:38 INFO  : ----------------XSDB Script----------------
connect -path [list tcp::1534 tcp:192.168.226.142:61158]
source C:/Users/Riya_Sachdeva/Desktop/ELD_Lab/Lab9_16_FFT/Lab9_16_FFT.sdk/design_1_wrapper_hw_platform_0/ps7_init.tcl
targets -set -nocase -filter {name =~"APU*" && jtag_cable_name =~ "Digilent Zybo Z7 210351A78190A"} -index 0
rst -system
after 3000
targets -set -nocase -filter {name =~"APU*" && jtag_cable_name =~ "Digilent Zybo Z7 210351A78190A"} -index 0
loadhw -hw C:/Users/Riya_Sachdeva/Desktop/ELD_Lab/Lab9_16_FFT/Lab9_16_FFT.sdk/design_1_wrapper_hw_platform_0/system.hdf -mem-ranges [list {0x40000000 0xbfffffff}]
configparams force-mem-access 1
targets -set -nocase -filter {name =~"APU*" && jtag_cable_name =~ "Digilent Zybo Z7 210351A78190A"} -index 0
ps7_init
ps7_post_config
targets -set -nocase -filter {name =~ "ARM*#0" && jtag_cable_name =~ "Digilent Zybo Z7 210351A78190A"} -index 0
dow C:/Users/Riya_Sachdeva/Desktop/ELD_Lab/Lab9_16_FFT/Lab9_16_FFT.sdk/Lab9_16_FFT/Debug/Lab9_16_FFT.elf
configparams force-mem-access 0
----------------End of Script----------------

16:42:38 INFO  : Context for processor 'ps7_cortexa9_0' is selected.
16:42:38 INFO  : 'con' command is executed.
16:42:38 INFO  : ----------------XSDB Script (After Launch)----------------
targets -set -nocase -filter {name =~ "ARM*#0" && jtag_cable_name =~ "Digilent Zybo Z7 210351A78190A"} -index 0
con
----------------End of Script----------------

16:42:38 INFO  : Launch script is exported to file 'C:\Users\Riya_Sachdeva\Desktop\ELD_Lab\Lab9_16_FFT\Lab9_16_FFT.sdk\.sdk\launch_scripts\xilinx_c-c++_application_(system_debugger)\system_debugger_using_debug_lab9_16_fft.elf_on_remoteboard.tcl'
16:43:06 INFO  : Disconnected from the channel tcfchan#7.
16:43:07 INFO  : Connected through redirection to target on host '192.168.226.142' and port '61158'.
16:43:07 INFO  : Jtag cable 'Digilent Zybo Z7 210351A78190A' is selected.
16:43:07 INFO  : 'jtag frequency' command is executed.
16:43:07 INFO  : Sourcing of 'C:/Users/Riya_Sachdeva/Desktop/ELD_Lab/Lab9_16_FFT/Lab9_16_FFT.sdk/design_1_wrapper_hw_platform_0/ps7_init.tcl' is done.
16:43:07 INFO  : Context for 'APU' is selected.
16:43:08 INFO  : System reset is completed.
16:43:11 INFO  : 'after 3000' command is executed.
16:43:11 INFO  : Context for 'APU' is selected.
16:43:13 INFO  : Hardware design information is loaded from 'C:/Users/Riya_Sachdeva/Desktop/ELD_Lab/Lab9_16_FFT/Lab9_16_FFT.sdk/design_1_wrapper_hw_platform_0/system.hdf'.
16:43:13 INFO  : 'configparams force-mem-access 1' command is executed.
16:43:13 INFO  : Context for 'APU' is selected.
16:43:20 INFO  : 'ps7_init' command is executed.
16:43:21 INFO  : 'ps7_post_config' command is executed.
16:43:21 INFO  : Context for processor 'ps7_cortexa9_0' is selected.
16:43:21 INFO  : The application 'C:/Users/Riya_Sachdeva/Desktop/ELD_Lab/Lab9_16_FFT/Lab9_16_FFT.sdk/Lab9_16_FFT/Debug/Lab9_16_FFT.elf' is downloaded to processor 'ps7_cortexa9_0'.
16:43:21 INFO  : 'configparams force-mem-access 0' command is executed.
16:43:21 INFO  : ----------------XSDB Script----------------
connect -path [list tcp::1534 tcp:192.168.226.142:61158]
source C:/Users/Riya_Sachdeva/Desktop/ELD_Lab/Lab9_16_FFT/Lab9_16_FFT.sdk/design_1_wrapper_hw_platform_0/ps7_init.tcl
targets -set -nocase -filter {name =~"APU*" && jtag_cable_name =~ "Digilent Zybo Z7 210351A78190A"} -index 0
rst -system
after 3000
targets -set -nocase -filter {name =~"APU*" && jtag_cable_name =~ "Digilent Zybo Z7 210351A78190A"} -index 0
loadhw -hw C:/Users/Riya_Sachdeva/Desktop/ELD_Lab/Lab9_16_FFT/Lab9_16_FFT.sdk/design_1_wrapper_hw_platform_0/system.hdf -mem-ranges [list {0x40000000 0xbfffffff}]
configparams force-mem-access 1
targets -set -nocase -filter {name =~"APU*" && jtag_cable_name =~ "Digilent Zybo Z7 210351A78190A"} -index 0
ps7_init
ps7_post_config
targets -set -nocase -filter {name =~ "ARM*#0" && jtag_cable_name =~ "Digilent Zybo Z7 210351A78190A"} -index 0
dow C:/Users/Riya_Sachdeva/Desktop/ELD_Lab/Lab9_16_FFT/Lab9_16_FFT.sdk/Lab9_16_FFT/Debug/Lab9_16_FFT.elf
configparams force-mem-access 0
----------------End of Script----------------

16:43:21 INFO  : Context for processor 'ps7_cortexa9_0' is selected.
16:43:21 INFO  : 'con' command is executed.
16:43:21 INFO  : ----------------XSDB Script (After Launch)----------------
targets -set -nocase -filter {name =~ "ARM*#0" && jtag_cable_name =~ "Digilent Zybo Z7 210351A78190A"} -index 0
con
----------------End of Script----------------

16:43:21 INFO  : Launch script is exported to file 'C:\Users\Riya_Sachdeva\Desktop\ELD_Lab\Lab9_16_FFT\Lab9_16_FFT.sdk\.sdk\launch_scripts\xilinx_c-c++_application_(system_debugger)\system_debugger_using_debug_lab9_16_fft.elf_on_remoteboard.tcl'
16:45:13 WARN  : channel "tcfchan#8" closed
17:01:48 INFO  : Connected through redirection to target on host '192.168.226.142' and port '50138'.
17:01:55 INFO  : Jtag cable 'Digilent Zybo Z7 210351A78190A' is selected.
17:01:55 INFO  : 'jtag frequency' command is executed.
17:01:55 INFO  : Sourcing of 'C:/Users/Riya_Sachdeva/Desktop/ELD_Lab/Lab9_16_FFT/Lab9_16_FFT.sdk/design_1_wrapper_hw_platform_0/ps7_init.tcl' is done.
17:01:55 INFO  : Context for 'APU' is selected.
17:01:56 INFO  : System reset is completed.
17:01:59 INFO  : 'after 3000' command is executed.
17:01:59 INFO  : Context for 'APU' is selected.
17:01:59 INFO  : Hardware design information is loaded from 'C:/Users/Riya_Sachdeva/Desktop/ELD_Lab/Lab9_16_FFT/Lab9_16_FFT.sdk/design_1_wrapper_hw_platform_0/system.hdf'.
17:01:59 INFO  : 'configparams force-mem-access 1' command is executed.
17:01:59 INFO  : Context for 'APU' is selected.
17:02:06 INFO  : 'ps7_init' command is executed.
17:02:06 INFO  : 'ps7_post_config' command is executed.
17:02:06 INFO  : Context for processor 'ps7_cortexa9_0' is selected.
17:02:07 INFO  : The application 'C:/Users/Riya_Sachdeva/Desktop/ELD_Lab/Lab9_16_FFT/Lab9_16_FFT.sdk/Lab9_16_FFT/Debug/Lab9_16_FFT.elf' is downloaded to processor 'ps7_cortexa9_0'.
17:02:07 INFO  : 'configparams force-mem-access 0' command is executed.
17:02:07 INFO  : ----------------XSDB Script----------------
connect -path [list tcp::1534 tcp:192.168.226.142:50138]
source C:/Users/Riya_Sachdeva/Desktop/ELD_Lab/Lab9_16_FFT/Lab9_16_FFT.sdk/design_1_wrapper_hw_platform_0/ps7_init.tcl
targets -set -nocase -filter {name =~"APU*" && jtag_cable_name =~ "Digilent Zybo Z7 210351A78190A"} -index 0
rst -system
after 3000
targets -set -nocase -filter {name =~"APU*" && jtag_cable_name =~ "Digilent Zybo Z7 210351A78190A"} -index 0
loadhw -hw C:/Users/Riya_Sachdeva/Desktop/ELD_Lab/Lab9_16_FFT/Lab9_16_FFT.sdk/design_1_wrapper_hw_platform_0/system.hdf -mem-ranges [list {0x40000000 0xbfffffff}]
configparams force-mem-access 1
targets -set -nocase -filter {name =~"APU*" && jtag_cable_name =~ "Digilent Zybo Z7 210351A78190A"} -index 0
ps7_init
ps7_post_config
targets -set -nocase -filter {name =~ "ARM*#0" && jtag_cable_name =~ "Digilent Zybo Z7 210351A78190A"} -index 0
dow C:/Users/Riya_Sachdeva/Desktop/ELD_Lab/Lab9_16_FFT/Lab9_16_FFT.sdk/Lab9_16_FFT/Debug/Lab9_16_FFT.elf
configparams force-mem-access 0
----------------End of Script----------------

17:02:07 INFO  : Context for processor 'ps7_cortexa9_0' is selected.
17:02:07 INFO  : 'con' command is executed.
17:02:07 INFO  : ----------------XSDB Script (After Launch)----------------
targets -set -nocase -filter {name =~ "ARM*#0" && jtag_cable_name =~ "Digilent Zybo Z7 210351A78190A"} -index 0
con
----------------End of Script----------------

17:02:07 INFO  : Launch script is exported to file 'C:\Users\Riya_Sachdeva\Desktop\ELD_Lab\Lab9_16_FFT\Lab9_16_FFT.sdk\.sdk\launch_scripts\xilinx_c-c++_application_(system_debugger)\system_debugger_using_debug_lab9_16_fft.elf_on_remoteboard.tcl'
17:06:46 INFO  : Disconnected from the channel tcfchan#9.
17:06:47 INFO  : Connected through redirection to target on host '192.168.226.142' and port '50138'.
17:06:48 INFO  : Jtag cable 'Digilent Zybo Z7 210351A78190A' is selected.
17:06:48 INFO  : 'jtag frequency' command is executed.
17:06:48 INFO  : Sourcing of 'C:/Users/Riya_Sachdeva/Desktop/ELD_Lab/Lab9_16_FFT/Lab9_16_FFT.sdk/design_1_wrapper_hw_platform_0/ps7_init.tcl' is done.
17:06:48 INFO  : Context for 'APU' is selected.
17:06:48 INFO  : System reset is completed.
17:06:51 INFO  : 'after 3000' command is executed.
17:06:51 INFO  : Context for 'APU' is selected.
17:06:53 INFO  : Hardware design information is loaded from 'C:/Users/Riya_Sachdeva/Desktop/ELD_Lab/Lab9_16_FFT/Lab9_16_FFT.sdk/design_1_wrapper_hw_platform_0/system.hdf'.
17:06:53 INFO  : 'configparams force-mem-access 1' command is executed.
17:06:54 INFO  : Context for 'APU' is selected.
17:07:00 INFO  : 'ps7_init' command is executed.
17:07:00 INFO  : 'ps7_post_config' command is executed.
17:07:00 INFO  : Context for processor 'ps7_cortexa9_0' is selected.
17:07:01 INFO  : The application 'C:/Users/Riya_Sachdeva/Desktop/ELD_Lab/Lab9_16_FFT/Lab9_16_FFT.sdk/Lab9_16_FFT/Debug/Lab9_16_FFT.elf' is downloaded to processor 'ps7_cortexa9_0'.
17:07:01 INFO  : 'configparams force-mem-access 0' command is executed.
17:07:01 INFO  : ----------------XSDB Script----------------
connect -path [list tcp::1534 tcp:192.168.226.142:50138]
source C:/Users/Riya_Sachdeva/Desktop/ELD_Lab/Lab9_16_FFT/Lab9_16_FFT.sdk/design_1_wrapper_hw_platform_0/ps7_init.tcl
targets -set -nocase -filter {name =~"APU*" && jtag_cable_name =~ "Digilent Zybo Z7 210351A78190A"} -index 0
rst -system
after 3000
targets -set -nocase -filter {name =~"APU*" && jtag_cable_name =~ "Digilent Zybo Z7 210351A78190A"} -index 0
loadhw -hw C:/Users/Riya_Sachdeva/Desktop/ELD_Lab/Lab9_16_FFT/Lab9_16_FFT.sdk/design_1_wrapper_hw_platform_0/system.hdf -mem-ranges [list {0x40000000 0xbfffffff}]
configparams force-mem-access 1
targets -set -nocase -filter {name =~"APU*" && jtag_cable_name =~ "Digilent Zybo Z7 210351A78190A"} -index 0
ps7_init
ps7_post_config
targets -set -nocase -filter {name =~ "ARM*#0" && jtag_cable_name =~ "Digilent Zybo Z7 210351A78190A"} -index 0
dow C:/Users/Riya_Sachdeva/Desktop/ELD_Lab/Lab9_16_FFT/Lab9_16_FFT.sdk/Lab9_16_FFT/Debug/Lab9_16_FFT.elf
configparams force-mem-access 0
----------------End of Script----------------

17:07:01 INFO  : Context for processor 'ps7_cortexa9_0' is selected.
17:07:01 INFO  : 'con' command is executed.
17:07:01 INFO  : ----------------XSDB Script (After Launch)----------------
targets -set -nocase -filter {name =~ "ARM*#0" && jtag_cable_name =~ "Digilent Zybo Z7 210351A78190A"} -index 0
con
----------------End of Script----------------

17:07:01 INFO  : Launch script is exported to file 'C:\Users\Riya_Sachdeva\Desktop\ELD_Lab\Lab9_16_FFT\Lab9_16_FFT.sdk\.sdk\launch_scripts\xilinx_c-c++_application_(system_debugger)\system_debugger_using_debug_lab9_16_fft.elf_on_remoteboard.tcl'
17:08:05 INFO  : Disconnected from the channel tcfchan#10.
17:08:06 INFO  : Connected through redirection to target on host '192.168.226.142' and port '50138'.
17:08:06 INFO  : Jtag cable 'Digilent Zybo Z7 210351A78190A' is selected.
17:08:06 INFO  : 'jtag frequency' command is executed.
17:08:06 INFO  : Sourcing of 'C:/Users/Riya_Sachdeva/Desktop/ELD_Lab/Lab9_16_FFT/Lab9_16_FFT.sdk/design_1_wrapper_hw_platform_0/ps7_init.tcl' is done.
17:08:07 INFO  : Context for 'APU' is selected.
17:08:07 INFO  : System reset is completed.
17:08:10 INFO  : 'after 3000' command is executed.
17:08:10 INFO  : Context for 'APU' is selected.
17:08:12 INFO  : Hardware design information is loaded from 'C:/Users/Riya_Sachdeva/Desktop/ELD_Lab/Lab9_16_FFT/Lab9_16_FFT.sdk/design_1_wrapper_hw_platform_0/system.hdf'.
17:08:12 INFO  : 'configparams force-mem-access 1' command is executed.
17:08:12 INFO  : Context for 'APU' is selected.
17:08:19 INFO  : 'ps7_init' command is executed.
17:08:19 INFO  : 'ps7_post_config' command is executed.
17:08:19 INFO  : Context for processor 'ps7_cortexa9_0' is selected.
17:08:19 INFO  : The application 'C:/Users/Riya_Sachdeva/Desktop/ELD_Lab/Lab9_16_FFT/Lab9_16_FFT.sdk/Lab9_16_FFT/Debug/Lab9_16_FFT.elf' is downloaded to processor 'ps7_cortexa9_0'.
17:08:19 INFO  : 'configparams force-mem-access 0' command is executed.
17:08:19 INFO  : ----------------XSDB Script----------------
connect -path [list tcp::1534 tcp:192.168.226.142:50138]
source C:/Users/Riya_Sachdeva/Desktop/ELD_Lab/Lab9_16_FFT/Lab9_16_FFT.sdk/design_1_wrapper_hw_platform_0/ps7_init.tcl
targets -set -nocase -filter {name =~"APU*" && jtag_cable_name =~ "Digilent Zybo Z7 210351A78190A"} -index 0
rst -system
after 3000
targets -set -nocase -filter {name =~"APU*" && jtag_cable_name =~ "Digilent Zybo Z7 210351A78190A"} -index 0
loadhw -hw C:/Users/Riya_Sachdeva/Desktop/ELD_Lab/Lab9_16_FFT/Lab9_16_FFT.sdk/design_1_wrapper_hw_platform_0/system.hdf -mem-ranges [list {0x40000000 0xbfffffff}]
configparams force-mem-access 1
targets -set -nocase -filter {name =~"APU*" && jtag_cable_name =~ "Digilent Zybo Z7 210351A78190A"} -index 0
ps7_init
ps7_post_config
targets -set -nocase -filter {name =~ "ARM*#0" && jtag_cable_name =~ "Digilent Zybo Z7 210351A78190A"} -index 0
dow C:/Users/Riya_Sachdeva/Desktop/ELD_Lab/Lab9_16_FFT/Lab9_16_FFT.sdk/Lab9_16_FFT/Debug/Lab9_16_FFT.elf
configparams force-mem-access 0
----------------End of Script----------------

17:08:19 INFO  : Context for processor 'ps7_cortexa9_0' is selected.
17:08:19 INFO  : 'con' command is executed.
17:08:19 INFO  : ----------------XSDB Script (After Launch)----------------
targets -set -nocase -filter {name =~ "ARM*#0" && jtag_cable_name =~ "Digilent Zybo Z7 210351A78190A"} -index 0
con
----------------End of Script----------------

17:08:20 INFO  : Launch script is exported to file 'C:\Users\Riya_Sachdeva\Desktop\ELD_Lab\Lab9_16_FFT\Lab9_16_FFT.sdk\.sdk\launch_scripts\xilinx_c-c++_application_(system_debugger)\system_debugger_using_debug_lab9_16_fft.elf_on_remoteboard.tcl'
17:08:42 INFO  : Disconnected from the channel tcfchan#11.
17:08:43 INFO  : Connected through redirection to target on host '192.168.226.142' and port '50138'.
17:08:43 INFO  : Jtag cable 'Digilent Zybo Z7 210351A78190A' is selected.
17:08:43 INFO  : 'jtag frequency' command is executed.
17:08:43 INFO  : Sourcing of 'C:/Users/Riya_Sachdeva/Desktop/ELD_Lab/Lab9_16_FFT/Lab9_16_FFT.sdk/design_1_wrapper_hw_platform_0/ps7_init.tcl' is done.
17:08:43 INFO  : Context for 'APU' is selected.
17:08:44 INFO  : System reset is completed.
17:08:47 INFO  : 'after 3000' command is executed.
17:08:47 INFO  : Context for 'APU' is selected.
17:08:48 INFO  : Hardware design information is loaded from 'C:/Users/Riya_Sachdeva/Desktop/ELD_Lab/Lab9_16_FFT/Lab9_16_FFT.sdk/design_1_wrapper_hw_platform_0/system.hdf'.
17:08:48 INFO  : 'configparams force-mem-access 1' command is executed.
17:08:48 INFO  : Context for 'APU' is selected.
17:08:55 INFO  : 'ps7_init' command is executed.
17:08:55 INFO  : 'ps7_post_config' command is executed.
17:08:55 INFO  : Context for processor 'ps7_cortexa9_0' is selected.
17:08:55 INFO  : The application 'C:/Users/Riya_Sachdeva/Desktop/ELD_Lab/Lab9_16_FFT/Lab9_16_FFT.sdk/Lab9_16_FFT/Debug/Lab9_16_FFT.elf' is downloaded to processor 'ps7_cortexa9_0'.
17:08:55 INFO  : 'configparams force-mem-access 0' command is executed.
17:08:55 INFO  : ----------------XSDB Script----------------
connect -path [list tcp::1534 tcp:192.168.226.142:50138]
source C:/Users/Riya_Sachdeva/Desktop/ELD_Lab/Lab9_16_FFT/Lab9_16_FFT.sdk/design_1_wrapper_hw_platform_0/ps7_init.tcl
targets -set -nocase -filter {name =~"APU*" && jtag_cable_name =~ "Digilent Zybo Z7 210351A78190A"} -index 0
rst -system
after 3000
targets -set -nocase -filter {name =~"APU*" && jtag_cable_name =~ "Digilent Zybo Z7 210351A78190A"} -index 0
loadhw -hw C:/Users/Riya_Sachdeva/Desktop/ELD_Lab/Lab9_16_FFT/Lab9_16_FFT.sdk/design_1_wrapper_hw_platform_0/system.hdf -mem-ranges [list {0x40000000 0xbfffffff}]
configparams force-mem-access 1
targets -set -nocase -filter {name =~"APU*" && jtag_cable_name =~ "Digilent Zybo Z7 210351A78190A"} -index 0
ps7_init
ps7_post_config
targets -set -nocase -filter {name =~ "ARM*#0" && jtag_cable_name =~ "Digilent Zybo Z7 210351A78190A"} -index 0
dow C:/Users/Riya_Sachdeva/Desktop/ELD_Lab/Lab9_16_FFT/Lab9_16_FFT.sdk/Lab9_16_FFT/Debug/Lab9_16_FFT.elf
configparams force-mem-access 0
----------------End of Script----------------

17:08:55 INFO  : Context for processor 'ps7_cortexa9_0' is selected.
17:08:55 INFO  : 'con' command is executed.
17:08:55 INFO  : ----------------XSDB Script (After Launch)----------------
targets -set -nocase -filter {name =~ "ARM*#0" && jtag_cable_name =~ "Digilent Zybo Z7 210351A78190A"} -index 0
con
----------------End of Script----------------

17:08:55 INFO  : Launch script is exported to file 'C:\Users\Riya_Sachdeva\Desktop\ELD_Lab\Lab9_16_FFT\Lab9_16_FFT.sdk\.sdk\launch_scripts\xilinx_c-c++_application_(system_debugger)\system_debugger_using_debug_lab9_16_fft.elf_on_remoteboard.tcl'
17:09:19 INFO  : Disconnected from the channel tcfchan#12.
17:09:20 INFO  : Connected through redirection to target on host '192.168.226.142' and port '50138'.
17:09:20 INFO  : Jtag cable 'Digilent Zybo Z7 210351A78190A' is selected.
17:09:20 INFO  : 'jtag frequency' command is executed.
17:09:20 INFO  : Sourcing of 'C:/Users/Riya_Sachdeva/Desktop/ELD_Lab/Lab9_16_FFT/Lab9_16_FFT.sdk/design_1_wrapper_hw_platform_0/ps7_init.tcl' is done.
17:09:21 INFO  : Context for 'APU' is selected.
17:09:21 INFO  : System reset is completed.
17:09:24 INFO  : 'after 3000' command is executed.
17:09:24 INFO  : Context for 'APU' is selected.
17:09:25 INFO  : Hardware design information is loaded from 'C:/Users/Riya_Sachdeva/Desktop/ELD_Lab/Lab9_16_FFT/Lab9_16_FFT.sdk/design_1_wrapper_hw_platform_0/system.hdf'.
17:09:25 INFO  : 'configparams force-mem-access 1' command is executed.
17:09:25 INFO  : Context for 'APU' is selected.
17:09:32 INFO  : 'ps7_init' command is executed.
17:09:33 INFO  : 'ps7_post_config' command is executed.
17:09:33 INFO  : Context for processor 'ps7_cortexa9_0' is selected.
17:09:33 INFO  : The application 'C:/Users/Riya_Sachdeva/Desktop/ELD_Lab/Lab9_16_FFT/Lab9_16_FFT.sdk/Lab9_16_FFT/Debug/Lab9_16_FFT.elf' is downloaded to processor 'ps7_cortexa9_0'.
17:09:33 INFO  : 'configparams force-mem-access 0' command is executed.
17:09:33 INFO  : ----------------XSDB Script----------------
connect -path [list tcp::1534 tcp:192.168.226.142:50138]
source C:/Users/Riya_Sachdeva/Desktop/ELD_Lab/Lab9_16_FFT/Lab9_16_FFT.sdk/design_1_wrapper_hw_platform_0/ps7_init.tcl
targets -set -nocase -filter {name =~"APU*" && jtag_cable_name =~ "Digilent Zybo Z7 210351A78190A"} -index 0
rst -system
after 3000
targets -set -nocase -filter {name =~"APU*" && jtag_cable_name =~ "Digilent Zybo Z7 210351A78190A"} -index 0
loadhw -hw C:/Users/Riya_Sachdeva/Desktop/ELD_Lab/Lab9_16_FFT/Lab9_16_FFT.sdk/design_1_wrapper_hw_platform_0/system.hdf -mem-ranges [list {0x40000000 0xbfffffff}]
configparams force-mem-access 1
targets -set -nocase -filter {name =~"APU*" && jtag_cable_name =~ "Digilent Zybo Z7 210351A78190A"} -index 0
ps7_init
ps7_post_config
targets -set -nocase -filter {name =~ "ARM*#0" && jtag_cable_name =~ "Digilent Zybo Z7 210351A78190A"} -index 0
dow C:/Users/Riya_Sachdeva/Desktop/ELD_Lab/Lab9_16_FFT/Lab9_16_FFT.sdk/Lab9_16_FFT/Debug/Lab9_16_FFT.elf
configparams force-mem-access 0
----------------End of Script----------------

17:09:33 INFO  : Context for processor 'ps7_cortexa9_0' is selected.
17:09:33 INFO  : 'con' command is executed.
17:09:33 INFO  : ----------------XSDB Script (After Launch)----------------
targets -set -nocase -filter {name =~ "ARM*#0" && jtag_cable_name =~ "Digilent Zybo Z7 210351A78190A"} -index 0
con
----------------End of Script----------------

17:09:33 INFO  : Launch script is exported to file 'C:\Users\Riya_Sachdeva\Desktop\ELD_Lab\Lab9_16_FFT\Lab9_16_FFT.sdk\.sdk\launch_scripts\xilinx_c-c++_application_(system_debugger)\system_debugger_using_debug_lab9_16_fft.elf_on_remotebd.tcl'
17:10:08 INFO  : Disconnected from the channel tcfchan#13.
17:10:09 INFO  : Connected through redirection to target on host '192.168.226.142' and port '50138'.
17:10:09 INFO  : Jtag cable 'Digilent Zybo Z7 210351A78190A' is selected.
17:10:09 INFO  : 'jtag frequency' command is executed.
17:10:09 INFO  : Sourcing of 'C:/Users/Riya_Sachdeva/Desktop/ELD_Lab/Lab9_16_FFT/Lab9_16_FFT.sdk/design_1_wrapper_hw_platform_0/ps7_init.tcl' is done.
17:10:09 INFO  : Context for 'APU' is selected.
17:10:10 INFO  : System reset is completed.
17:10:13 INFO  : 'after 3000' command is executed.
17:10:13 ERROR : (XSDB Server)Target doesn't support Jtag Uart

17:10:13 INFO  : Context for 'APU' is selected.
17:10:14 INFO  : Hardware design information is loaded from 'C:/Users/Riya_Sachdeva/Desktop/ELD_Lab/Lab9_16_FFT/Lab9_16_FFT.sdk/design_1_wrapper_hw_platform_0/system.hdf'.
17:10:14 INFO  : 'configparams force-mem-access 1' command is executed.
17:10:14 INFO  : Context for 'APU' is selected.
17:10:21 INFO  : 'ps7_init' command is executed.
17:10:21 INFO  : 'ps7_post_config' command is executed.
17:10:21 INFO  : Context for processor 'ps7_cortexa9_0' is selected.
17:10:21 INFO  : The application 'C:/Users/Riya_Sachdeva/Desktop/ELD_Lab/Lab9_16_FFT/Lab9_16_FFT.sdk/Lab9_16_FFT/Debug/Lab9_16_FFT.elf' is downloaded to processor 'ps7_cortexa9_0'.
17:10:21 INFO  : 'configparams force-mem-access 0' command is executed.
17:10:21 INFO  : ----------------XSDB Script----------------
connect -path [list tcp::1534 tcp:192.168.226.142:50138]
source C:/Users/Riya_Sachdeva/Desktop/ELD_Lab/Lab9_16_FFT/Lab9_16_FFT.sdk/design_1_wrapper_hw_platform_0/ps7_init.tcl
targets -set -nocase -filter {name =~"APU*" && jtag_cable_name =~ "Digilent Zybo Z7 210351A78190A"} -index 0
rst -system
after 3000
targets -set -nocase -filter {name =~"APU*" && jtag_cable_name =~ "Digilent Zybo Z7 210351A78190A"} -index 0
loadhw -hw C:/Users/Riya_Sachdeva/Desktop/ELD_Lab/Lab9_16_FFT/Lab9_16_FFT.sdk/design_1_wrapper_hw_platform_0/system.hdf -mem-ranges [list {0x40000000 0xbfffffff}]
configparams force-mem-access 1
targets -set -nocase -filter {name =~"APU*" && jtag_cable_name =~ "Digilent Zybo Z7 210351A78190A"} -index 0
ps7_init
ps7_post_config
targets -set -nocase -filter {name =~ "ARM*#0" && jtag_cable_name =~ "Digilent Zybo Z7 210351A78190A"} -index 0
dow C:/Users/Riya_Sachdeva/Desktop/ELD_Lab/Lab9_16_FFT/Lab9_16_FFT.sdk/Lab9_16_FFT/Debug/Lab9_16_FFT.elf
configparams force-mem-access 0
----------------End of Script----------------

17:10:22 INFO  : Context for processor 'ps7_cortexa9_0' is selected.
17:10:22 INFO  : 'con' command is executed.
17:10:22 INFO  : ----------------XSDB Script (After Launch)----------------
targets -set -nocase -filter {name =~ "ARM*#0" && jtag_cable_name =~ "Digilent Zybo Z7 210351A78190A"} -index 0
con
----------------End of Script----------------

17:10:22 INFO  : Launch script is exported to file 'C:\Users\Riya_Sachdeva\Desktop\ELD_Lab\Lab9_16_FFT\Lab9_16_FFT.sdk\.sdk\launch_scripts\xilinx_c-c++_application_(system_debugger)\system_debugger_using_debug_lab9_16_fft.elf_on_remotebd.tcl'
17:10:52 INFO  : Disconnected from the channel tcfchan#14.
17:10:53 INFO  : Connected through redirection to target on host '192.168.226.142' and port '50138'.
17:10:53 INFO  : Jtag cable 'Digilent Zybo Z7 210351A78190A' is selected.
17:10:53 INFO  : 'jtag frequency' command is executed.
17:10:53 INFO  : Sourcing of 'C:/Users/Riya_Sachdeva/Desktop/ELD_Lab/Lab9_16_FFT/Lab9_16_FFT.sdk/design_1_wrapper_hw_platform_0/ps7_init.tcl' is done.
17:10:54 INFO  : Context for 'APU' is selected.
17:10:54 INFO  : System reset is completed.
17:10:57 INFO  : 'after 3000' command is executed.
17:10:57 INFO  : Context for 'APU' is selected.
17:10:59 INFO  : Hardware design information is loaded from 'C:/Users/Riya_Sachdeva/Desktop/ELD_Lab/Lab9_16_FFT/Lab9_16_FFT.sdk/design_1_wrapper_hw_platform_0/system.hdf'.
17:10:59 INFO  : 'configparams force-mem-access 1' command is executed.
17:10:59 INFO  : Context for 'APU' is selected.
17:11:05 INFO  : 'ps7_init' command is executed.
17:11:06 INFO  : 'ps7_post_config' command is executed.
17:11:06 INFO  : Context for processor 'ps7_cortexa9_0' is selected.
17:11:06 INFO  : The application 'C:/Users/Riya_Sachdeva/Desktop/ELD_Lab/Lab9_16_FFT/Lab9_16_FFT.sdk/Lab9_16_FFT/Debug/Lab9_16_FFT.elf' is downloaded to processor 'ps7_cortexa9_0'.
17:11:06 INFO  : 'configparams force-mem-access 0' command is executed.
17:11:06 INFO  : ----------------XSDB Script----------------
connect -path [list tcp::1534 tcp:192.168.226.142:50138]
source C:/Users/Riya_Sachdeva/Desktop/ELD_Lab/Lab9_16_FFT/Lab9_16_FFT.sdk/design_1_wrapper_hw_platform_0/ps7_init.tcl
targets -set -nocase -filter {name =~"APU*" && jtag_cable_name =~ "Digilent Zybo Z7 210351A78190A"} -index 0
rst -system
after 3000
targets -set -nocase -filter {name =~"APU*" && jtag_cable_name =~ "Digilent Zybo Z7 210351A78190A"} -index 0
loadhw -hw C:/Users/Riya_Sachdeva/Desktop/ELD_Lab/Lab9_16_FFT/Lab9_16_FFT.sdk/design_1_wrapper_hw_platform_0/system.hdf -mem-ranges [list {0x40000000 0xbfffffff}]
configparams force-mem-access 1
targets -set -nocase -filter {name =~"APU*" && jtag_cable_name =~ "Digilent Zybo Z7 210351A78190A"} -index 0
ps7_init
ps7_post_config
targets -set -nocase -filter {name =~ "ARM*#0" && jtag_cable_name =~ "Digilent Zybo Z7 210351A78190A"} -index 0
dow C:/Users/Riya_Sachdeva/Desktop/ELD_Lab/Lab9_16_FFT/Lab9_16_FFT.sdk/Lab9_16_FFT/Debug/Lab9_16_FFT.elf
configparams force-mem-access 0
----------------End of Script----------------

17:11:06 INFO  : Context for processor 'ps7_cortexa9_0' is selected.
17:11:06 INFO  : 'con' command is executed.
17:11:06 INFO  : ----------------XSDB Script (After Launch)----------------
targets -set -nocase -filter {name =~ "ARM*#0" && jtag_cable_name =~ "Digilent Zybo Z7 210351A78190A"} -index 0
con
----------------End of Script----------------

17:11:06 INFO  : Launch script is exported to file 'C:\Users\Riya_Sachdeva\Desktop\ELD_Lab\Lab9_16_FFT\Lab9_16_FFT.sdk\.sdk\launch_scripts\xilinx_c-c++_application_(system_debugger)\system_debugger_using_debug_lab9_16_fft.elf_on_remotebd.tcl'
17:15:03 WARN  : channel "tcfchan#15" closed
12:44:49 INFO  : Registering command handlers for SDK TCF services
12:44:50 INFO  : Launching XSCT server: xsct.bat -interactive C:\Users\Riya_Sachdeva\Desktop\ELD_Lab\Lab9_16_FFT\Lab9_16_FFT.sdk\temp_xsdb_launch_script.tcl
12:44:52 INFO  : XSCT server has started successfully.
12:44:52 INFO  : Successfully done setting XSCT server connection channel  
12:44:52 INFO  : Successfully done setting SDK workspace  
12:44:52 INFO  : Processing command line option -hwspec C:/Users/Riya_Sachdeva/Desktop/ELD_Lab/Lab9_16_FFT/Lab9_16_FFT.sdk/design_1_wrapper.hdf.
12:44:52 INFO  : Checking for hwspec changes in the project design_1_wrapper_hw_platform_0.
12:57:06 INFO  : Connected through redirection to target on host '192.168.226.142' and port '57295'.
12:57:06 INFO  : Jtag cable 'Digilent Zybo Z7 210351A78181A' is selected.
12:57:06 INFO  : 'jtag frequency' command is executed.
12:57:06 INFO  : Sourcing of 'C:/Users/Riya_Sachdeva/Desktop/ELD_Lab/Lab9_16_FFT/Lab9_16_FFT.sdk/design_1_wrapper_hw_platform_0/ps7_init.tcl' is done.
12:57:07 INFO  : Context for 'APU' is selected.
12:57:07 INFO  : System reset is completed.
12:57:10 INFO  : 'after 3000' command is executed.
12:57:10 INFO  : Context for 'APU' is selected.
12:57:10 INFO  : Hardware design information is loaded from 'C:/Users/Riya_Sachdeva/Desktop/ELD_Lab/Lab9_16_FFT/Lab9_16_FFT.sdk/design_1_wrapper_hw_platform_0/system.hdf'.
12:57:10 INFO  : 'configparams force-mem-access 1' command is executed.
12:57:10 INFO  : Context for 'APU' is selected.
12:57:13 INFO  : 'ps7_init' command is executed.
12:57:13 INFO  : 'ps7_post_config' command is executed.
12:57:13 INFO  : Context for processor 'ps7_cortexa9_0' is selected.
12:57:13 INFO  : The application 'C:/Users/Riya_Sachdeva/Desktop/ELD_Lab/Lab9_16_FFT/Lab9_16_FFT.sdk/Lab9_16_FFT/Debug/Lab9_16_FFT.elf' is downloaded to processor 'ps7_cortexa9_0'.
12:57:13 INFO  : 'configparams force-mem-access 0' command is executed.
12:57:13 INFO  : ----------------XSDB Script----------------
connect -path [list tcp::1541 tcp:192.168.226.142:57295]
source C:/Users/Riya_Sachdeva/Desktop/ELD_Lab/Lab9_16_FFT/Lab9_16_FFT.sdk/design_1_wrapper_hw_platform_0/ps7_init.tcl
targets -set -nocase -filter {name =~"APU*" && jtag_cable_name =~ "Digilent Zybo Z7 210351A78181A"} -index 0
rst -system
after 3000
targets -set -nocase -filter {name =~"APU*" && jtag_cable_name =~ "Digilent Zybo Z7 210351A78181A"} -index 0
loadhw -hw C:/Users/Riya_Sachdeva/Desktop/ELD_Lab/Lab9_16_FFT/Lab9_16_FFT.sdk/design_1_wrapper_hw_platform_0/system.hdf -mem-ranges [list {0x40000000 0xbfffffff}]
configparams force-mem-access 1
targets -set -nocase -filter {name =~"APU*" && jtag_cable_name =~ "Digilent Zybo Z7 210351A78181A"} -index 0
ps7_init
ps7_post_config
targets -set -nocase -filter {name =~ "ARM*#0" && jtag_cable_name =~ "Digilent Zybo Z7 210351A78181A"} -index 0
dow C:/Users/Riya_Sachdeva/Desktop/ELD_Lab/Lab9_16_FFT/Lab9_16_FFT.sdk/Lab9_16_FFT/Debug/Lab9_16_FFT.elf
configparams force-mem-access 0
----------------End of Script----------------

12:57:14 INFO  : Context for processor 'ps7_cortexa9_0' is selected.
12:57:14 INFO  : 'con' command is executed.
12:57:14 INFO  : ----------------XSDB Script (After Launch)----------------
targets -set -nocase -filter {name =~ "ARM*#0" && jtag_cable_name =~ "Digilent Zybo Z7 210351A78181A"} -index 0
con
----------------End of Script----------------

12:57:14 INFO  : Launch script is exported to file 'C:\Users\Riya_Sachdeva\Desktop\ELD_Lab\Lab9_16_FFT\Lab9_16_FFT.sdk\.sdk\launch_scripts\xilinx_c-c++_application_(system_debugger)\system_debugger_using_debug_lab9_16_fft.elf_on_remotebd.tcl'
13:00:04 WARN  : channel "tcfchan#1" closed
