
*** Running vivado
    with args -log Vio_wrapper.vds -m64 -product Vivado -mode batch -messageDb vivado.pb -notrace -source Vio_wrapper.tcl


****** Vivado v2019.1 (64-bit)
  **** SW Build 2552052 on Fri May 24 14:49:42 MDT 2019
  **** IP Build 2548770 on Fri May 24 18:01:18 MDT 2019
    ** Copyright 1986-2019 Xilinx, Inc. All Rights Reserved.

source Vio_wrapper.tcl -notrace
Command: synth_design -top Vio_wrapper -part xc7z010clg400-1
Starting synth_design
Attempting to get a license for feature 'Synthesis' and/or device 'xc7z010'
INFO: [Common 17-349] Got license for feature 'Synthesis' and/or device 'xc7z010'
INFO: [Device 21-403] Loading part xc7z010clg400-1
INFO: Launching helper process for spawning children vivado processes
INFO: Helper process launched with PID 9116 
---------------------------------------------------------------------------------
Starting RTL Elaboration : Time (s): cpu = 00:00:03 ; elapsed = 00:00:04 . Memory (MB): peak = 839.340 ; gain = 176.840
---------------------------------------------------------------------------------
INFO: [Synth 8-6157] synthesizing module 'Vio_wrapper' [C:/Users/Riya_Sachdeva/Desktop/ELD_Lab/Lab3_Counter/Lab3_Counter.srcs/sources_1/new/Vio_wrapper.v:23]
INFO: [Synth 8-6157] synthesizing module 'vio_count' [C:/Users/Riya_Sachdeva/Desktop/ELD_Lab/Lab3_Counter/Lab3_Counter.runs/synth_1/.Xil/Vivado-12292-RiyaSachLaptop/realtime/vio_count_stub.v:6]
INFO: [Synth 8-6155] done synthesizing module 'vio_count' (1#1) [C:/Users/Riya_Sachdeva/Desktop/ELD_Lab/Lab3_Counter/Lab3_Counter.runs/synth_1/.Xil/Vivado-12292-RiyaSachLaptop/realtime/vio_count_stub.v:6]
INFO: [Synth 8-6157] synthesizing module 'top_counter' [C:/Users/Riya_Sachdeva/Desktop/ELD_Lab/Lab3_Counter/Lab3_Counter.srcs/sources_1/new/top_counter.v:22]
INFO: [Synth 8-6157] synthesizing module 'clk_div_cmt' [C:/Users/Riya_Sachdeva/Desktop/ELD_Lab/Lab3_Counter/Lab3_Counter.runs/synth_1/.Xil/Vivado-12292-RiyaSachLaptop/realtime/clk_div_cmt_stub.v:5]
INFO: [Synth 8-6155] done synthesizing module 'clk_div_cmt' (2#1) [C:/Users/Riya_Sachdeva/Desktop/ELD_Lab/Lab3_Counter/Lab3_Counter.runs/synth_1/.Xil/Vivado-12292-RiyaSachLaptop/realtime/clk_div_cmt_stub.v:5]
INFO: [Synth 8-6157] synthesizing module 'clk_div_rtl' [C:/Users/Riya_Sachdeva/Desktop/ELD_Lab/Lab3_Counter/Lab3_Counter.srcs/sources_1/new/clk_div_rtl.v:23]
INFO: [Synth 8-6155] done synthesizing module 'clk_div_rtl' (3#1) [C:/Users/Riya_Sachdeva/Desktop/ELD_Lab/Lab3_Counter/Lab3_Counter.srcs/sources_1/new/clk_div_rtl.v:23]
INFO: [Synth 8-6157] synthesizing module 'Counter_8bit' [C:/Users/Riya_Sachdeva/Desktop/ELD_Lab/Lab3_Counter/Lab3_Counter.srcs/sources_1/new/Counter_8bit.v:22]
INFO: [Synth 8-6155] done synthesizing module 'Counter_8bit' (4#1) [C:/Users/Riya_Sachdeva/Desktop/ELD_Lab/Lab3_Counter/Lab3_Counter.srcs/sources_1/new/Counter_8bit.v:22]
INFO: [Synth 8-6155] done synthesizing module 'top_counter' (5#1) [C:/Users/Riya_Sachdeva/Desktop/ELD_Lab/Lab3_Counter/Lab3_Counter.srcs/sources_1/new/top_counter.v:22]
INFO: [Synth 8-6071] Mark debug on the nets applies keep_hierarchy on instance 'v1'. This will prevent further optimization [C:/Users/Riya_Sachdeva/Desktop/ELD_Lab/Lab3_Counter/Lab3_Counter.srcs/sources_1/new/Vio_wrapper.v:30]
INFO: [Synth 8-6071] Mark debug on the nets applies keep_hierarchy on instance 'tc'. This will prevent further optimization [C:/Users/Riya_Sachdeva/Desktop/ELD_Lab/Lab3_Counter/Lab3_Counter.srcs/sources_1/new/Vio_wrapper.v:36]
INFO: [Synth 8-6155] done synthesizing module 'Vio_wrapper' (6#1) [C:/Users/Riya_Sachdeva/Desktop/ELD_Lab/Lab3_Counter/Lab3_Counter.srcs/sources_1/new/Vio_wrapper.v:23]
---------------------------------------------------------------------------------
Finished RTL Elaboration : Time (s): cpu = 00:00:03 ; elapsed = 00:00:05 . Memory (MB): peak = 903.480 ; gain = 240.980
---------------------------------------------------------------------------------

Report Check Netlist: 
+------+------------------+-------+---------+-------+------------------+
|      |Item              |Errors |Warnings |Status |Description       |
+------+------------------+-------+---------+-------+------------------+
|1     |multi_driven_nets |      0|        0|Passed |Multi driven nets |
+------+------------------+-------+---------+-------+------------------+
---------------------------------------------------------------------------------
Start Handling Custom Attributes
---------------------------------------------------------------------------------
---------------------------------------------------------------------------------
Finished Handling Custom Attributes : Time (s): cpu = 00:00:04 ; elapsed = 00:00:05 . Memory (MB): peak = 903.480 ; gain = 240.980
---------------------------------------------------------------------------------
---------------------------------------------------------------------------------
Finished RTL Optimization Phase 1 : Time (s): cpu = 00:00:04 ; elapsed = 00:00:05 . Memory (MB): peak = 903.480 ; gain = 240.980
---------------------------------------------------------------------------------
INFO: [Project 1-570] Preparing netlist for logic optimization

Processing XDC Constraints
Initializing timing engine
Parsing XDC File [c:/Users/Riya_Sachdeva/Desktop/ELD_Lab/Lab3_Counter/Lab3_Counter.srcs/sources_1/ip/clk_div_cmt/clk_div_cmt/clk_div_cmt_in_context.xdc] for cell 'tc/cm1'
Finished Parsing XDC File [c:/Users/Riya_Sachdeva/Desktop/ELD_Lab/Lab3_Counter/Lab3_Counter.srcs/sources_1/ip/clk_div_cmt/clk_div_cmt/clk_div_cmt_in_context.xdc] for cell 'tc/cm1'
Parsing XDC File [c:/Users/Riya_Sachdeva/Desktop/ELD_Lab/Lab3_Counter/Lab3_Counter.srcs/sources_1/ip/vio_count/vio_count/vio_count_in_context.xdc] for cell 'v1'
Finished Parsing XDC File [c:/Users/Riya_Sachdeva/Desktop/ELD_Lab/Lab3_Counter/Lab3_Counter.srcs/sources_1/ip/vio_count/vio_count/vio_count_in_context.xdc] for cell 'v1'
Parsing XDC File [C:/Users/Riya_Sachdeva/Desktop/ELD_Lab/Lab3_Counter/Lab3_Counter.srcs/constrs_1/new/zybo_const.xdc]
Finished Parsing XDC File [C:/Users/Riya_Sachdeva/Desktop/ELD_Lab/Lab3_Counter/Lab3_Counter.srcs/constrs_1/new/zybo_const.xdc]
INFO: [Project 1-236] Implementation specific constraints were found while reading constraint file [C:/Users/Riya_Sachdeva/Desktop/ELD_Lab/Lab3_Counter/Lab3_Counter.srcs/constrs_1/new/zybo_const.xdc]. These constraints will be ignored for synthesis but will be used in implementation. Impacted constraints are listed in the file [.Xil/Vio_wrapper_propImpl.xdc].
Resolution: To avoid this warning, move constraints listed in [.Xil/Vio_wrapper_propImpl.xdc] to another XDC file and exclude this new file from synthesis with the used_in_synthesis property (File Properties dialog in GUI) and re-run elaboration/synthesis.
Completed Processing XDC Constraints

Netlist sorting complete. Time (s): cpu = 00:00:00 ; elapsed = 00:00:00 . Memory (MB): peak = 999.008 ; gain = 0.000
INFO: [Project 1-111] Unisim Transformation Summary:
No Unisim elements were transformed.

Constraint Validation Runtime : Time (s): cpu = 00:00:00 ; elapsed = 00:00:00.004 . Memory (MB): peak = 999.008 ; gain = 0.000
WARNING: [Timing 38-316] Clock period '10.000' specified during out-of-context synthesis of instance 'v1' at clock pin 'clk' is different from the actual clock period '8.000', this can lead to different synthesis results.
---------------------------------------------------------------------------------
Finished Constraint Validation : Time (s): cpu = 00:00:07 ; elapsed = 00:00:11 . Memory (MB): peak = 1001.039 ; gain = 338.539
---------------------------------------------------------------------------------
---------------------------------------------------------------------------------
Start Loading Part and Timing Information
---------------------------------------------------------------------------------
Loading part: xc7z010clg400-1
---------------------------------------------------------------------------------
Finished Loading Part and Timing Information : Time (s): cpu = 00:00:07 ; elapsed = 00:00:11 . Memory (MB): peak = 1001.039 ; gain = 338.539
---------------------------------------------------------------------------------
---------------------------------------------------------------------------------
Start Applying 'set_property' XDC Constraints
---------------------------------------------------------------------------------
Applied set_property IO_BUFFER_TYPE = NONE for Clk_100M. (constraint file  c:/Users/Riya_Sachdeva/Desktop/ELD_Lab/Lab3_Counter/Lab3_Counter.srcs/sources_1/ip/clk_div_cmt/clk_div_cmt/clk_div_cmt_in_context.xdc, line 3).
Applied set_property CLOCK_BUFFER_TYPE = NONE for Clk_100M. (constraint file  c:/Users/Riya_Sachdeva/Desktop/ELD_Lab/Lab3_Counter/Lab3_Counter.srcs/sources_1/ip/clk_div_cmt/clk_div_cmt/clk_div_cmt_in_context.xdc, line 4).
Applied set_property DONT_TOUCH = true for tc/cm1. (constraint file  auto generated constraint, line ).
Applied set_property DONT_TOUCH = true for v1. (constraint file  auto generated constraint, line ).
---------------------------------------------------------------------------------
Finished applying 'set_property' XDC Constraints : Time (s): cpu = 00:00:07 ; elapsed = 00:00:11 . Memory (MB): peak = 1001.039 ; gain = 338.539
---------------------------------------------------------------------------------
---------------------------------------------------------------------------------
Finished RTL Optimization Phase 2 : Time (s): cpu = 00:00:07 ; elapsed = 00:00:11 . Memory (MB): peak = 1001.039 ; gain = 338.539
---------------------------------------------------------------------------------

Report RTL Partitions: 
+-+--------------+------------+----------+
| |RTL Partition |Replication |Instances |
+-+--------------+------------+----------+
+-+--------------+------------+----------+
---------------------------------------------------------------------------------
Start RTL Component Statistics 
---------------------------------------------------------------------------------
Detailed RTL Component Info : 
+---Adders : 
	   2 Input      8 Bit       Adders := 1     
+---Registers : 
	                8 Bit    Registers := 1     
---------------------------------------------------------------------------------
Finished RTL Component Statistics 
---------------------------------------------------------------------------------
---------------------------------------------------------------------------------
Start RTL Hierarchical Component Statistics 
---------------------------------------------------------------------------------
Hierarchical RTL Component report 
Module Counter_8bit 
Detailed RTL Component Info : 
+---Adders : 
	   2 Input      8 Bit       Adders := 1     
+---Registers : 
	                8 Bit    Registers := 1     
---------------------------------------------------------------------------------
Finished RTL Hierarchical Component Statistics
---------------------------------------------------------------------------------
---------------------------------------------------------------------------------
Start Part Resource Summary
---------------------------------------------------------------------------------
Part Resources:
DSPs: 80 (col length:40)
BRAMs: 120 (col length: RAMB18 40 RAMB36 20)
---------------------------------------------------------------------------------
Finished Part Resource Summary
---------------------------------------------------------------------------------
---------------------------------------------------------------------------------
Start Cross Boundary and Area Optimization
---------------------------------------------------------------------------------
Warning: Parallel synthesis criteria is not met 
---------------------------------------------------------------------------------
Finished Cross Boundary and Area Optimization : Time (s): cpu = 00:00:08 ; elapsed = 00:00:12 . Memory (MB): peak = 1001.039 ; gain = 338.539
---------------------------------------------------------------------------------

Report RTL Partitions: 
+-+--------------+------------+----------+
| |RTL Partition |Replication |Instances |
+-+--------------+------------+----------+
+-+--------------+------------+----------+
---------------------------------------------------------------------------------
Start Applying XDC Timing Constraints
---------------------------------------------------------------------------------
INFO: [Synth 8-5578] Moved timing constraint from pin 'tc/cm1/Clk_8M' to pin 'tc/cm1/bbstub_Clk_8M/O'
INFO: [Synth 8-5819] Moved 1 constraints on hierarchical pins to their respective driving/loading pins
---------------------------------------------------------------------------------
Finished Applying XDC Timing Constraints : Time (s): cpu = 00:00:13 ; elapsed = 00:00:22 . Memory (MB): peak = 1001.039 ; gain = 338.539
---------------------------------------------------------------------------------
---------------------------------------------------------------------------------
Start Timing Optimization
---------------------------------------------------------------------------------
---------------------------------------------------------------------------------
Finished Timing Optimization : Time (s): cpu = 00:00:13 ; elapsed = 00:00:22 . Memory (MB): peak = 1001.652 ; gain = 339.152
---------------------------------------------------------------------------------

Report RTL Partitions: 
+-+--------------+------------+----------+
| |RTL Partition |Replication |Instances |
+-+--------------+------------+----------+
+-+--------------+------------+----------+
---------------------------------------------------------------------------------
Start Technology Mapping
---------------------------------------------------------------------------------
---------------------------------------------------------------------------------
Finished Technology Mapping : Time (s): cpu = 00:00:13 ; elapsed = 00:00:22 . Memory (MB): peak = 1002.219 ; gain = 339.719
---------------------------------------------------------------------------------

Report RTL Partitions: 
+-+--------------+------------+----------+
| |RTL Partition |Replication |Instances |
+-+--------------+------------+----------+
+-+--------------+------------+----------+
---------------------------------------------------------------------------------
Start IO Insertion
---------------------------------------------------------------------------------
---------------------------------------------------------------------------------
Start Flattening Before IO Insertion
---------------------------------------------------------------------------------
---------------------------------------------------------------------------------
Finished Flattening Before IO Insertion
---------------------------------------------------------------------------------
---------------------------------------------------------------------------------
Start Final Netlist Cleanup
---------------------------------------------------------------------------------
---------------------------------------------------------------------------------
Finished Final Netlist Cleanup
---------------------------------------------------------------------------------
---------------------------------------------------------------------------------
Finished IO Insertion : Time (s): cpu = 00:00:14 ; elapsed = 00:00:25 . Memory (MB): peak = 1017.977 ; gain = 355.477
---------------------------------------------------------------------------------

Report Check Netlist: 
+------+------------------+-------+---------+-------+------------------+
|      |Item              |Errors |Warnings |Status |Description       |
+------+------------------+-------+---------+-------+------------------+
|1     |multi_driven_nets |      0|        0|Passed |Multi driven nets |
+------+------------------+-------+---------+-------+------------------+
---------------------------------------------------------------------------------
Start Renaming Generated Instances
---------------------------------------------------------------------------------
---------------------------------------------------------------------------------
Finished Renaming Generated Instances : Time (s): cpu = 00:00:14 ; elapsed = 00:00:25 . Memory (MB): peak = 1017.977 ; gain = 355.477
---------------------------------------------------------------------------------

Report RTL Partitions: 
+-+--------------+------------+----------+
| |RTL Partition |Replication |Instances |
+-+--------------+------------+----------+
+-+--------------+------------+----------+
---------------------------------------------------------------------------------
Start Rebuilding User Hierarchy
---------------------------------------------------------------------------------
---------------------------------------------------------------------------------
Finished Rebuilding User Hierarchy : Time (s): cpu = 00:00:14 ; elapsed = 00:00:25 . Memory (MB): peak = 1017.977 ; gain = 355.477
---------------------------------------------------------------------------------
---------------------------------------------------------------------------------
Start Renaming Generated Ports
---------------------------------------------------------------------------------
---------------------------------------------------------------------------------
Finished Renaming Generated Ports : Time (s): cpu = 00:00:14 ; elapsed = 00:00:25 . Memory (MB): peak = 1017.977 ; gain = 355.477
---------------------------------------------------------------------------------
---------------------------------------------------------------------------------
Start Handling Custom Attributes
---------------------------------------------------------------------------------
---------------------------------------------------------------------------------
Finished Handling Custom Attributes : Time (s): cpu = 00:00:14 ; elapsed = 00:00:25 . Memory (MB): peak = 1017.977 ; gain = 355.477
---------------------------------------------------------------------------------
---------------------------------------------------------------------------------
Start Renaming Generated Nets
---------------------------------------------------------------------------------
---------------------------------------------------------------------------------
Finished Renaming Generated Nets : Time (s): cpu = 00:00:14 ; elapsed = 00:00:25 . Memory (MB): peak = 1017.977 ; gain = 355.477
---------------------------------------------------------------------------------
---------------------------------------------------------------------------------
Start Writing Synthesis Report
---------------------------------------------------------------------------------

Report BlackBoxes: 
+------+--------------+----------+
|      |BlackBox name |Instances |
+------+--------------+----------+
|1     |clk_div_cmt   |         1|
|2     |vio_count     |         1|
+------+--------------+----------+

Report Cell Usage: 
+------+------------+------+
|      |Cell        |Count |
+------+------------+------+
|1     |clk_div_cmt |     1|
|2     |vio_count   |     1|
|3     |CARRY4      |     6|
|4     |LUT1        |     2|
|5     |LUT2        |     2|
|6     |LUT3        |     2|
|7     |LUT4        |     1|
|8     |LUT5        |     1|
|9     |LUT6        |     2|
|10    |FDPE        |     8|
|11    |FDRE        |    23|
+------+------------+------+

Report Instance Areas: 
+------+---------+-------------+------+
|      |Instance |Module       |Cells |
+------+---------+-------------+------+
|1     |top      |             |    49|
|2     |  tc     |top_counter  |    48|
|3     |    cd1  |clk_div_rtl  |    30|
|4     |    cn   |Counter_8bit |    17|
+------+---------+-------------+------+
---------------------------------------------------------------------------------
Finished Writing Synthesis Report : Time (s): cpu = 00:00:14 ; elapsed = 00:00:25 . Memory (MB): peak = 1017.977 ; gain = 355.477
---------------------------------------------------------------------------------
Synthesis finished with 0 errors, 0 critical warnings and 0 warnings.
Synthesis Optimization Runtime : Time (s): cpu = 00:00:10 ; elapsed = 00:00:23 . Memory (MB): peak = 1017.977 ; gain = 257.918
Synthesis Optimization Complete : Time (s): cpu = 00:00:15 ; elapsed = 00:00:25 . Memory (MB): peak = 1017.977 ; gain = 355.477
INFO: [Project 1-571] Translating synthesized netlist
INFO: [Netlist 29-17] Analyzing 6 Unisim elements for replacement
INFO: [Netlist 29-28] Unisim Transformation completed in 0 CPU seconds
INFO: [Project 1-570] Preparing netlist for logic optimization
INFO: [Opt 31-138] Pushed 0 inverter(s) to 0 load pin(s).
Netlist sorting complete. Time (s): cpu = 00:00:00 ; elapsed = 00:00:00 . Memory (MB): peak = 1039.148 ; gain = 0.000
INFO: [Project 1-111] Unisim Transformation Summary:
No Unisim elements were transformed.

INFO: [Common 17-83] Releasing license: Synthesis
28 Infos, 1 Warnings, 0 Critical Warnings and 0 Errors encountered.
synth_design completed successfully
synth_design: Time (s): cpu = 00:00:19 ; elapsed = 00:00:34 . Memory (MB): peak = 1039.148 ; gain = 623.402
Netlist sorting complete. Time (s): cpu = 00:00:00 ; elapsed = 00:00:00 . Memory (MB): peak = 1039.148 ; gain = 0.000
WARNING: [Constraints 18-5210] No constraints selected for write.
Resolution: This message can indicate that there are no constraints for the design, or it can indicate that the used_in flags are set such that the constraints are ignored. This later case is used when running synth_design to not write synthesis constraints to the resulting checkpoint. Instead, project constraints are read when the synthesized design is opened.
INFO: [Common 17-1381] The checkpoint 'C:/Users/Riya_Sachdeva/Desktop/ELD_Lab/Lab3_Counter/Lab3_Counter.runs/synth_1/Vio_wrapper.dcp' has been generated.
INFO: [runtcl-4] Executing : report_utilization -file Vio_wrapper_utilization_synth.rpt -pb Vio_wrapper_utilization_synth.pb
INFO: [Common 17-206] Exiting Vivado at Tue Sep  5 10:12:49 2023...
