11:30:06 INFO  : Registering command handlers for SDK TCF services
11:30:07 INFO  : Launching XSCT server: xsct.bat -interactive C:\Users\Riya_Sachdeva\Desktop\ELD_Lab\FFT_HP_Port\FFT_HP_Port.sdk\temp_xsdb_launch_script.tcl
11:30:11 INFO  : XSCT server has started successfully.
11:30:11 INFO  : Successfully done setting XSCT server connection channel  
11:30:17 INFO  : Successfully done setting SDK workspace  
11:30:17 INFO  : Processing command line option -hwspec C:/Users/Riya_Sachdeva/Desktop/ELD_Lab/FFT_HP_Port/FFT_HP_Port.sdk/design_1_wrapper.hdf.
11:31:41 ERROR : Failed to closesw "C:/Users/Riya_Sachdeva/Desktop/ELD_Lab/FFT_HP_Port/FFT_HP_Port.sdk/FFT_HP_Port_bsp/system.mss"
Reason: Cannot close sw design 'C:/Users/Riya_Sachdeva/Desktop/ELD_Lab/FFT_HP_Port/FFT_HP_Port.sdk/FFT_HP_Port_bsp/system.mss'.
Design is not opened in the current session.


11:32:11 INFO  : No changes in MSS file content so not generating sources.
11:37:11 INFO  : Registering command handlers for SDK TCF services
11:37:12 INFO  : Launching XSCT server: xsct.bat -interactive C:\Users\Riya_Sachdeva\Desktop\ELD_Lab\FFT_HP_Port\FFT_HP_Port.sdk\temp_xsdb_launch_script.tcl
11:37:15 INFO  : XSCT server has started successfully.
11:37:15 INFO  : Successfully done setting XSCT server connection channel  
11:37:15 INFO  : Successfully done setting SDK workspace  
11:37:15 INFO  : Processing command line option -hwspec C:/Users/Riya_Sachdeva/Desktop/ELD_Lab/FFT_HP_Port/FFT_HP_Port.sdk/design_1_wrapper.hdf.
11:37:15 INFO  : Checking for hwspec changes in the project design_1_wrapper_hw_platform_0.
13:35:26 INFO  : Registering command handlers for SDK TCF services
13:35:27 INFO  : Launching XSCT server: xsct.bat -interactive C:\Users\Riya_Sachdeva\Desktop\ELD_Lab\FFT_HP_Port\FFT_HP_Port.sdk\temp_xsdb_launch_script.tcl
13:35:30 INFO  : XSCT server has started successfully.
13:35:30 INFO  : Successfully done setting XSCT server connection channel  
13:35:34 INFO  : Successfully done setting SDK workspace  
13:35:34 INFO  : Processing command line option -hwspec C:/Users/Riya_Sachdeva/Desktop/ELD_Lab/FFT_HP_Port/FFT_HP_Port.sdk/design_1_wrapper.hdf.
13:35:34 INFO  : Checking for hwspec changes in the project design_1_wrapper_hw_platform_0.
13:46:45 INFO  : Connected through redirection to target on host '192.168.226.142' and port '58858'.
13:46:52 INFO  : Jtag cable 'Digilent Zybo Z7 210351A7817DA' is selected.
13:46:52 INFO  : 'jtag frequency' command is executed.
13:46:52 INFO  : Sourcing of 'C:/Users/Riya_Sachdeva/Desktop/ELD_Lab/FFT_HP_Port/FFT_HP_Port.sdk/design_1_wrapper_hw_platform_0/ps7_init.tcl' is done.
13:46:52 INFO  : Context for 'APU' is selected.
13:46:52 INFO  : System reset is completed.
13:46:55 INFO  : 'after 3000' command is executed.
13:46:55 INFO  : 'targets -set -filter {jtag_cable_name =~ "Digilent Zybo Z7 210351A7817DA" && level==0} -index 1' command is executed.
13:46:57 INFO  : FPGA configured successfully with bitstream "C:/Users/Riya_Sachdeva/Desktop/ELD_Lab/FFT_HP_Port/FFT_HP_Port.sdk/design_1_wrapper_hw_platform_0/design_1_wrapper.bit"
13:46:57 INFO  : Context for 'APU' is selected.
13:46:57 INFO  : Hardware design information is loaded from 'C:/Users/Riya_Sachdeva/Desktop/ELD_Lab/FFT_HP_Port/FFT_HP_Port.sdk/design_1_wrapper_hw_platform_0/system.hdf'.
13:46:57 INFO  : 'configparams force-mem-access 1' command is executed.
13:46:57 INFO  : Context for 'APU' is selected.
13:46:59 INFO  : 'ps7_init' command is executed.
13:46:59 INFO  : 'ps7_post_config' command is executed.
13:46:59 INFO  : Context for processor 'ps7_cortexa9_0' is selected.
13:46:59 INFO  : The application 'C:/Users/Riya_Sachdeva/Desktop/ELD_Lab/FFT_HP_Port/FFT_HP_Port.sdk/FFT_HP_Port/Debug/FFT_HP_Port.elf' is downloaded to processor 'ps7_cortexa9_0'.
13:46:59 INFO  : 'configparams force-mem-access 0' command is executed.
13:46:59 INFO  : ----------------XSDB Script----------------
connect -path [list tcp::1534 tcp:192.168.226.142:58858]
source C:/Users/Riya_Sachdeva/Desktop/ELD_Lab/FFT_HP_Port/FFT_HP_Port.sdk/design_1_wrapper_hw_platform_0/ps7_init.tcl
targets -set -nocase -filter {name =~"APU*" && jtag_cable_name =~ "Digilent Zybo Z7 210351A7817DA"} -index 0
rst -system
after 3000
targets -set -filter {jtag_cable_name =~ "Digilent Zybo Z7 210351A7817DA" && level==0} -index 1
fpga -file C:/Users/Riya_Sachdeva/Desktop/ELD_Lab/FFT_HP_Port/FFT_HP_Port.sdk/design_1_wrapper_hw_platform_0/design_1_wrapper.bit
targets -set -nocase -filter {name =~"APU*" && jtag_cable_name =~ "Digilent Zybo Z7 210351A7817DA"} -index 0
loadhw -hw C:/Users/Riya_Sachdeva/Desktop/ELD_Lab/FFT_HP_Port/FFT_HP_Port.sdk/design_1_wrapper_hw_platform_0/system.hdf -mem-ranges [list {0x40000000 0xbfffffff}]
configparams force-mem-access 1
targets -set -nocase -filter {name =~"APU*" && jtag_cable_name =~ "Digilent Zybo Z7 210351A7817DA"} -index 0
ps7_init
ps7_post_config
targets -set -nocase -filter {name =~ "ARM*#0" && jtag_cable_name =~ "Digilent Zybo Z7 210351A7817DA"} -index 0
dow C:/Users/Riya_Sachdeva/Desktop/ELD_Lab/FFT_HP_Port/FFT_HP_Port.sdk/FFT_HP_Port/Debug/FFT_HP_Port.elf
configparams force-mem-access 0
----------------End of Script----------------

13:46:59 INFO  : Memory regions updated for context APU
13:46:59 INFO  : Context for processor 'ps7_cortexa9_0' is selected.
13:46:59 INFO  : 'con' command is executed.
13:46:59 INFO  : ----------------XSDB Script (After Launch)----------------
targets -set -nocase -filter {name =~ "ARM*#0" && jtag_cable_name =~ "Digilent Zybo Z7 210351A7817DA"} -index 0
con
----------------End of Script----------------

13:46:59 INFO  : Launch script is exported to file 'C:\Users\Riya_Sachdeva\Desktop\ELD_Lab\FFT_HP_Port\FFT_HP_Port.sdk\.sdk\launch_scripts\xilinx_c-c++_application_(system_debugger)\system_debugger_using_debug_fft_hp_port.elf_on_remotebd.tcl'
14:00:03 WARN  : channel "tcfchan#1" closed
14:05:26 INFO  : Connected through redirection to target on host '192.168.226.142' and port '65228'.
14:05:31 INFO  : Jtag cable 'Digilent Zybo Z7 210351A78190A' is selected.
14:05:31 INFO  : 'jtag frequency' command is executed.
14:05:31 INFO  : Sourcing of 'C:/Users/Riya_Sachdeva/Desktop/ELD_Lab/FFT_HP_Port/FFT_HP_Port.sdk/design_1_wrapper_hw_platform_0/ps7_init.tcl' is done.
14:05:31 INFO  : Context for 'APU' is selected.
14:05:32 INFO  : System reset is completed.
14:05:35 INFO  : 'after 3000' command is executed.
14:05:35 INFO  : 'targets -set -filter {jtag_cable_name =~ "Digilent Zybo Z7 210351A78190A" && level==0} -index 1' command is executed.
14:05:36 INFO  : FPGA configured successfully with bitstream "C:/Users/Riya_Sachdeva/Desktop/ELD_Lab/FFT_HP_Port/FFT_HP_Port.sdk/design_1_wrapper_hw_platform_0/design_1_wrapper.bit"
14:05:36 INFO  : Context for 'APU' is selected.
14:05:36 INFO  : Hardware design information is loaded from 'C:/Users/Riya_Sachdeva/Desktop/ELD_Lab/FFT_HP_Port/FFT_HP_Port.sdk/design_1_wrapper_hw_platform_0/system.hdf'.
14:05:36 INFO  : 'configparams force-mem-access 1' command is executed.
14:05:36 INFO  : Context for 'APU' is selected.
14:05:38 INFO  : 'ps7_init' command is executed.
14:05:38 INFO  : 'ps7_post_config' command is executed.
14:05:38 INFO  : Context for processor 'ps7_cortexa9_0' is selected.
14:05:38 INFO  : The application 'C:/Users/Riya_Sachdeva/Desktop/ELD_Lab/FFT_HP_Port/FFT_HP_Port.sdk/FFT_HP_Port/Debug/FFT_HP_Port.elf' is downloaded to processor 'ps7_cortexa9_0'.
14:05:38 INFO  : 'configparams force-mem-access 0' command is executed.
14:05:38 INFO  : ----------------XSDB Script----------------
connect -path [list tcp::1534 tcp:192.168.226.142:65228]
source C:/Users/Riya_Sachdeva/Desktop/ELD_Lab/FFT_HP_Port/FFT_HP_Port.sdk/design_1_wrapper_hw_platform_0/ps7_init.tcl
targets -set -nocase -filter {name =~"APU*" && jtag_cable_name =~ "Digilent Zybo Z7 210351A78190A"} -index 0
rst -system
after 3000
targets -set -filter {jtag_cable_name =~ "Digilent Zybo Z7 210351A78190A" && level==0} -index 1
fpga -file C:/Users/Riya_Sachdeva/Desktop/ELD_Lab/FFT_HP_Port/FFT_HP_Port.sdk/design_1_wrapper_hw_platform_0/design_1_wrapper.bit
targets -set -nocase -filter {name =~"APU*" && jtag_cable_name =~ "Digilent Zybo Z7 210351A78190A"} -index 0
loadhw -hw C:/Users/Riya_Sachdeva/Desktop/ELD_Lab/FFT_HP_Port/FFT_HP_Port.sdk/design_1_wrapper_hw_platform_0/system.hdf -mem-ranges [list {0x40000000 0xbfffffff}]
configparams force-mem-access 1
targets -set -nocase -filter {name =~"APU*" && jtag_cable_name =~ "Digilent Zybo Z7 210351A78190A"} -index 0
ps7_init
ps7_post_config
targets -set -nocase -filter {name =~ "ARM*#0" && jtag_cable_name =~ "Digilent Zybo Z7 210351A78190A"} -index 0
dow C:/Users/Riya_Sachdeva/Desktop/ELD_Lab/FFT_HP_Port/FFT_HP_Port.sdk/FFT_HP_Port/Debug/FFT_HP_Port.elf
configparams force-mem-access 0
----------------End of Script----------------

14:05:38 INFO  : Memory regions updated for context APU
14:05:38 INFO  : Context for processor 'ps7_cortexa9_0' is selected.
14:05:38 INFO  : 'con' command is executed.
14:05:38 INFO  : ----------------XSDB Script (After Launch)----------------
targets -set -nocase -filter {name =~ "ARM*#0" && jtag_cable_name =~ "Digilent Zybo Z7 210351A78190A"} -index 0
con
----------------End of Script----------------

14:05:38 INFO  : Launch script is exported to file 'C:\Users\Riya_Sachdeva\Desktop\ELD_Lab\FFT_HP_Port\FFT_HP_Port.sdk\.sdk\launch_scripts\xilinx_c-c++_application_(system_debugger)\system_debugger_using_debug_fft_hp_port.elf_on_remotebd.tcl'
14:08:46 INFO  : Disconnected from the channel tcfchan#2.
14:08:47 INFO  : Connected through redirection to target on host '192.168.226.142' and port '65228'.
14:08:47 INFO  : Jtag cable 'Digilent Zybo Z7 210351A78190A' is selected.
14:08:47 INFO  : 'jtag frequency' command is executed.
14:08:47 INFO  : Sourcing of 'C:/Users/Riya_Sachdeva/Desktop/ELD_Lab/FFT_HP_Port/FFT_HP_Port.sdk/design_1_wrapper_hw_platform_0/ps7_init.tcl' is done.
14:08:47 INFO  : Context for 'APU' is selected.
14:08:47 INFO  : System reset is completed.
14:08:50 INFO  : 'after 3000' command is executed.
14:08:50 INFO  : 'targets -set -filter {jtag_cable_name =~ "Digilent Zybo Z7 210351A78190A" && level==0} -index 1' command is executed.
14:08:52 INFO  : FPGA configured successfully with bitstream "C:/Users/Riya_Sachdeva/Desktop/ELD_Lab/FFT_HP_Port/FFT_HP_Port.sdk/design_1_wrapper_hw_platform_0/design_1_wrapper.bit"
14:08:52 INFO  : Context for 'APU' is selected.
14:08:55 INFO  : Hardware design information is loaded from 'C:/Users/Riya_Sachdeva/Desktop/ELD_Lab/FFT_HP_Port/FFT_HP_Port.sdk/design_1_wrapper_hw_platform_0/system.hdf'.
14:08:55 INFO  : 'configparams force-mem-access 1' command is executed.
14:08:55 INFO  : Context for 'APU' is selected.
14:08:57 INFO  : 'ps7_init' command is executed.
14:08:57 INFO  : 'ps7_post_config' command is executed.
14:08:57 INFO  : Context for processor 'ps7_cortexa9_0' is selected.
14:08:57 INFO  : The application 'C:/Users/Riya_Sachdeva/Desktop/ELD_Lab/FFT_HP_Port/FFT_HP_Port.sdk/FFT_HP_Port/Debug/FFT_HP_Port.elf' is downloaded to processor 'ps7_cortexa9_0'.
14:08:57 INFO  : 'configparams force-mem-access 0' command is executed.
14:08:57 INFO  : ----------------XSDB Script----------------
connect -path [list tcp::1534 tcp:192.168.226.142:65228]
source C:/Users/Riya_Sachdeva/Desktop/ELD_Lab/FFT_HP_Port/FFT_HP_Port.sdk/design_1_wrapper_hw_platform_0/ps7_init.tcl
targets -set -nocase -filter {name =~"APU*" && jtag_cable_name =~ "Digilent Zybo Z7 210351A78190A"} -index 0
rst -system
after 3000
targets -set -filter {jtag_cable_name =~ "Digilent Zybo Z7 210351A78190A" && level==0} -index 1
fpga -file C:/Users/Riya_Sachdeva/Desktop/ELD_Lab/FFT_HP_Port/FFT_HP_Port.sdk/design_1_wrapper_hw_platform_0/design_1_wrapper.bit
targets -set -nocase -filter {name =~"APU*" && jtag_cable_name =~ "Digilent Zybo Z7 210351A78190A"} -index 0
loadhw -hw C:/Users/Riya_Sachdeva/Desktop/ELD_Lab/FFT_HP_Port/FFT_HP_Port.sdk/design_1_wrapper_hw_platform_0/system.hdf -mem-ranges [list {0x40000000 0xbfffffff}]
configparams force-mem-access 1
targets -set -nocase -filter {name =~"APU*" && jtag_cable_name =~ "Digilent Zybo Z7 210351A78190A"} -index 0
ps7_init
ps7_post_config
targets -set -nocase -filter {name =~ "ARM*#0" && jtag_cable_name =~ "Digilent Zybo Z7 210351A78190A"} -index 0
dow C:/Users/Riya_Sachdeva/Desktop/ELD_Lab/FFT_HP_Port/FFT_HP_Port.sdk/FFT_HP_Port/Debug/FFT_HP_Port.elf
configparams force-mem-access 0
----------------End of Script----------------

14:08:57 INFO  : Memory regions updated for context APU
14:08:57 INFO  : Context for processor 'ps7_cortexa9_0' is selected.
14:08:58 INFO  : 'con' command is executed.
14:08:58 INFO  : ----------------XSDB Script (After Launch)----------------
targets -set -nocase -filter {name =~ "ARM*#0" && jtag_cable_name =~ "Digilent Zybo Z7 210351A78190A"} -index 0
con
----------------End of Script----------------

14:08:58 INFO  : Launch script is exported to file 'C:\Users\Riya_Sachdeva\Desktop\ELD_Lab\FFT_HP_Port\FFT_HP_Port.sdk\.sdk\launch_scripts\xilinx_c-c++_application_(system_debugger)\system_debugger_using_debug_fft_hp_port.elf_on_remotebd.tcl'
14:13:13 INFO  : Disconnected from the channel tcfchan#3.
14:13:14 INFO  : Connected through redirection to target on host '192.168.226.142' and port '65228'.
14:13:14 INFO  : Jtag cable 'Digilent Zybo Z7 210351A78190A' is selected.
14:13:14 INFO  : 'jtag frequency' command is executed.
14:13:14 INFO  : Sourcing of 'C:/Users/Riya_Sachdeva/Desktop/ELD_Lab/FFT_HP_Port/FFT_HP_Port.sdk/design_1_wrapper_hw_platform_0/ps7_init.tcl' is done.
14:13:14 INFO  : Context for 'APU' is selected.
14:13:15 INFO  : System reset is completed.
14:13:18 INFO  : 'after 3000' command is executed.
14:13:18 INFO  : 'targets -set -filter {jtag_cable_name =~ "Digilent Zybo Z7 210351A78190A" && level==0} -index 1' command is executed.
14:13:19 INFO  : FPGA configured successfully with bitstream "C:/Users/Riya_Sachdeva/Desktop/ELD_Lab/FFT_HP_Port/FFT_HP_Port.sdk/design_1_wrapper_hw_platform_0/design_1_wrapper.bit"
14:13:19 INFO  : Context for 'APU' is selected.
14:13:22 INFO  : Hardware design information is loaded from 'C:/Users/Riya_Sachdeva/Desktop/ELD_Lab/FFT_HP_Port/FFT_HP_Port.sdk/design_1_wrapper_hw_platform_0/system.hdf'.
14:13:22 INFO  : 'configparams force-mem-access 1' command is executed.
14:13:22 INFO  : Context for 'APU' is selected.
14:13:24 INFO  : 'ps7_init' command is executed.
14:13:24 INFO  : 'ps7_post_config' command is executed.
14:13:24 INFO  : Context for processor 'ps7_cortexa9_0' is selected.
14:13:24 INFO  : The application 'C:/Users/Riya_Sachdeva/Desktop/ELD_Lab/FFT_HP_Port/FFT_HP_Port.sdk/FFT_HP_Port/Debug/FFT_HP_Port.elf' is downloaded to processor 'ps7_cortexa9_0'.
14:13:24 INFO  : 'configparams force-mem-access 0' command is executed.
14:13:24 INFO  : ----------------XSDB Script----------------
connect -path [list tcp::1534 tcp:192.168.226.142:65228]
source C:/Users/Riya_Sachdeva/Desktop/ELD_Lab/FFT_HP_Port/FFT_HP_Port.sdk/design_1_wrapper_hw_platform_0/ps7_init.tcl
targets -set -nocase -filter {name =~"APU*" && jtag_cable_name =~ "Digilent Zybo Z7 210351A78190A"} -index 0
rst -system
after 3000
targets -set -filter {jtag_cable_name =~ "Digilent Zybo Z7 210351A78190A" && level==0} -index 1
fpga -file C:/Users/Riya_Sachdeva/Desktop/ELD_Lab/FFT_HP_Port/FFT_HP_Port.sdk/design_1_wrapper_hw_platform_0/design_1_wrapper.bit
targets -set -nocase -filter {name =~"APU*" && jtag_cable_name =~ "Digilent Zybo Z7 210351A78190A"} -index 0
loadhw -hw C:/Users/Riya_Sachdeva/Desktop/ELD_Lab/FFT_HP_Port/FFT_HP_Port.sdk/design_1_wrapper_hw_platform_0/system.hdf -mem-ranges [list {0x40000000 0xbfffffff}]
configparams force-mem-access 1
targets -set -nocase -filter {name =~"APU*" && jtag_cable_name =~ "Digilent Zybo Z7 210351A78190A"} -index 0
ps7_init
ps7_post_config
targets -set -nocase -filter {name =~ "ARM*#0" && jtag_cable_name =~ "Digilent Zybo Z7 210351A78190A"} -index 0
dow C:/Users/Riya_Sachdeva/Desktop/ELD_Lab/FFT_HP_Port/FFT_HP_Port.sdk/FFT_HP_Port/Debug/FFT_HP_Port.elf
configparams force-mem-access 0
----------------End of Script----------------

14:13:24 INFO  : Memory regions updated for context APU
14:13:25 INFO  : Context for processor 'ps7_cortexa9_0' is selected.
14:13:25 INFO  : 'con' command is executed.
14:13:25 INFO  : ----------------XSDB Script (After Launch)----------------
targets -set -nocase -filter {name =~ "ARM*#0" && jtag_cable_name =~ "Digilent Zybo Z7 210351A78190A"} -index 0
con
----------------End of Script----------------

14:13:25 INFO  : Launch script is exported to file 'C:\Users\Riya_Sachdeva\Desktop\ELD_Lab\FFT_HP_Port\FFT_HP_Port.sdk\.sdk\launch_scripts\xilinx_c-c++_application_(system_debugger)\system_debugger_using_debug_fft_hp_port.elf_on_remotebd.tcl'
14:15:05 WARN  : channel "tcfchan#4" closed
15:34:23 INFO  : Registering command handlers for SDK TCF services
15:34:24 INFO  : Launching XSCT server: xsct.bat -interactive C:\Users\Riya_Sachdeva\Desktop\ELD_Lab\FFT_HP_Port\FFT_HP_Port.sdk\temp_xsdb_launch_script.tcl
15:34:27 INFO  : XSCT server has started successfully.
15:34:27 INFO  : Successfully done setting XSCT server connection channel  
15:34:27 INFO  : Successfully done setting SDK workspace  
15:34:27 INFO  : Processing command line option -hwspec C:/Users/Riya_Sachdeva/Desktop/ELD_Lab/FFT_HP_Port/FFT_HP_Port.sdk/design_1_wrapper.hdf.
15:34:27 INFO  : Checking for hwspec changes in the project design_1_wrapper_hw_platform_0.
15:39:06 INFO  : Connected through redirection to target on host '192.168.226.142' and port '63641'.
15:39:31 INFO  : ----------------XSDB Script----------------
connect -path [list tcp::1534 tcp:192.168.226.142:63641]
----------------End of Script----------------

15:40:40 INFO  : Connected through redirection to target on host '192.168.226.142' and port '63641'.
15:41:01 INFO  : ----------------XSDB Script----------------
connect -path [list tcp::1534 tcp:192.168.226.142:63641]
----------------End of Script----------------

15:46:15 INFO  : Connected through redirection to target on host '192.168.226.142' and port '52063'.
15:46:15 INFO  : Jtag cable 'Digilent Zybo Z7 210351A78190A' is selected.
15:46:15 INFO  : 'jtag frequency' command is executed.
15:46:15 INFO  : Sourcing of 'C:/Users/Riya_Sachdeva/Desktop/ELD_Lab/FFT_HP_Port/FFT_HP_Port.sdk/design_1_wrapper_hw_platform_0/ps7_init.tcl' is done.
15:46:22 INFO  : Context for 'APU' is selected.
15:46:23 INFO  : System reset is completed.
15:46:26 INFO  : 'after 3000' command is executed.
15:46:33 INFO  : 'targets -set -filter {jtag_cable_name =~ "Digilent Zybo Z7 210351A78190A" && level==0} -index 1' command is executed.
15:46:36 INFO  : FPGA configured successfully with bitstream "C:/Users/Riya_Sachdeva/Desktop/ELD_Lab/FFT_HP_Port/FFT_HP_Port.sdk/design_1_wrapper_hw_platform_0/design_1_wrapper.bit"
15:46:43 INFO  : Context for 'APU' is selected.
15:46:43 INFO  : Hardware design information is loaded from 'C:/Users/Riya_Sachdeva/Desktop/ELD_Lab/FFT_HP_Port/FFT_HP_Port.sdk/design_1_wrapper_hw_platform_0/system.hdf'.
15:46:43 INFO  : 'configparams force-mem-access 1' command is executed.
15:46:43 INFO  : Context for 'APU' is selected.
15:46:47 INFO  : 'ps7_init' command is executed.
15:46:47 INFO  : 'ps7_post_config' command is executed.
15:46:47 INFO  : Context for processor 'ps7_cortexa9_0' is selected.
15:46:47 INFO  : The application 'C:/Users/Riya_Sachdeva/Desktop/ELD_Lab/FFT_HP_Port/FFT_HP_Port.sdk/FFT_HP_Port/Debug/FFT_HP_Port.elf' is downloaded to processor 'ps7_cortexa9_0'.
15:46:47 INFO  : 'configparams force-mem-access 0' command is executed.
15:46:47 INFO  : ----------------XSDB Script----------------
connect -path [list tcp::1534 tcp:192.168.226.142:52063]
source C:/Users/Riya_Sachdeva/Desktop/ELD_Lab/FFT_HP_Port/FFT_HP_Port.sdk/design_1_wrapper_hw_platform_0/ps7_init.tcl
targets -set -nocase -filter {name =~"APU*" && jtag_cable_name =~ "Digilent Zybo Z7 210351A78190A"} -index 0
rst -system
after 3000
targets -set -filter {jtag_cable_name =~ "Digilent Zybo Z7 210351A78190A" && level==0} -index 1
fpga -file C:/Users/Riya_Sachdeva/Desktop/ELD_Lab/FFT_HP_Port/FFT_HP_Port.sdk/design_1_wrapper_hw_platform_0/design_1_wrapper.bit
targets -set -nocase -filter {name =~"APU*" && jtag_cable_name =~ "Digilent Zybo Z7 210351A78190A"} -index 0
loadhw -hw C:/Users/Riya_Sachdeva/Desktop/ELD_Lab/FFT_HP_Port/FFT_HP_Port.sdk/design_1_wrapper_hw_platform_0/system.hdf -mem-ranges [list {0x40000000 0xbfffffff}]
configparams force-mem-access 1
targets -set -nocase -filter {name =~"APU*" && jtag_cable_name =~ "Digilent Zybo Z7 210351A78190A"} -index 0
ps7_init
ps7_post_config
targets -set -nocase -filter {name =~ "ARM*#0" && jtag_cable_name =~ "Digilent Zybo Z7 210351A78190A"} -index 0
dow C:/Users/Riya_Sachdeva/Desktop/ELD_Lab/FFT_HP_Port/FFT_HP_Port.sdk/FFT_HP_Port/Debug/FFT_HP_Port.elf
configparams force-mem-access 0
----------------End of Script----------------

15:46:47 INFO  : Memory regions updated for context APU
15:46:47 INFO  : Context for processor 'ps7_cortexa9_0' is selected.
15:46:47 INFO  : 'con' command is executed.
15:46:47 INFO  : ----------------XSDB Script (After Launch)----------------
targets -set -nocase -filter {name =~ "ARM*#0" && jtag_cable_name =~ "Digilent Zybo Z7 210351A78190A"} -index 0
con
----------------End of Script----------------

15:46:47 INFO  : Launch script is exported to file 'C:\Users\Riya_Sachdeva\Desktop\ELD_Lab\FFT_HP_Port\FFT_HP_Port.sdk\.sdk\launch_scripts\xilinx_c-c++_application_(system_debugger)\system_debugger_using_debug_fft_hp_port.elf_on_remotebd.tcl'
15:48:24 INFO  : Disconnected from the channel tcfchan#2.
15:48:25 INFO  : Connected through redirection to target on host '192.168.226.142' and port '52063'.
15:48:25 INFO  : Jtag cable 'Digilent Zybo Z7 210351A78190A' is selected.
15:48:25 INFO  : 'jtag frequency' command is executed.
15:48:25 INFO  : Sourcing of 'C:/Users/Riya_Sachdeva/Desktop/ELD_Lab/FFT_HP_Port/FFT_HP_Port.sdk/design_1_wrapper_hw_platform_0/ps7_init.tcl' is done.
15:48:25 INFO  : Context for 'APU' is selected.
15:48:26 INFO  : System reset is completed.
15:48:29 INFO  : 'after 3000' command is executed.
15:48:29 INFO  : 'targets -set -filter {jtag_cable_name =~ "Digilent Zybo Z7 210351A78190A" && level==0} -index 1' command is executed.
15:48:30 INFO  : FPGA configured successfully with bitstream "C:/Users/Riya_Sachdeva/Desktop/ELD_Lab/FFT_HP_Port/FFT_HP_Port.sdk/design_1_wrapper_hw_platform_0/design_1_wrapper.bit"
15:48:30 INFO  : Context for 'APU' is selected.
15:48:34 INFO  : Hardware design information is loaded from 'C:/Users/Riya_Sachdeva/Desktop/ELD_Lab/FFT_HP_Port/FFT_HP_Port.sdk/design_1_wrapper_hw_platform_0/system.hdf'.
15:48:34 INFO  : 'configparams force-mem-access 1' command is executed.
15:48:34 INFO  : Context for 'APU' is selected.
15:48:37 INFO  : 'ps7_init' command is executed.
15:48:37 INFO  : 'ps7_post_config' command is executed.
15:48:37 INFO  : Context for processor 'ps7_cortexa9_0' is selected.
15:48:37 INFO  : The application 'C:/Users/Riya_Sachdeva/Desktop/ELD_Lab/FFT_HP_Port/FFT_HP_Port.sdk/FFT_HP_Port/Debug/FFT_HP_Port.elf' is downloaded to processor 'ps7_cortexa9_0'.
15:48:37 INFO  : 'configparams force-mem-access 0' command is executed.
15:48:37 INFO  : ----------------XSDB Script----------------
connect -path [list tcp::1534 tcp:192.168.226.142:52063]
source C:/Users/Riya_Sachdeva/Desktop/ELD_Lab/FFT_HP_Port/FFT_HP_Port.sdk/design_1_wrapper_hw_platform_0/ps7_init.tcl
targets -set -nocase -filter {name =~"APU*" && jtag_cable_name =~ "Digilent Zybo Z7 210351A78190A"} -index 0
rst -system
after 3000
targets -set -filter {jtag_cable_name =~ "Digilent Zybo Z7 210351A78190A" && level==0} -index 1
fpga -file C:/Users/Riya_Sachdeva/Desktop/ELD_Lab/FFT_HP_Port/FFT_HP_Port.sdk/design_1_wrapper_hw_platform_0/design_1_wrapper.bit
targets -set -nocase -filter {name =~"APU*" && jtag_cable_name =~ "Digilent Zybo Z7 210351A78190A"} -index 0
loadhw -hw C:/Users/Riya_Sachdeva/Desktop/ELD_Lab/FFT_HP_Port/FFT_HP_Port.sdk/design_1_wrapper_hw_platform_0/system.hdf -mem-ranges [list {0x40000000 0xbfffffff}]
configparams force-mem-access 1
targets -set -nocase -filter {name =~"APU*" && jtag_cable_name =~ "Digilent Zybo Z7 210351A78190A"} -index 0
ps7_init
ps7_post_config
targets -set -nocase -filter {name =~ "ARM*#0" && jtag_cable_name =~ "Digilent Zybo Z7 210351A78190A"} -index 0
dow C:/Users/Riya_Sachdeva/Desktop/ELD_Lab/FFT_HP_Port/FFT_HP_Port.sdk/FFT_HP_Port/Debug/FFT_HP_Port.elf
configparams force-mem-access 0
----------------End of Script----------------

15:48:37 INFO  : Memory regions updated for context APU
15:48:37 INFO  : Context for processor 'ps7_cortexa9_0' is selected.
15:48:37 INFO  : 'con' command is executed.
15:48:37 INFO  : ----------------XSDB Script (After Launch)----------------
targets -set -nocase -filter {name =~ "ARM*#0" && jtag_cable_name =~ "Digilent Zybo Z7 210351A78190A"} -index 0
con
----------------End of Script----------------

15:48:37 INFO  : Launch script is exported to file 'C:\Users\Riya_Sachdeva\Desktop\ELD_Lab\FFT_HP_Port\FFT_HP_Port.sdk\.sdk\launch_scripts\xilinx_c-c++_application_(system_debugger)\system_debugger_using_debug_fft_hp_port.elf_on_remotebd.tcl'
15:49:30 INFO  : Disconnected from the channel tcfchan#3.
15:50:32 INFO  : Registering command handlers for SDK TCF services
15:50:33 INFO  : Launching XSCT server: xsct.bat -interactive C:\Users\Riya_Sachdeva\Desktop\ELD_Lab\FFT_HP_Port\FFT_HP_Port.sdk\temp_xsdb_launch_script.tcl
15:50:35 INFO  : XSCT server has started successfully.
15:50:35 INFO  : Successfully done setting XSCT server connection channel  
15:50:35 INFO  : Successfully done setting SDK workspace  
15:50:35 INFO  : Processing command line option -hwspec C:/Users/Riya_Sachdeva/Desktop/ELD_Lab/FFT_HP_Port/FFT_HP_Port.sdk/design_1_wrapper.hdf.
15:50:36 INFO  : Checking for hwspec changes in the project design_1_wrapper_hw_platform_0.
15:51:02 INFO  : Connected through redirection to target on host '192.168.226.142' and port '52063'.
15:51:02 INFO  : Jtag cable 'Digilent Zybo Z7 210351A78190A' is selected.
15:51:02 INFO  : 'jtag frequency' command is executed.
15:51:02 INFO  : Sourcing of 'C:/Users/Riya_Sachdeva/Desktop/ELD_Lab/FFT_HP_Port/FFT_HP_Port.sdk/design_1_wrapper_hw_platform_0/ps7_init.tcl' is done.
15:51:02 INFO  : Context for 'APU' is selected.
15:51:02 INFO  : System reset is completed.
15:51:05 INFO  : 'after 3000' command is executed.
15:51:06 INFO  : 'targets -set -filter {jtag_cable_name =~ "Digilent Zybo Z7 210351A78190A" && level==0} -index 1' command is executed.
15:51:07 INFO  : FPGA configured successfully with bitstream "C:/Users/Riya_Sachdeva/Desktop/ELD_Lab/FFT_HP_Port/FFT_HP_Port.sdk/design_1_wrapper_hw_platform_0/design_1_wrapper.bit"
15:51:07 INFO  : Context for 'APU' is selected.
15:51:07 INFO  : Hardware design information is loaded from 'C:/Users/Riya_Sachdeva/Desktop/ELD_Lab/FFT_HP_Port/FFT_HP_Port.sdk/design_1_wrapper_hw_platform_0/system.hdf'.
15:51:07 INFO  : 'configparams force-mem-access 1' command is executed.
15:51:07 INFO  : Context for 'APU' is selected.
15:51:10 INFO  : 'ps7_init' command is executed.
15:51:10 INFO  : 'ps7_post_config' command is executed.
15:51:10 INFO  : Context for processor 'ps7_cortexa9_0' is selected.
15:51:11 INFO  : The application 'C:/Users/Riya_Sachdeva/Desktop/ELD_Lab/FFT_HP_Port/FFT_HP_Port.sdk/FFT_HP_Port/Debug/FFT_HP_Port.elf' is downloaded to processor 'ps7_cortexa9_0'.
15:51:11 INFO  : 'configparams force-mem-access 0' command is executed.
15:51:11 INFO  : ----------------XSDB Script----------------
connect -path [list tcp::1534 tcp:192.168.226.142:52063]
source C:/Users/Riya_Sachdeva/Desktop/ELD_Lab/FFT_HP_Port/FFT_HP_Port.sdk/design_1_wrapper_hw_platform_0/ps7_init.tcl
targets -set -nocase -filter {name =~"APU*" && jtag_cable_name =~ "Digilent Zybo Z7 210351A78190A"} -index 0
rst -system
after 3000
targets -set -filter {jtag_cable_name =~ "Digilent Zybo Z7 210351A78190A" && level==0} -index 1
fpga -file C:/Users/Riya_Sachdeva/Desktop/ELD_Lab/FFT_HP_Port/FFT_HP_Port.sdk/design_1_wrapper_hw_platform_0/design_1_wrapper.bit
targets -set -nocase -filter {name =~"APU*" && jtag_cable_name =~ "Digilent Zybo Z7 210351A78190A"} -index 0
loadhw -hw C:/Users/Riya_Sachdeva/Desktop/ELD_Lab/FFT_HP_Port/FFT_HP_Port.sdk/design_1_wrapper_hw_platform_0/system.hdf -mem-ranges [list {0x40000000 0xbfffffff}]
configparams force-mem-access 1
targets -set -nocase -filter {name =~"APU*" && jtag_cable_name =~ "Digilent Zybo Z7 210351A78190A"} -index 0
ps7_init
ps7_post_config
targets -set -nocase -filter {name =~ "ARM*#0" && jtag_cable_name =~ "Digilent Zybo Z7 210351A78190A"} -index 0
dow C:/Users/Riya_Sachdeva/Desktop/ELD_Lab/FFT_HP_Port/FFT_HP_Port.sdk/FFT_HP_Port/Debug/FFT_HP_Port.elf
configparams force-mem-access 0
----------------End of Script----------------

15:51:11 INFO  : Memory regions updated for context APU
15:51:11 INFO  : Context for processor 'ps7_cortexa9_0' is selected.
15:51:11 INFO  : 'con' command is executed.
15:51:11 INFO  : ----------------XSDB Script (After Launch)----------------
targets -set -nocase -filter {name =~ "ARM*#0" && jtag_cable_name =~ "Digilent Zybo Z7 210351A78190A"} -index 0
con
----------------End of Script----------------

15:51:11 INFO  : Launch script is exported to file 'C:\Users\Riya_Sachdeva\Desktop\ELD_Lab\FFT_HP_Port\FFT_HP_Port.sdk\.sdk\launch_scripts\xilinx_c-c++_application_(system_debugger)\system_debugger_using_debug_fft_hp_port.elf_on_remotebd.tcl'
15:53:31 INFO  : Disconnected from the channel tcfchan#1.
