19:33:22 INFO  : Registering command handlers for SDK TCF services
19:33:23 INFO  : Launching XSCT server: xsct.bat -interactive C:\Users\Riya_Sachdeva\Desktop\ELD_Lab\Lab9_8_FFT\Lab9_8_FFT.sdk\temp_xsdb_launch_script.tcl
19:33:26 INFO  : XSCT server has started successfully.
19:33:30 INFO  : Successfully done setting XSCT server connection channel  
19:33:30 INFO  : Successfully done setting SDK workspace  
19:33:30 INFO  : Processing command line option -hwspec C:/Users/Riya_Sachdeva/Desktop/ELD_Lab/Lab9_8_FFT/Lab9_8_FFT.sdk/design_1_wrapper.hdf.
19:34:35 INFO  : Refreshed build settings on project Lab9_FFT_8
20:21:56 INFO  : Connected through redirection to target on host '192.168.226.142' and port '54911'.
20:22:06 INFO  : Jtag cable 'Digilent Zybo Z7 210351A78181A' is selected.
20:22:06 INFO  : 'jtag frequency' command is executed.
20:22:06 INFO  : Sourcing of 'C:/Users/Riya_Sachdeva/Desktop/ELD_Lab/Lab9_8_FFT/Lab9_8_FFT.sdk/design_1_wrapper_hw_platform_0/ps7_init.tcl' is done.
20:22:06 INFO  : Context for 'APU' is selected.
20:22:07 INFO  : System reset is completed.
20:22:10 INFO  : 'after 3000' command is executed.
20:22:10 INFO  : Context for 'APU' is selected.
20:22:10 INFO  : Hardware design information is loaded from 'C:/Users/Riya_Sachdeva/Desktop/ELD_Lab/Lab9_8_FFT/Lab9_8_FFT.sdk/design_1_wrapper_hw_platform_0/system.hdf'.
20:22:10 INFO  : 'configparams force-mem-access 1' command is executed.
20:22:10 INFO  : Context for 'APU' is selected.
20:22:14 INFO  : 'ps7_init' command is executed.
20:22:14 INFO  : 'ps7_post_config' command is executed.
20:22:14 INFO  : Context for processor 'ps7_cortexa9_0' is selected.
20:22:14 INFO  : The application 'C:/Users/Riya_Sachdeva/Desktop/ELD_Lab/Lab9_8_FFT/Lab9_8_FFT.sdk/Lab9_FFT_8/Debug/Lab9_FFT_8.elf' is downloaded to processor 'ps7_cortexa9_0'.
20:22:14 INFO  : 'configparams force-mem-access 0' command is executed.
20:22:14 INFO  : ----------------XSDB Script----------------
connect -path [list tcp::1534 tcp:192.168.226.142:54911]
source C:/Users/Riya_Sachdeva/Desktop/ELD_Lab/Lab9_8_FFT/Lab9_8_FFT.sdk/design_1_wrapper_hw_platform_0/ps7_init.tcl
targets -set -nocase -filter {name =~"APU*" && jtag_cable_name =~ "Digilent Zybo Z7 210351A78181A"} -index 0
rst -system
after 3000
targets -set -nocase -filter {name =~"APU*" && jtag_cable_name =~ "Digilent Zybo Z7 210351A78181A"} -index 0
loadhw -hw C:/Users/Riya_Sachdeva/Desktop/ELD_Lab/Lab9_8_FFT/Lab9_8_FFT.sdk/design_1_wrapper_hw_platform_0/system.hdf -mem-ranges [list {0x40000000 0xbfffffff}]
configparams force-mem-access 1
targets -set -nocase -filter {name =~"APU*" && jtag_cable_name =~ "Digilent Zybo Z7 210351A78181A"} -index 0
ps7_init
ps7_post_config
targets -set -nocase -filter {name =~ "ARM*#0" && jtag_cable_name =~ "Digilent Zybo Z7 210351A78181A"} -index 0
dow C:/Users/Riya_Sachdeva/Desktop/ELD_Lab/Lab9_8_FFT/Lab9_8_FFT.sdk/Lab9_FFT_8/Debug/Lab9_FFT_8.elf
configparams force-mem-access 0
----------------End of Script----------------

20:22:15 INFO  : Context for processor 'ps7_cortexa9_0' is selected.
20:22:15 INFO  : 'con' command is executed.
20:22:15 INFO  : ----------------XSDB Script (After Launch)----------------
targets -set -nocase -filter {name =~ "ARM*#0" && jtag_cable_name =~ "Digilent Zybo Z7 210351A78181A"} -index 0
con
----------------End of Script----------------

20:22:15 INFO  : Launch script is exported to file 'C:\Users\Riya_Sachdeva\Desktop\ELD_Lab\Lab9_8_FFT\Lab9_8_FFT.sdk\.sdk\launch_scripts\xilinx_c-c++_application_(system_debugger)\system_debugger_using_debug_lab9_fft_8.elf_on_remotebd.tcl'
20:25:02 INFO  : Disconnected from the channel tcfchan#1.
20:25:17 INFO  : Registering command handlers for SDK TCF services
20:25:18 INFO  : Launching XSCT server: xsct.bat -interactive C:\Users\Riya_Sachdeva\Desktop\ELD_Lab\Lab9_8_FFT\Lab9_8_FFT.sdk\temp_xsdb_launch_script.tcl
20:25:20 INFO  : XSCT server has started successfully.
20:25:20 INFO  : Successfully done setting XSCT server connection channel  
20:25:20 INFO  : Successfully done setting SDK workspace  
20:25:20 INFO  : Processing command line option -hwspec C:/Users/Riya_Sachdeva/Desktop/ELD_Lab/Lab9_8_FFT/Lab9_8_FFT.sdk/design_1_wrapper.hdf.
20:25:20 INFO  : Checking for hwspec changes in the project design_1_wrapper_hw_platform_0.
14:27:48 INFO  : Registering command handlers for SDK TCF services
14:27:49 INFO  : Launching XSCT server: xsct.bat -interactive C:\Users\Riya_Sachdeva\Desktop\ELD_Lab\Lab9_8_FFT\Lab9_8_FFT.sdk\temp_xsdb_launch_script.tcl
14:27:52 INFO  : XSCT server has started successfully.
14:27:56 INFO  : Successfully done setting XSCT server connection channel  
14:27:56 INFO  : Successfully done setting SDK workspace  
14:27:56 INFO  : Processing command line option -hwspec C:/Users/Riya_Sachdeva/Desktop/ELD_Lab/Lab9_8_FFT/Lab9_8_FFT.sdk/design_1_wrapper.hdf.
14:27:56 INFO  : Checking for hwspec changes in the project design_1_wrapper_hw_platform_0.
15:53:19 INFO  : Registering command handlers for SDK TCF services
15:53:20 INFO  : Launching XSCT server: xsct.bat -interactive C:\Users\Riya_Sachdeva\Desktop\ELD_Lab\Lab9_8_FFT\Lab9_8_FFT.sdk\temp_xsdb_launch_script.tcl
15:53:22 INFO  : XSCT server has started successfully.
15:53:22 INFO  : Successfully done setting XSCT server connection channel  
15:53:22 INFO  : Successfully done setting SDK workspace  
15:53:22 INFO  : Processing command line option -hwspec C:/Users/Riya_Sachdeva/Desktop/ELD_Lab/Lab9_8_FFT/Lab9_8_FFT.sdk/design_1_wrapper.hdf.
15:53:22 INFO  : Checking for hwspec changes in the project design_1_wrapper_hw_platform_0.
16:16:49 INFO  : Connected through redirection to target on host '192.168.226.142' and port '52642'.
16:17:01 INFO  : ----------------XSDB Script----------------
connect -path [list tcp::1534 tcp:192.168.226.142:52642]
----------------End of Script----------------

16:17:47 INFO  : Connected through redirection to target on host '192.168.226.142' and port '52642'.
16:17:57 INFO  : ----------------XSDB Script----------------
connect -path [list tcp::1534 tcp:192.168.226.142:52642]
----------------End of Script----------------

16:18:48 INFO  : Connected through redirection to target on host '192.168.226.142' and port '52642'.
16:18:57 INFO  : ----------------XSDB Script----------------
connect -path [list tcp::1534 tcp:192.168.226.142:52642]
----------------End of Script----------------

16:39:05 INFO  : Connected through redirection to target on host '192.168.226.142' and port '61158'.
16:39:06 INFO  : Jtag cable 'Digilent Zybo Z7 210351A78190A' is selected.
16:39:06 INFO  : 'jtag frequency' command is executed.
16:39:06 INFO  : Sourcing of 'C:/Users/Riya_Sachdeva/Desktop/ELD_Lab/Lab9_8_FFT/Lab9_8_FFT.sdk/design_1_wrapper_hw_platform_0/ps7_init.tcl' is done.
16:39:06 INFO  : Context for 'APU' is selected.
16:39:06 INFO  : System reset is completed.
16:39:09 INFO  : 'after 3000' command is executed.
16:39:09 INFO  : Context for 'APU' is selected.
16:39:09 INFO  : Hardware design information is loaded from 'C:/Users/Riya_Sachdeva/Desktop/ELD_Lab/Lab9_8_FFT/Lab9_8_FFT.sdk/design_1_wrapper_hw_platform_0/system.hdf'.
16:39:09 INFO  : 'configparams force-mem-access 1' command is executed.
16:39:09 INFO  : Context for 'APU' is selected.
16:39:17 INFO  : 'ps7_init' command is executed.
16:39:17 INFO  : 'ps7_post_config' command is executed.
16:39:17 INFO  : Context for processor 'ps7_cortexa9_0' is selected.
16:39:17 INFO  : The application 'C:/Users/Riya_Sachdeva/Desktop/ELD_Lab/Lab9_8_FFT/Lab9_8_FFT.sdk/Lab9_FFT_8/Debug/Lab9_FFT_8.elf' is downloaded to processor 'ps7_cortexa9_0'.
16:39:17 INFO  : 'configparams force-mem-access 0' command is executed.
16:39:17 INFO  : ----------------XSDB Script----------------
connect -path [list tcp::1534 tcp:192.168.226.142:61158]
source C:/Users/Riya_Sachdeva/Desktop/ELD_Lab/Lab9_8_FFT/Lab9_8_FFT.sdk/design_1_wrapper_hw_platform_0/ps7_init.tcl
targets -set -nocase -filter {name =~"APU*" && jtag_cable_name =~ "Digilent Zybo Z7 210351A78190A"} -index 0
rst -system
after 3000
targets -set -nocase -filter {name =~"APU*" && jtag_cable_name =~ "Digilent Zybo Z7 210351A78190A"} -index 0
loadhw -hw C:/Users/Riya_Sachdeva/Desktop/ELD_Lab/Lab9_8_FFT/Lab9_8_FFT.sdk/design_1_wrapper_hw_platform_0/system.hdf -mem-ranges [list {0x40000000 0xbfffffff}]
configparams force-mem-access 1
targets -set -nocase -filter {name =~"APU*" && jtag_cable_name =~ "Digilent Zybo Z7 210351A78190A"} -index 0
ps7_init
ps7_post_config
targets -set -nocase -filter {name =~ "ARM*#0" && jtag_cable_name =~ "Digilent Zybo Z7 210351A78190A"} -index 0
dow C:/Users/Riya_Sachdeva/Desktop/ELD_Lab/Lab9_8_FFT/Lab9_8_FFT.sdk/Lab9_FFT_8/Debug/Lab9_FFT_8.elf
configparams force-mem-access 0
----------------End of Script----------------

16:39:17 INFO  : Context for processor 'ps7_cortexa9_0' is selected.
16:39:18 INFO  : 'con' command is executed.
16:39:18 INFO  : ----------------XSDB Script (After Launch)----------------
targets -set -nocase -filter {name =~ "ARM*#0" && jtag_cable_name =~ "Digilent Zybo Z7 210351A78190A"} -index 0
con
----------------End of Script----------------

16:39:18 INFO  : Launch script is exported to file 'C:\Users\Riya_Sachdeva\Desktop\ELD_Lab\Lab9_8_FFT\Lab9_8_FFT.sdk\.sdk\launch_scripts\xilinx_c-c++_application_(system_debugger)\system_debugger_using_debug_lab9_fft_8.elf_on_remotebd.tcl'
16:41:42 INFO  : Disconnected from the channel tcfchan#2.
10:09:11 INFO  : Registering command handlers for SDK TCF services
10:09:12 INFO  : Launching XSCT server: xsct.bat -interactive C:\Users\Riya_Sachdeva\Desktop\ELD_Lab\Lab9_8_FFT\Lab9_8_FFT.sdk\temp_xsdb_launch_script.tcl
10:09:14 INFO  : XSCT server has started successfully.
10:09:14 INFO  : Successfully done setting XSCT server connection channel  
10:09:14 INFO  : Successfully done setting SDK workspace  
10:09:14 INFO  : Processing command line option -hwspec C:/Users/Riya_Sachdeva/Desktop/ELD_Lab/Lab9_8_FFT/Lab9_8_FFT.sdk/design_1_wrapper.hdf.
10:09:14 INFO  : Checking for hwspec changes in the project design_1_wrapper_hw_platform_0.
12:43:50 INFO  : Registering command handlers for SDK TCF services
12:43:51 INFO  : Launching XSCT server: xsct.bat -interactive C:\Users\Riya_Sachdeva\Desktop\ELD_Lab\Lab9_8_FFT\Lab9_8_FFT.sdk\temp_xsdb_launch_script.tcl
12:43:54 INFO  : XSCT server has started successfully.
12:43:58 INFO  : Successfully done setting XSCT server connection channel  
12:43:58 INFO  : Successfully done setting SDK workspace  
12:43:58 INFO  : Processing command line option -hwspec C:/Users/Riya_Sachdeva/Desktop/ELD_Lab/Lab9_8_FFT/Lab9_8_FFT.sdk/design_1_wrapper.hdf.
12:43:58 INFO  : Checking for hwspec changes in the project design_1_wrapper_hw_platform_0.
12:53:10 INFO  : Connected through redirection to target on host '192.168.226.142' and port '57295'.
12:53:18 INFO  : Jtag cable 'Digilent Zybo Z7 210351A78181A' is selected.
12:53:18 INFO  : 'jtag frequency' command is executed.
12:53:18 INFO  : Sourcing of 'C:/Users/Riya_Sachdeva/Desktop/ELD_Lab/Lab9_8_FFT/Lab9_8_FFT.sdk/design_1_wrapper_hw_platform_0/ps7_init.tcl' is done.
12:53:18 INFO  : Context for 'APU' is selected.
12:53:18 INFO  : System reset is completed.
12:53:21 INFO  : 'after 3000' command is executed.
12:53:21 INFO  : Context for 'APU' is selected.
12:53:21 INFO  : Hardware design information is loaded from 'C:/Users/Riya_Sachdeva/Desktop/ELD_Lab/Lab9_8_FFT/Lab9_8_FFT.sdk/design_1_wrapper_hw_platform_0/system.hdf'.
12:53:21 INFO  : 'configparams force-mem-access 1' command is executed.
12:53:21 INFO  : Context for 'APU' is selected.
12:53:24 INFO  : 'ps7_init' command is executed.
12:53:24 INFO  : 'ps7_post_config' command is executed.
12:53:24 INFO  : Context for processor 'ps7_cortexa9_0' is selected.
12:53:24 INFO  : The application 'C:/Users/Riya_Sachdeva/Desktop/ELD_Lab/Lab9_8_FFT/Lab9_8_FFT.sdk/Lab9_FFT_8/Debug/Lab9_FFT_8.elf' is downloaded to processor 'ps7_cortexa9_0'.
12:53:24 INFO  : 'configparams force-mem-access 0' command is executed.
12:53:24 INFO  : ----------------XSDB Script----------------
connect -path [list tcp::1534 tcp:192.168.226.142:57295]
source C:/Users/Riya_Sachdeva/Desktop/ELD_Lab/Lab9_8_FFT/Lab9_8_FFT.sdk/design_1_wrapper_hw_platform_0/ps7_init.tcl
targets -set -nocase -filter {name =~"APU*" && jtag_cable_name =~ "Digilent Zybo Z7 210351A78181A"} -index 0
rst -system
after 3000
targets -set -nocase -filter {name =~"APU*" && jtag_cable_name =~ "Digilent Zybo Z7 210351A78181A"} -index 0
loadhw -hw C:/Users/Riya_Sachdeva/Desktop/ELD_Lab/Lab9_8_FFT/Lab9_8_FFT.sdk/design_1_wrapper_hw_platform_0/system.hdf -mem-ranges [list {0x40000000 0xbfffffff}]
configparams force-mem-access 1
targets -set -nocase -filter {name =~"APU*" && jtag_cable_name =~ "Digilent Zybo Z7 210351A78181A"} -index 0
ps7_init
ps7_post_config
targets -set -nocase -filter {name =~ "ARM*#0" && jtag_cable_name =~ "Digilent Zybo Z7 210351A78181A"} -index 0
dow C:/Users/Riya_Sachdeva/Desktop/ELD_Lab/Lab9_8_FFT/Lab9_8_FFT.sdk/Lab9_FFT_8/Debug/Lab9_FFT_8.elf
configparams force-mem-access 0
----------------End of Script----------------

12:53:24 INFO  : Context for processor 'ps7_cortexa9_0' is selected.
12:53:24 INFO  : 'con' command is executed.
12:53:24 INFO  : ----------------XSDB Script (After Launch)----------------
targets -set -nocase -filter {name =~ "ARM*#0" && jtag_cable_name =~ "Digilent Zybo Z7 210351A78181A"} -index 0
con
----------------End of Script----------------

12:53:24 INFO  : Launch script is exported to file 'C:\Users\Riya_Sachdeva\Desktop\ELD_Lab\Lab9_8_FFT\Lab9_8_FFT.sdk\.sdk\launch_scripts\xilinx_c-c++_application_(system_debugger)\system_debugger_using_debug_lab9_fft_8.elf_on_remotebd.tcl'
12:59:54 INFO  : Disconnected from the channel tcfchan#1.
