10:13:42 INFO  : Registering command handlers for SDK TCF services
10:13:43 INFO  : Launching XSCT server: xsct.bat -interactive C:\Users\Riya_Sachdeva\Desktop\ELD_Lab\Lab8_hw\Lab8_hw.sdk\temp_xsdb_launch_script.tcl
10:13:47 INFO  : XSCT server has started successfully.
10:13:51 INFO  : Successfully done setting XSCT server connection channel  
10:13:51 INFO  : Successfully done setting SDK workspace  
10:13:51 INFO  : Processing command line option -hwspec C:/Users/Riya_Sachdeva/Desktop/ELD_Lab/Lab8_hw/Lab8_hw.sdk/design_1_wrapper.hdf.
10:24:59 INFO  : Refreshed build settings on project lab8_hw_matrix_mult
10:31:49 INFO  : Connected through redirection to target on host '192.168.226.142' and port '64374'.
10:31:58 INFO  : Jtag cable 'Digilent Zybo Z7 210351A78181A' is selected.
10:31:58 INFO  : 'jtag frequency' command is executed.
10:31:58 INFO  : Sourcing of 'C:/Users/Riya_Sachdeva/Desktop/ELD_Lab/Lab8_hw/Lab8_hw.sdk/design_1_wrapper_hw_platform_0/ps7_init.tcl' is done.
10:31:58 INFO  : Context for 'APU' is selected.
10:31:59 INFO  : System reset is completed.
10:32:02 INFO  : 'after 3000' command is executed.
10:32:02 INFO  : Context for 'APU' is selected.
10:32:02 INFO  : Hardware design information is loaded from 'C:/Users/Riya_Sachdeva/Desktop/ELD_Lab/Lab8_hw/Lab8_hw.sdk/design_1_wrapper_hw_platform_0/system.hdf'.
10:32:02 INFO  : 'configparams force-mem-access 1' command is executed.
10:32:02 INFO  : Context for 'APU' is selected.
10:32:04 INFO  : 'ps7_init' command is executed.
10:32:04 INFO  : 'ps7_post_config' command is executed.
10:32:04 INFO  : Context for processor 'ps7_cortexa9_0' is selected.
10:32:04 INFO  : The application 'C:/Users/Riya_Sachdeva/Desktop/ELD_Lab/Lab8_hw/Lab8_hw.sdk/lab8_hw_matrix_mult/Debug/lab8_hw_matrix_mult.elf' is downloaded to processor 'ps7_cortexa9_0'.
10:32:04 INFO  : 'configparams force-mem-access 0' command is executed.
10:32:04 INFO  : ----------------XSDB Script----------------
connect -path [list tcp::1534 tcp:192.168.226.142:64374]
source C:/Users/Riya_Sachdeva/Desktop/ELD_Lab/Lab8_hw/Lab8_hw.sdk/design_1_wrapper_hw_platform_0/ps7_init.tcl
targets -set -nocase -filter {name =~"APU*" && jtag_cable_name =~ "Digilent Zybo Z7 210351A78181A"} -index 0
rst -system
after 3000
targets -set -nocase -filter {name =~"APU*" && jtag_cable_name =~ "Digilent Zybo Z7 210351A78181A"} -index 0
loadhw -hw C:/Users/Riya_Sachdeva/Desktop/ELD_Lab/Lab8_hw/Lab8_hw.sdk/design_1_wrapper_hw_platform_0/system.hdf -mem-ranges [list {0x40000000 0xbfffffff}]
configparams force-mem-access 1
targets -set -nocase -filter {name =~"APU*" && jtag_cable_name =~ "Digilent Zybo Z7 210351A78181A"} -index 0
ps7_init
ps7_post_config
targets -set -nocase -filter {name =~ "ARM*#0" && jtag_cable_name =~ "Digilent Zybo Z7 210351A78181A"} -index 0
dow C:/Users/Riya_Sachdeva/Desktop/ELD_Lab/Lab8_hw/Lab8_hw.sdk/lab8_hw_matrix_mult/Debug/lab8_hw_matrix_mult.elf
configparams force-mem-access 0
----------------End of Script----------------

10:32:04 INFO  : Context for processor 'ps7_cortexa9_0' is selected.
10:32:05 INFO  : 'con' command is executed.
10:32:05 INFO  : ----------------XSDB Script (After Launch)----------------
targets -set -nocase -filter {name =~ "ARM*#0" && jtag_cable_name =~ "Digilent Zybo Z7 210351A78181A"} -index 0
con
----------------End of Script----------------

10:32:05 INFO  : Launch script is exported to file 'C:\Users\Riya_Sachdeva\Desktop\ELD_Lab\Lab8_hw\Lab8_hw.sdk\.sdk\launch_scripts\xilinx_c-c++_application_(system_debugger)\system_debugger_using_debug_lab8_hw_matrix_mult.elf_on_remotebd.tcl'
10:34:24 INFO  : Disconnected from the channel tcfchan#1.
10:34:25 INFO  : Connected through redirection to target on host '192.168.226.142' and port '64374'.
10:34:25 INFO  : Jtag cable 'Digilent Zybo Z7 210351A78181A' is selected.
10:34:25 INFO  : 'jtag frequency' command is executed.
10:34:25 INFO  : Sourcing of 'C:/Users/Riya_Sachdeva/Desktop/ELD_Lab/Lab8_hw/Lab8_hw.sdk/design_1_wrapper_hw_platform_0/ps7_init.tcl' is done.
10:34:25 INFO  : Context for 'APU' is selected.
10:34:25 INFO  : System reset is completed.
10:34:28 INFO  : 'after 3000' command is executed.
10:34:28 INFO  : Context for 'APU' is selected.
10:34:30 INFO  : Hardware design information is loaded from 'C:/Users/Riya_Sachdeva/Desktop/ELD_Lab/Lab8_hw/Lab8_hw.sdk/design_1_wrapper_hw_platform_0/system.hdf'.
10:34:30 ERROR : (XSDB Server)Target doesn't support Jtag Uart

10:34:30 INFO  : 'configparams force-mem-access 1' command is executed.
10:34:30 INFO  : Context for 'APU' is selected.
10:34:32 INFO  : 'ps7_init' command is executed.
10:34:32 INFO  : 'ps7_post_config' command is executed.
10:34:32 INFO  : Context for processor 'ps7_cortexa9_0' is selected.
10:34:32 INFO  : The application 'C:/Users/Riya_Sachdeva/Desktop/ELD_Lab/Lab8_hw/Lab8_hw.sdk/lab8_hw_matrix_mult/Debug/lab8_hw_matrix_mult.elf' is downloaded to processor 'ps7_cortexa9_0'.
10:34:32 INFO  : 'configparams force-mem-access 0' command is executed.
10:34:32 INFO  : ----------------XSDB Script----------------
connect -path [list tcp::1534 tcp:192.168.226.142:64374]
source C:/Users/Riya_Sachdeva/Desktop/ELD_Lab/Lab8_hw/Lab8_hw.sdk/design_1_wrapper_hw_platform_0/ps7_init.tcl
targets -set -nocase -filter {name =~"APU*" && jtag_cable_name =~ "Digilent Zybo Z7 210351A78181A"} -index 0
rst -system
after 3000
targets -set -nocase -filter {name =~"APU*" && jtag_cable_name =~ "Digilent Zybo Z7 210351A78181A"} -index 0
loadhw -hw C:/Users/Riya_Sachdeva/Desktop/ELD_Lab/Lab8_hw/Lab8_hw.sdk/design_1_wrapper_hw_platform_0/system.hdf -mem-ranges [list {0x40000000 0xbfffffff}]
configparams force-mem-access 1
targets -set -nocase -filter {name =~"APU*" && jtag_cable_name =~ "Digilent Zybo Z7 210351A78181A"} -index 0
ps7_init
ps7_post_config
targets -set -nocase -filter {name =~ "ARM*#0" && jtag_cable_name =~ "Digilent Zybo Z7 210351A78181A"} -index 0
dow C:/Users/Riya_Sachdeva/Desktop/ELD_Lab/Lab8_hw/Lab8_hw.sdk/lab8_hw_matrix_mult/Debug/lab8_hw_matrix_mult.elf
configparams force-mem-access 0
----------------End of Script----------------

10:34:32 INFO  : Context for processor 'ps7_cortexa9_0' is selected.
10:34:32 INFO  : 'con' command is executed.
10:34:32 INFO  : ----------------XSDB Script (After Launch)----------------
targets -set -nocase -filter {name =~ "ARM*#0" && jtag_cable_name =~ "Digilent Zybo Z7 210351A78181A"} -index 0
con
----------------End of Script----------------

10:34:32 INFO  : Launch script is exported to file 'C:\Users\Riya_Sachdeva\Desktop\ELD_Lab\Lab8_hw\Lab8_hw.sdk\.sdk\launch_scripts\xilinx_c-c++_application_(system_debugger)\system_debugger_using_debug_lab8_hw_matrix_mult.elf_on_remotebd.tcl'
10:36:11 INFO  : Disconnected from the channel tcfchan#2.
12:44:28 INFO  : Registering command handlers for SDK TCF services
12:44:29 INFO  : Launching XSCT server: xsct.bat -interactive C:\Users\Riya_Sachdeva\Desktop\ELD_Lab\Lab8_hw\Lab8_hw.sdk\temp_xsdb_launch_script.tcl
12:44:33 INFO  : XSCT server has started successfully.
12:44:40 INFO  : Successfully done setting XSCT server connection channel  
12:44:40 INFO  : Successfully done setting SDK workspace  
12:44:40 INFO  : Processing command line option -hwspec C:/Users/Riya_Sachdeva/Desktop/ELD_Lab/Lab8_hw/Lab8_hw.sdk/design_1_wrapper.hdf.
12:44:40 INFO  : Checking for hwspec changes in the project design_1_wrapper_hw_platform_0.
12:46:18 INFO  : Connected through redirection to target on host '192.168.226.142' and port '58338'.
12:46:27 INFO  : Jtag cable 'Digilent Zybo Z7 210351A78191A' is selected.
12:46:27 INFO  : 'jtag frequency' command is executed.
12:46:27 INFO  : Sourcing of 'C:/Users/Riya_Sachdeva/Desktop/ELD_Lab/Lab8_hw/Lab8_hw.sdk/design_1_wrapper_hw_platform_0/ps7_init.tcl' is done.
12:46:35 INFO  : Context for 'APU' is selected.
12:46:35 INFO  : System reset is completed.
12:46:38 INFO  : 'after 3000' command is executed.
12:46:38 INFO  : Context for 'APU' is selected.
12:46:38 INFO  : Hardware design information is loaded from 'C:/Users/Riya_Sachdeva/Desktop/ELD_Lab/Lab8_hw/Lab8_hw.sdk/design_1_wrapper_hw_platform_0/system.hdf'.
12:46:38 INFO  : 'configparams force-mem-access 1' command is executed.
12:46:39 INFO  : Context for 'APU' is selected.
12:46:41 INFO  : 'ps7_init' command is executed.
12:46:41 INFO  : 'ps7_post_config' command is executed.
12:46:41 INFO  : Context for processor 'ps7_cortexa9_0' is selected.
12:46:41 INFO  : The application 'C:/Users/Riya_Sachdeva/Desktop/ELD_Lab/Lab8_hw/Lab8_hw.sdk/lab8_hw_matrix_mult/Debug/lab8_hw_matrix_mult.elf' is downloaded to processor 'ps7_cortexa9_0'.
12:46:41 INFO  : 'configparams force-mem-access 0' command is executed.
12:46:41 INFO  : ----------------XSDB Script----------------
connect -path [list tcp::1534 tcp:192.168.226.142:58338]
source C:/Users/Riya_Sachdeva/Desktop/ELD_Lab/Lab8_hw/Lab8_hw.sdk/design_1_wrapper_hw_platform_0/ps7_init.tcl
targets -set -nocase -filter {name =~"APU*" && jtag_cable_name =~ "Digilent Zybo Z7 210351A78191A"} -index 0
rst -system
after 3000
targets -set -nocase -filter {name =~"APU*" && jtag_cable_name =~ "Digilent Zybo Z7 210351A78191A"} -index 0
loadhw -hw C:/Users/Riya_Sachdeva/Desktop/ELD_Lab/Lab8_hw/Lab8_hw.sdk/design_1_wrapper_hw_platform_0/system.hdf -mem-ranges [list {0x40000000 0xbfffffff}]
configparams force-mem-access 1
targets -set -nocase -filter {name =~"APU*" && jtag_cable_name =~ "Digilent Zybo Z7 210351A78191A"} -index 0
ps7_init
ps7_post_config
targets -set -nocase -filter {name =~ "ARM*#0" && jtag_cable_name =~ "Digilent Zybo Z7 210351A78191A"} -index 0
dow C:/Users/Riya_Sachdeva/Desktop/ELD_Lab/Lab8_hw/Lab8_hw.sdk/lab8_hw_matrix_mult/Debug/lab8_hw_matrix_mult.elf
configparams force-mem-access 0
----------------End of Script----------------

12:46:42 INFO  : Context for processor 'ps7_cortexa9_0' is selected.
12:46:42 INFO  : 'con' command is executed.
12:46:42 INFO  : ----------------XSDB Script (After Launch)----------------
targets -set -nocase -filter {name =~ "ARM*#0" && jtag_cable_name =~ "Digilent Zybo Z7 210351A78191A"} -index 0
con
----------------End of Script----------------

12:46:42 INFO  : Launch script is exported to file 'C:\Users\Riya_Sachdeva\Desktop\ELD_Lab\Lab8_hw\Lab8_hw.sdk\.sdk\launch_scripts\xilinx_c-c++_application_(system_debugger)\system_debugger_using_debug_lab8_hw_matrix_mult.elf_on_remotebd.tcl'
12:58:31 INFO  : Disconnected from the channel tcfchan#1.
12:58:32 INFO  : Connected through redirection to target on host '192.168.226.142' and port '58338'.
12:58:32 INFO  : Jtag cable 'Digilent Zybo Z7 210351A78191A' is selected.
12:58:32 INFO  : 'jtag frequency' command is executed.
12:58:32 INFO  : Sourcing of 'C:/Users/Riya_Sachdeva/Desktop/ELD_Lab/Lab8_hw/Lab8_hw.sdk/design_1_wrapper_hw_platform_0/ps7_init.tcl' is done.
12:58:32 INFO  : Context for 'APU' is selected.
12:58:32 INFO  : System reset is completed.
12:58:35 INFO  : 'after 3000' command is executed.
12:58:36 INFO  : Context for 'APU' is selected.
12:58:37 INFO  : Hardware design information is loaded from 'C:/Users/Riya_Sachdeva/Desktop/ELD_Lab/Lab8_hw/Lab8_hw.sdk/design_1_wrapper_hw_platform_0/system.hdf'.
12:58:37 ERROR : (XSDB Server)Target doesn't support Jtag Uart

12:58:37 INFO  : 'configparams force-mem-access 1' command is executed.
12:58:37 INFO  : Context for 'APU' is selected.
12:58:40 INFO  : 'ps7_init' command is executed.
12:58:40 ERROR : (XSDB Server)Target doesn't support Jtag Uart
12:58:40 ERROR : (XSDB Server)

12:58:40 INFO  : 'ps7_post_config' command is executed.
12:58:40 INFO  : Context for processor 'ps7_cortexa9_0' is selected.
12:58:41 INFO  : The application 'C:/Users/Riya_Sachdeva/Desktop/ELD_Lab/Lab8_hw/Lab8_hw.sdk/lab8_hw_matrix_mult/Debug/lab8_hw_matrix_mult.elf' is downloaded to processor 'ps7_cortexa9_0'.
12:58:41 INFO  : 'configparams force-mem-access 0' command is executed.
12:58:41 INFO  : ----------------XSDB Script----------------
connect -path [list tcp::1534 tcp:192.168.226.142:58338]
source C:/Users/Riya_Sachdeva/Desktop/ELD_Lab/Lab8_hw/Lab8_hw.sdk/design_1_wrapper_hw_platform_0/ps7_init.tcl
targets -set -nocase -filter {name =~"APU*" && jtag_cable_name =~ "Digilent Zybo Z7 210351A78191A"} -index 0
rst -system
after 3000
targets -set -nocase -filter {name =~"APU*" && jtag_cable_name =~ "Digilent Zybo Z7 210351A78191A"} -index 0
loadhw -hw C:/Users/Riya_Sachdeva/Desktop/ELD_Lab/Lab8_hw/Lab8_hw.sdk/design_1_wrapper_hw_platform_0/system.hdf -mem-ranges [list {0x40000000 0xbfffffff}]
configparams force-mem-access 1
targets -set -nocase -filter {name =~"APU*" && jtag_cable_name =~ "Digilent Zybo Z7 210351A78191A"} -index 0
ps7_init
ps7_post_config
targets -set -nocase -filter {name =~ "ARM*#0" && jtag_cable_name =~ "Digilent Zybo Z7 210351A78191A"} -index 0
dow C:/Users/Riya_Sachdeva/Desktop/ELD_Lab/Lab8_hw/Lab8_hw.sdk/lab8_hw_matrix_mult/Debug/lab8_hw_matrix_mult.elf
configparams force-mem-access 0
----------------End of Script----------------

12:58:41 INFO  : Context for processor 'ps7_cortexa9_0' is selected.
12:58:41 INFO  : 'con' command is executed.
12:58:41 INFO  : ----------------XSDB Script (After Launch)----------------
targets -set -nocase -filter {name =~ "ARM*#0" && jtag_cable_name =~ "Digilent Zybo Z7 210351A78191A"} -index 0
con
----------------End of Script----------------

12:58:41 INFO  : Launch script is exported to file 'C:\Users\Riya_Sachdeva\Desktop\ELD_Lab\Lab8_hw\Lab8_hw.sdk\.sdk\launch_scripts\xilinx_c-c++_application_(system_debugger)\system_debugger_using_debug_lab8_hw_matrix_mult.elf_on_remotebd.tcl'
13:49:24 INFO  : Disconnected from the channel tcfchan#2.
